
Processing Fitting/LQ_sys_check.C...
In file included from input_line_10:1:
In file included from /uscms_data/d3/ssekhar/CMSSW_10_5_0/src/LQ_Analysis/DYAna/plots/Fitting/LQ_sys_check.C:6:
/uscms_data/d3/ssekhar/CMSSW_10_5_0/src/LQ_Analysis/DYAna/plots/Fitting/../../utils/PlotUtils.C:172:139: warning: ISO C++11 does not allow conversion from string literal to 'char *' [-Wwritable-strings]
        char axis_label[80], bool logy=false, bool write_out = true, float ratio_min = 0.5, float ratio_max = 1.5, char plot_label[100] = "",
                                                                                                                                          ^
/uscms_data/d3/ssekhar/CMSSW_10_5_0/src/LQ_Analysis/DYAna/plots/Fitting/../../utils/PlotUtils.C:422:26: warning: implicit conversion from 'double' to 'Width_t' (aka 'short') changes value from 2.5 to 2 [-Wliteral-conversion]
    h_data->SetLineWidth(2.5);
            ~~~~~~~~~~~~ ^~~
In file included from input_line_10:1:
/uscms_data/d3/ssekhar/CMSSW_10_5_0/src/LQ_Analysis/DYAna/plots/Fitting/LQ_sys_check.C:29:26: warning: ISO C++11 does not allow conversion from string literal to 'char *' [-Wwritable-strings]
        char *plot_dir = "Misc_plots";
                         ^
/uscms_data/d3/ssekhar/CMSSW_10_5_0/src/LQ_Analysis/DYAna/plots/Fitting/LQ_sys_check.C:31:30: warning: ISO C++11 does not allow conversion from string literal to 'char *' [-Wwritable-strings]
        if(flag_q==2) date = "011923_u";
                             ^
/uscms_data/d3/ssekhar/CMSSW_10_5_0/src/LQ_Analysis/DYAna/plots/Fitting/LQ_sys_check.C:32:14: warning: ISO C++11 does not allow conversion from string literal to 'char *' [-Wwritable-strings]
        else date = "011923_s";
                    ^
Warning in <TH1F::Sumw2>: Sum of squares of weights structure already created
Warning in <TH1F::Sumw2>: Sum of squares of weights structure already created
Info in <TCanvas::Print>: png file Misc_plots/mumu2016_yLQ1.0__RENORM_chk_011923_s.png has been created
Warning in <TCanvas::Constructor>: Deleting canvas with same name: c_mumu
Warning in <TH1F::Sumw2>: Sum of squares of weights structure already created
Warning in <TH1F::Sumw2>: Sum of squares of weights structure already created
Info in <TCanvas::Print>: png file Misc_plots/ee2016_yLQ1.0__RENORM_chk_011923_s.png has been created
Warning in <TCanvas::Constructor>: Deleting canvas with same name: c_mumu
Warning in <TH1F::Sumw2>: Sum of squares of weights structure already created
Warning in <TH1F::Sumw2>: Sum of squares of weights structure already created
Info in <TCanvas::Print>: png file Misc_plots/mumu2016_yLQ1.0__FAC_chk_011923_s.png has been created
Warning in <TCanvas::Constructor>: Deleting canvas with same name: c_mumu
Warning in <TH1F::Sumw2>: Sum of squares of weights structure already created
Warning in <TH1F::Sumw2>: Sum of squares of weights structure already created
Info in <TCanvas::Print>: png file Misc_plots/ee2016_yLQ1.0__FAC_chk_011923_s.png has been created
Warning in <TCanvas::Constructor>: Deleting canvas with same name: c_mumu
Warning in <TH1F::Sumw2>: Sum of squares of weights structure already created
Warning in <TH1F::Sumw2>: Sum of squares of weights structure already created
Info in <TCanvas::Print>: png file Misc_plots/mumu2016_yLQ1.0__REFAC_chk_011923_s.png has been created
Warning in <TCanvas::Constructor>: Deleting canvas with same name: c_mumu
Warning in <TH1F::Sumw2>: Sum of squares of weights structure already created
Warning in <TH1F::Sumw2>: Sum of squares of weights structure already created
Info in <TCanvas::Print>: png file Misc_plots/ee2016_yLQ1.0__REFAC_chk_011923_s.png has been created
Warning in <TCanvas::Constructor>: Deleting canvas with same name: c_mumu
Warning in <TH1F::Sumw2>: Sum of squares of weights structure already created
Warning in <TH1F::Sumw2>: Sum of squares of weights structure already created
Info in <TCanvas::Print>: png file Misc_plots/mumu2016_yLQ1.0__ptrw7b_chk_011923_s.png has been created
Warning in <TCanvas::Constructor>: Deleting canvas with same name: c_mumu
Warning in <TH1F::Sumw2>: Sum of squares of weights structure already created
Warning in <TH1F::Sumw2>: Sum of squares of weights structure already created
Info in <TCanvas::Print>: png file Misc_plots/ee2016_yLQ1.0__ptrw7b_chk_011923_s.png has been created
Warning in <TCanvas::Constructor>: Deleting canvas with same name: c_mumu
Warning in <TH1F::Sumw2>: Sum of squares of weights structure already created
Warning in <TH1F::Sumw2>: Sum of squares of weights structure already created
Info in <TCanvas::Print>: png file Misc_plots/mumu2016_yLQ1.0__ptrw2b_chk_011923_s.png has been created
Warning in <TCanvas::Constructor>: Deleting canvas with same name: c_mumu
Warning in <TH1F::Sumw2>: Sum of squares of weights structure already created
Warning in <TH1F::Sumw2>: Sum of squares of weights structure already created
Info in <TCanvas::Print>: png file Misc_plots/ee2016_yLQ1.0__ptrw2b_chk_011923_s.png has been created
Warning in <TCanvas::Constructor>: Deleting canvas with same name: c_mumu
Warning in <TH1F::Sumw2>: Sum of squares of weights structure already created
Warning in <TH1F::Sumw2>: Sum of squares of weights structure already created
Info in <TCanvas::Print>: png file Misc_plots/mumu2016_yLQ1.0__RENORM_chk_011923_u.png has been created
init year 2016  
Making mumu temps 
Making SM mc template for sys  
MC templates generated from 366768 events. Sym integral is 6167.1 
 
Making LQ mc template for sys  
MC templates generated from 366768 events. LQpure_u_vec integral is 25.3 
 
Making SM mc template for sys _RENORMUp 
MC templates generated from 366768 events. Sym integral is 6255.2 
 
Making LQ mc template for sys _RENORMUp 
MC templates generated from 366768 events. LQpure_u_vec integral is 26.0 
 
Making SM mc template for sys _RENORMDown 
MC templates generated from 366768 events. Sym integral is 5926.8 
 
Making LQ mc template for sys _RENORMDown 
MC templates generated from 366768 events. LQpure_u_vec integral is 24.1 
 
MuMu: nom 23, up 24, down 22 
Making elel temps 
Making SM mc template for sys  
MC templates generated from 257650 events. Sym integral is 4192.2 
 
Making LQ mc template for sys  
MC templates generated from 257650 events. LQpure_u_vec integral is 16.9 
 
Making SM mc template for sys _RENORMUp 
MC templates generated from 257650 events. Sym integral is 4252.1 
 
Making LQ mc template for sys _RENORMUp 
MC templates generated from 257650 events. LQpure_u_vec integral is 17.4 
 
Making SM mc template for sys _RENORMDown 
MC templates generated from 257650 events. Sym integral is 4027.5 
 
Making LQ mc template for sys _RENORMDown 
MC templates generated from 257650 events. LQpure_u_vec integral is 16.2 
 
elel: nom 18, up 19, down 17 
Making mumu temps 
Making SM mc template for sys  
MC templates generated from 366768 events. Sym integral is 6167.1 
 
Making LQ mc template for sys  
MC templates generated from 366768 events. LQpure_u_vec integral is 25.3 
 
Making SM mc template for sys _FACUp 
MC templates generated from 366768 events. Sym integral is 6340.1 
 
Making LQ mc template for sys _FACUp 
MC templates generated from 366768 events. LQpure_u_vec integral is 26.8 
 
Making SM mc template for sys _FACDown 
MC templates generated from 366768 events. Sym integral is 6001.8 
 
Making LQ mc template for sys _FACDown 
MC templates generated from 366768 events. LQpure_u_vec integral is 23.8 
 
MuMu: nom 23, up 24, down 22 
Making elel temps 
Making SM mc template for sys  
MC templates generated from 257650 events. Sym integral is 4192.2 
 
Making LQ mc template for sys  
MC templates generated from 257650 events. LQpure_u_vec integral is 16.9 
 
Making SM mc template for sys _FACUp 
MC templates generated from 257650 events. Sym integral is 4315.8 
 
Making LQ mc template for sys _FACUp 
MC templates generated from 257650 events. LQpure_u_vec integral is 18.0 
 
Making SM mc template for sys _FACDown 
MC templates generated from 257650 events. Sym integral is 4072.3 
 
Making LQ mc template for sys _FACDown 
MC templates generated from 257650 events. LQpure_u_vec integral is 15.8 
 
elel: nom 18, up 19, down 17 
Making mumu temps 
Making SM mc template for sys  
MC templates generated from 366768 events. Sym integral is 6167.1 
 
Making LQ mc template for sys  
MC templates generated from 366768 events. LQpure_u_vec integral is 25.3 
 
Making SM mc template for sys _REFACUp 
MC templates generated from 366768 events. Sym integral is 6434.0 
 
Making LQ mc template for sys _REFACUp 
MC templates generated from 366768 events. LQpure_u_vec integral is 27.6 
 
Making SM mc template for sys _REFACDown 
MC templates generated from 366768 events. Sym integral is 5842.7 
 
Making LQ mc template for sys _REFACDown 
MC templates generated from 366768 events. LQpure_u_vec integral is 23.0 
 
MuMu: nom 23, up 25, down 21 
Making elel temps 
Making SM mc template for sys  
MC templates generated from 257650 events. Sym integral is 4192.2 
 
Making LQ mc template for sys  
MC templates generated from 257650 events. LQpure_u_vec integral is 16.9 
 
Making SM mc template for sys _REFACUp 
MC templates generated from 257650 events. Sym integral is 4378.8 
 
Making LQ mc template for sys _REFACUp 
MC templates generated from 257650 events. LQpure_u_vec integral is 18.6 
 
Making SM mc template for sys _REFACDown 
MC templates generated from 257650 events. Sym integral is 3962.7 
 
Making LQ mc template for sys _REFACDown 
MC templates generated from 257650 events. LQpure_u_vec integral is 15.3 
 
elel: nom 18, up 19, down 17 
Making mumu temps 
Making SM mc template for sys  
MC templates generated from 366768 events. Sym integral is 6167.1 
 
Making LQ mc template for sys  
MC templates generated from 366768 events. LQpure_u_vec integral is 25.3 
 
Making SM mc template for sys _ptrw7bUp 
Doing ptrw sys 7 
MC templates generated from 366768 events. Sym integral is 6218.1 
 
Making LQ mc template for sys _ptrw7bUp 
Doing ptrw sys 7 
MC templates generated from 366768 events. LQpure_u_vec integral is 25.3 
 
Making SM mc template for sys _ptrw7bDown 
Doing ptrw sys -7 
MC templates generated from 366768 events. Sym integral is 6118.6 
 
Making LQ mc template for sys _ptrw7bDown 
Doing ptrw sys -7 
MC templates generated from 366768 events. LQpure_u_vec integral is 25.3 
 
MuMu: nom 23, up 23, down 23 
Making elel temps 
Making SM mc template for sys  
MC templates generated from 257650 events. Sym integral is 4192.2 
 
Making LQ mc template for sys  
MC templates generated from 257650 events. LQpure_u_vec integral is 16.9 
 
Making SM mc template for sys _ptrw7bUp 
Doing ptrw sys 7 
MC templates generated from 257650 events. Sym integral is 4215.1 
 
Making LQ mc template for sys _ptrw7bUp 
Doing ptrw sys 7 
MC templates generated from 257650 events. LQpure_u_vec integral is 16.9 
 
Making SM mc template for sys _ptrw7bDown 
Doing ptrw sys -7 
MC templates generated from 257650 events. Sym integral is 4171.1 
 
Making LQ mc template for sys _ptrw7bDown 
Doing ptrw sys -7 
MC templates generated from 257650 events. LQpure_u_vec integral is 17.0 
 
elel: nom 18, up 18, down 18 
Making mumu temps 
Making SM mc template for sys  
MC templates generated from 366768 events. Sym integral is 6167.1 
 
Making LQ mc template for sys  
MC templates generated from 366768 events. LQpure_u_vec integral is 25.3 
 
Making SM mc template for sys _ptrw2bUp 
Doing ptrw sys 2 
MC templates generated from 366768 events. Sym integral is 6168.5 
 
Making LQ mc template for sys _ptrw2bUp 
Doing ptrw sys 2 
MC templates generated from 366768 events. LQpure_u_vec integral is 25.4 
 
Making SM mc template for sys _ptrw2bDown 
Doing ptrw sys -2 
MC templates generated from 366768 events. Sym integral is 6169.4 
 
Making LQ mc template for sys _ptrw2bDown 
Doing ptrw sys -2 
MC templates generated from 366768 events. LQpure_u_vec integral is 25.2 
 
MuMu: nom 23, up 23, down 23 
Making elel temps 
Making SM mc template for sys  
MC templates generated from 257650 events. Sym integral is 4192.2 
 
Making LQ mc template for sys  
MC templates generated from 257650 events. LQpure_u_vec integral is 16.9 
 
Making SM mc template for sys _ptrw2bUp 
Doing ptrw sys 2 
MC templates generated from 257650 events. Sym integral is 4203.7 
 
Making LQ mc template for sys _ptrw2bUp 
Doing ptrw sys 2 
MC templates generated from 257650 events. LQpure_u_vec integral is 17.1 
 
Making SM mc template for sys _ptrw2bDown 
Doing ptrw sys -2 
MC templates generated from 257650 events. Sym integral is 4183.2 
 
Making LQ mc template for sys _ptrw2bDown 
Doing ptrw sys -2 
MC templates generated from 257650 events. LQpure_u_vec integral is 16.8 
 
elel: nom 18, up 18, down 18 
init year 2016  
Making mumu temps 
Making SM mc template for sys  
MC templates generated from 366768 events. Sym integral is 6167.1 
 
Making LQ mc template for sys  
MC templates generated from 366768 events. LQpure_u_vec integral is 1343.0 
 
Making SM mc template for sys _RENORMUp 
MC templates generated from 366768 events. Sym integral is 6255.2 
 
Making LQ mc template for sys _RENORMUp 
MC templates generated from 366768 events. LQpure_u_vec integral is 1366.2 
 
Making SM mc template for sys _RENORMDown 
MC templates generated from 366768 events. Sym integral is 5926.8 
 
Making LQ mc template for sys _RENORMDown 
MC templates generated from 366768 events. LQpure_u_vec integral is 1283.4 
 
MuMu: nom 397, up 404, down 379 
Making elWarning in <TCanvas::Constructor>: Deleting canvas with same name: c_mumu
Warning in <TH1F::Sumw2>: Sum of squares of weights structure already created
Warning in <TH1F::Sumw2>: Sum of squares of weights structure already created
Info in <TCanvas::Print>: png file Misc_plots/ee2016_yLQ1.0__RENORM_chk_011923_u.png has been created
Warning in <TCanvas::Constructor>: Deleting canvas with same name: c_mumu
Warning in <TH1F::Sumw2>: Sum of squares of weights structure already created
Warning in <TH1F::Sumw2>: Sum of squares of weights structure already created
Info in <TCanvas::Print>: png file Misc_plots/mumu2016_yLQ1.0__FAC_chk_011923_u.png has been created
Warning in <TCanvas::Constructor>: Deleting canvas with same name: c_mumu
Warning in <TH1F::Sumw2>: Sum of squares of weights structure already created
Warning in <TH1F::Sumw2>: Sum of squares of weights structure already created
Info in <TCanvas::Print>: png file Misc_plots/ee2016_yLQ1.0__FAC_chk_011923_u.png has been created
Warning in <TCanvas::Constructor>: Deleting canvas with same name: c_mumu
Warning in <TH1F::Sumw2>: Sum of squares of weights structure already created
Warning in <TH1F::Sumw2>: Sum of squares of weights structure already created
Info in <TCanvas::Print>: png file Misc_plots/mumu2016_yLQ1.0__REFAC_chk_011923_u.png has been created
Warning in <TCanvas::Constructor>: Deleting canvas with same name: c_mumu
Warning in <TH1F::Sumw2>: Sum of squares of weights structure already created
Warning in <TH1F::Sumw2>: Sum of squares of weights structure already created
Info in <TCanvas::Print>: png file Misc_plots/ee2016_yLQ1.0__REFAC_chk_011923_u.png has been created
Warning in <TCanvas::Constructor>: Deleting canvas with same name: c_mumu
Warning in <TH1F::Sumw2>: Sum of squares of weights structure already created
Warning in <TH1F::Sumw2>: Sum of squares of weights structure already created
Info in <TCanvas::Print>: png file Misc_plots/mumu2016_yLQ1.0__ptrw7b_chk_011923_u.png has been created
Warning in <TCanvas::Constructor>: Deleting canvas with same name: c_mumu
Warning in <TH1F::Sumw2>: Sum of squares of weights structure already created
Warning in <TH1F::Sumw2>: Sum of squares of weights structure already created
Info in <TCanvas::Print>: png file Misc_plots/ee2016_yLQ1.0__ptrw7b_chk_011923_u.png has been created
Warning in <TCanvas::Constructor>: Deleting canvas with same name: c_mumu
Warning in <TH1F::Sumw2>: Sum of squares of weights structure already created
Warning in <TH1F::Sumw2>: Sum of squares of weights structure already created
Info in <TCanvas::Print>: png file Misc_plots/mumu2016_yLQ1.0__ptrw2b_chk_011923_u.png has been created
Warning in <TCanvas::Constructor>: Deleting canvas with same name: c_mumu
Warning in <TH1F::Sumw2>: Sum of squares of weights structure already created
Warning in <TH1F::Sumw2>: Sum of squares of weights structure already created
Info in <TCanvas::Print>: png file Misc_plots/ee2016_yLQ1.0__ptrw2b_chk_011923_u.png has been created
Warning in <TCanvas::Constructor>: Deleting canvas with same name: c_mumu
Warning in <TH1F::Sumw2>: Sum of squares of weights structure already created
Warning in <TH1F::Sumw2>: Sum of squares of weights structure already created
Info in <TCanvas::Print>: png file Misc_plots/mumu2017_yLQ1.0__RENORM_chk_011923_s.png has been created
el temps 
Making SM mc template for sys  
MC templates generated from 257650 events. Sym integral is 4192.2 
 
Making LQ mc template for sys  
MC templates generated from 257650 events. LQpure_u_vec integral is 942.4 
 
Making SM mc template for sys _RENORMUp 
MC templates generated from 257650 events. Sym integral is 4252.1 
 
Making LQ mc template for sys _RENORMUp 
MC templates generated from 257650 events. LQpure_u_vec integral is 960.1 
 
Making SM mc template for sys _RENORMDown 
MC templates generated from 257650 events. Sym integral is 4027.5 
 
Making LQ mc template for sys _RENORMDown 
MC templates generated from 257650 events. LQpure_u_vec integral is 898.8 
 
elel: nom 279, up 284, down 266 
Making mumu temps 
Making SM mc template for sys  
MC templates generated from 366768 events. Sym integral is 6167.1 
 
Making LQ mc template for sys  
MC templates generated from 366768 events. LQpure_u_vec integral is 1343.0 
 
Making SM mc template for sys _FACUp 
MC templates generated from 366768 events. Sym integral is 6340.1 
 
Making LQ mc template for sys _FACUp 
MC templates generated from 366768 events. LQpure_u_vec integral is 1387.1 
 
Making SM mc template for sys _FACDown 
MC templates generated from 366768 events. Sym integral is 6001.8 
 
Making LQ mc template for sys _FACDown 
MC templates generated from 366768 events. LQpure_u_vec integral is 1296.1 
 
MuMu: nom 397, up 410, down 383 
Making elel temps 
Making SM mc template for sys  
MC templates generated from 257650 events. Sym integral is 4192.2 
 
Making LQ mc template for sys  
MC templates generated from 257650 events. LQpure_u_vec integral is 942.4 
 
Making SM mc template for sys _FACUp 
MC templates generated from 257650 events. Sym integral is 4315.8 
 
Making LQ mc template for sys _FACUp 
MC templates generated from 257650 events. LQpure_u_vec integral is 974.0 
 
Making SM mc template for sys _FACDown 
MC templates generated from 257650 events. Sym integral is 4072.3 
 
Making LQ mc template for sys _FACDown 
MC templates generated from 257650 events. LQpure_u_vec integral is 908.5 
 
elel: nom 279, up 288, down 268 
Making mumu temps 
Making SM mc template for sys  
MC templates generated from 366768 events. Sym integral is 6167.1 
 
Making LQ mc template for sys  
MC templates generated from 366768 events. LQpure_u_vec integral is 1343.0 
 
Making SM mc template for sys _REFACUp 
MC templates generated from 366768 events. Sym integral is 6434.0 
 
Making LQ mc template for sys _REFACUp 
MC templates generated from 366768 events. LQpure_u_vec integral is 1414.9 
 
Making SM mc template for sys _REFACDown 
MC templates generated from 366768 events. Sym integral is 5842.7 
 
Making LQ mc template for sys _REFACDown 
MC templates generated from 366768 events. LQpure_u_vec integral is 1253.3 
 
MuMu: nom 397, up 419, down 370 
Making elel temps 
Making SM mc template for sys  
MC templates generated from 257650 events. Sym integral is 4192.2 
 
Making LQ mc template for sys  
MC templates generated from 257650 events. LQpure_u_vec integral is 942.4 
 
Making SM mc template for sys _REFACUp 
MC templates generated from 257650 events. Sym integral is 4378.8 
 
Making LQ mc template for sys _REFACUp 
MC templates generated from 257650 events. LQpure_u_vec integral is 994.8 
 
Making SM mc template for sys _REFACDown 
MC templates generated from 257650 events. Sym integral is 3962.7 
 
Making LQ mc template for sys _REFACDown 
MC templates generated from 257650 events. LQpure_u_vec integral is 876.3 
 
elel: nom 279, up 294, down 259 
Making mumu temps 
Making SM mc template for sys  
MC templates generated from 366768 events. Sym integral is 6167.1 
 
Making LQ mc template for sys  
MC templates generated from 366768 events. LQpure_u_vec integral is 1343.0 
 
Making SM mc template for sys _ptrw7bUp 
Doing ptrw sys 7 
MC templates generated from 366768 events. Sym integral is 6218.1 
 
Making LQ mc template for sys _ptrw7bUp 
Doing ptrw sys 7 
MC templates generated from 366768 events. LQpure_u_vec integral is 1362.8 
 
Making SM mc template for sys _ptrw7bDown 
Doing ptrw sys -7 
MC templates generated from 366768 events. Sym integral is 6118.6 
 
Making LQ mc template for sys _ptrw7bDown 
Doing ptrw sys -7 
MC templates generated from 366768 events. LQpure_u_vec integral is 1323.8 
 
MuMu: nom 397, up 401, down 393 
Making elel temps 
Making SM mc template for sys  
MC templates generated from 257650 events. Sym integral is 4192.2 
 
Making LQ mc template for sys  
MC templates generated from 257650 events. LQpure_u_vec integral is 942.4 
 
Making SM mc template for sys _ptrw7bUp 
Doing ptrw sys 7 
MC templates generated from 257650 events. Sym integral is 4215.1 
 
Making LQ mc template for sys _ptrw7bUp 
Doing ptrw sys 7 
MC templates generated from 257650 events. LQpure_u_vec integral is 948.1 
 
Making SM mc template for sys _ptrw7bDown 
Doing ptrw sys -7 
MC templates generated from 257650 events. Sym integral is 4171.1 
 
Making LQ mc template for sys _ptrw7bDown 
Doing ptrw sys -7 
MC templates generated from 257650 events. LQpure_u_vec integral is 937.2 
 
elel: nom 279, up 279, down 278 
Making mumu temps 
Making SM mc template for sys  
MC templates generated from 366768 events. Sym integral is 6167.1 
 
Making LQ mc template for sys  
MC templates generated from 366768 events. LQpure_u_vec integral is 1343.0 
 
Making SM mc template for sys _ptrw2bUp 
Doing ptrw sys 2 
MC templates generated from 366768 events. Sym integral is 6168.5 
 
Making LQ mc template for sys _ptrw2bUp 
Doing ptrw sys 2 
MC templates generated from 366768 events. LQpure_u_vec integral is 1338.2 
 
Making SM mc template for sys _ptrw2bDown 
Doing ptrw sys -2 
MC templates generated from 366768 events. Sym integral is 6169.4 
 
Making LQ mc template for sys _ptrw2bDown 
Doing ptrw sys -2 
MC templates generated from 366768 events. LQpure_u_vec integral is 1348.7 
 
MuMu: nom 397, up 396, down 398 
Making elel temps 
Making SM mc template for sys  
MC templates generated from 257650 events. Sym integral is 4192.2 
 
Making LQ mc template for sys  
MC templates generated from 257650 events. LQpure_u_vec integral is 942.4 
 
Making SM mc template for sys _ptrw2bUp 
Doing ptrw sys 2 
MC templates generated from 257650 events. Sym integral is 4203.7 
 
Making LQ mc template for sys _ptrw2bUp 
Doing ptrw sys 2 
MC templates generated from 257650 events. LQpure_u_vec integral is 943.8 
 
Making SM mc template for sys _ptrw2bDown 
Doing ptrw sys -2 
MC templates generated from 257650 events. Sym integral is 4183.2 
 
Making LQ mc template for sys _ptrw2bDown 
Doing ptrw sys -2 
MC templates generated from 257650 events. LQpure_u_vec integral is 941.7 
 
elel: nom 279, up 279, down 278 
init year 2017  
hlt
id
iso
Making mumu temps 
Making SM mc template for sys  
MC templates generated from 667208 events. Sym integral is 7164.2 
 
Making LQ mc template for sys  
MC templates generated from 667208 events. LQpure_u_vec integral is 31.4 
 
Making SM mc template for sys _RENORMUp 
MC templates generated from 667208 events. Sym integral is 7226.2 
 
Making LQ mc template for sys _RENORMUp 
MC templates generated from 667208 events. LQpure_u_vec integral is 32.6 
 
Making SM mc template for sys _RENORMDown 
MC templates generated from 667208 events. Sym integral is 7115.1 
 
Making LQ mc template for sys _RENORMDown 
MC templates generated from 667208 events. LQpure_u_vec integral is 30.3 
 
MuMu: nom 33, up 34, down 33 
Making elel temps 
Making SM mc template for sys  
MC templates generated from 515747 events. Sym integral is 4792.4 
 
Making LQ mc template for sys  
MC templates generated from 515747 events. LQpure_u_vec integral is 22.3 
 
Making SM mc template for sys _RENORMUp 
MC templates generated from 515747 events. Sym integral is 4836.7 
 
Making LQ mc template for sys _RENORMUp 
MC templates generated from 515747 events. LQpure_u_vec integral is 22.6 
 
Making SM mc template for sys _RENORMDown 
MC templates generated from 515747 events. Sym integral is 4757.9 
 
Making LQ mc template for sys _RENORMDown 
MC templates generated from 515747 events. LQpure_u_vec integral is 22.7 Warning in <TCanvas::Constructor>: Deleting canvas with same name: c_mumu
Warning in <TH1F::Sumw2>: Sum of squares of weights structure already created
Warning in <TH1F::Sumw2>: Sum of squares of weights structure already created
Info in <TCanvas::Print>: png file Misc_plots/ee2017_yLQ1.0__RENORM_chk_011923_s.png has been created
Warning in <TCanvas::Constructor>: Deleting canvas with same name: c_mumu
Warning in <TH1F::Sumw2>: Sum of squares of weights structure already created
Warning in <TH1F::Sumw2>: Sum of squares of weights structure already created
Info in <TCanvas::Print>: png file Misc_plots/mumu2017_yLQ1.0__FAC_chk_011923_s.png has been created
Warning in <TCanvas::Constructor>: Deleting canvas with same name: c_mumu
Warning in <TH1F::Sumw2>: Sum of squares of weights structure already created
Warning in <TH1F::Sumw2>: Sum of squares of weights structure already created
Info in <TCanvas::Print>: png file Misc_plots/ee2017_yLQ1.0__FAC_chk_011923_s.png has been created
Warning in <TCanvas::Constructor>: Deleting canvas with same name: c_mumu
Warning in <TH1F::Sumw2>: Sum of squares of weights structure already created
Warning in <TH1F::Sumw2>: Sum of squares of weights structure already created
Info in <TCanvas::Print>: png file Misc_plots/mumu2017_yLQ1.0__REFAC_chk_011923_s.png has been created
Warning in <TCanvas::Constructor>: Deleting canvas with same name: c_mumu
Warning in <TH1F::Sumw2>: Sum of squares of weights structure already created
Warning in <TH1F::Sumw2>: Sum of squares of weights structure already created
Info in <TCanvas::Print>: png file Misc_plots/ee2017_yLQ1.0__REFAC_chk_011923_s.png has been created
Warning in <TCanvas::Constructor>: Deleting canvas with same name: c_mumu
Warning in <TH1F::Sumw2>: Sum of squares of weights structure already created
Warning in <TH1F::Sumw2>: Sum of squares of weights structure already created
Info in <TCanvas::Print>: png file Misc_plots/mumu2017_yLQ1.0__ptrw7b_chk_011923_s.png has been created
Warning in <TCanvas::Constructor>: Deleting canvas with same name: c_mumu
Warning in <TH1F::Sumw2>: Sum of squares of weights structure already created
Warning in <TH1F::Sumw2>: Sum of squares of weights structure already created
Info in <TCanvas::Print>: png file Misc_plots/ee2017_yLQ1.0__ptrw7b_chk_011923_s.png has been created
Warning in <TCanvas::Constructor>: Deleting canvas with same name: c_mumu
Warning in <TH1F::Sumw2>: Sum of squares of weights structure already created
Warning in <TH1F::Sumw2>: Sum of squares of weights structure already created
Info in <TCanvas::Print>: png file Misc_plots/mumu2017_yLQ1.0__ptrw2b_chk_011923_s.png has been created
Warning in <TCanvas::Constructor>: Deleting canvas with same name: c_mumu
Warning in <TH1F::Sumw2>: Sum of squares of weights structure already created
Warning in <TH1F::Sumw2>: Sum of squares of weights structure already created
Info in <TCanvas::Print>: png file Misc_plots/ee2017_yLQ1.0__ptrw2b_chk_011923_s.png has been created
Warning in <TCanvas::Constructor>: Deleting canvas with same name: c_mumu
Warning in <TH1F::Sumw2>: Sum of squares of weights structure already created
Warning in <TH1F::Sumw2>: Sum of squares of weights structure already created
Info in <TCanvas::Print>: png file Misc_plots/mumu2017_yLQ1.0__RENORM_chk_011923_u.png has been created
Warning in <TCanvas::Constructor>: Deleting canvas with same name: c_mumu
Warning in <TH1F::Sumw2>: Sum of squares of weights structure already created
Warning in <TH1F::Sumw2>: Sum of squares of weights structure already created
Info in <TCanvas::Print>: png file Misc_plots/ee2017_yLQ1.0__RENORM_chk_011923_u.png has been created

 
elel: nom 22, up 23, down 22 
Making mumu temps 
Making SM mc template for sys  
MC templates generated from 667208 events. Sym integral is 7164.2 
 
Making LQ mc template for sys  
MC templates generated from 667208 events. LQpure_u_vec integral is 31.4 
 
Making SM mc template for sys _FACUp 
MC templates generated from 667208 events. Sym integral is 7269.0 
 
Making LQ mc template for sys _FACUp 
MC templates generated from 667208 events. LQpure_u_vec integral is 32.5 
 
Making SM mc template for sys _FACDown 
MC templates generated from 667208 events. Sym integral is 6952.4 
 
Making LQ mc template for sys _FACDown 
MC templates generated from 667208 events. LQpure_u_vec integral is 29.8 
 
MuMu: nom 33, up 34, down 32 
Making elel temps 
Making SM mc template for sys  
MC templates generated from 515747 events. Sym integral is 4792.4 
 
Making LQ mc template for sys  
MC templates generated from 515747 events. LQpure_u_vec integral is 22.3 
 
Making SM mc template for sys _FACUp 
MC templates generated from 515747 events. Sym integral is 4868.5 
 
Making LQ mc template for sys _FACUp 
MC templates generated from 515747 events. LQpure_u_vec integral is 22.8 
 
Making SM mc template for sys _FACDown 
MC templates generated from 515747 events. Sym integral is 4646.1 
 
Making LQ mc template for sys _FACDown 
MC templates generated from 515747 events. LQpure_u_vec integral is 22.0 
 
elel: nom 22, up 23, down 21 
Making mumu temps 
Making SM mc template for sys  
MC templates generated from 667208 events. Sym integral is 7164.2 
 
Making LQ mc template for sys  
MC templates generated from 667208 events. LQpure_u_vec integral is 31.4 
 
Making SM mc template for sys _REFACUp 
MC templates generated from 667208 events. Sym integral is 7339.1 
 
Making LQ mc template for sys _REFACUp 
MC templates generated from 667208 events. LQpure_u_vec integral is 33.8 
 
Making SM mc template for sys _REFACDown 
MC templates generated from 667208 events. Sym integral is 6912.4 
 
Making LQ mc template for sys _REFACDown 
MC templates generated from 667208 events. LQpure_u_vec integral is 28.9 
 
MuMu: nom 33, up 35, down 31 
Making elel temps 
Making SM mc template for sys  
MC templates generated from 515747 events. Sym integral is 4792.4 
 
Making LQ mc template for sys  
MC templates generated from 515747 events. LQpure_u_vec integral is 22.3 
 
Making SM mc template for sys _REFACUp 
MC templates generated from 515747 events. Sym integral is 4918.7 
 
Making LQ mc template for sys _REFACUp 
MC templates generated from 515747 events. LQpure_u_vec integral is 23.6 
 
Making SM mc template for sys _REFACDown 
MC templates generated from 515747 events. Sym integral is 4615.9 
 
Making LQ mc template for sys _REFACDown 
MC templates generated from 515747 events. LQpure_u_vec integral is 21.5 
 
elel: nom 22, up 23, down 21 
Making mumu temps 
Making SM mc template for sys  
MC templates generated from 667208 events. Sym integral is 7164.2 
 
Making LQ mc template for sys  
MC templates generated from 667208 events. LQpure_u_vec integral is 31.4 
 
Making SM mc template for sys _ptrw7bUp 
Doing ptrw sys 7 
MC templates generated from 667208 events. Sym integral is 7211.9 
 
Making LQ mc template for sys _ptrw7bUp 
Doing ptrw sys 7 
MC templates generated from 667208 events. LQpure_u_vec integral is 31.4 
 
Making SM mc template for sys _ptrw7bDown 
Doing ptrw sys -7 
MC templates generated from 667208 events. Sym integral is 7119.6 
 
Making LQ mc template for sys _ptrw7bDown 
Doing ptrw sys -7 
MC templates generated from 667208 events. LQpure_u_vec integral is 31.4 
 
MuMu: nom 33, up 33, down 33 
Making elel temps 
Making SM mc template for sys  
MC templates generated from 515747 events. Sym integral is 4792.4 
 
Making LQ mc template for sys  
MC templates generated from 515747 events. LQpure_u_vec integral is 22.3 
 
Making SM mc template for sys _ptrw7bUp 
Doing ptrw sys 7 
MC templates generated from 515747 events. Sym integral is 4812.4 
 
Making LQ mc template for sys _ptrw7bUp 
Doing ptrw sys 7 
MC templates generated from 515747 events. LQpure_u_vec integral is 22.1 
 
Making SM mc template for sys _ptrw7bDown 
Doing ptrw sys -7 
MC templates generated from 515747 events. Sym integral is 4774.6 
 
Making LQ mc template for sys _ptrw7bDown 
Doing ptrw sys -7 
MC templates generated from 515747 events. LQpure_u_vec integral is 22.4 
 
elel: nom 22, up 22, down 22 
Making mumu temps 
Making SM mc template for sys  
MC templates generated from 667208 events. Sym integral is 7164.2 
 
Making LQ mc template for sys  
MC templates generated from 667208 events. LQpure_u_vec integral is 31.4 
 
Making SM mc template for sys _ptrw2bUp 
Doing ptrw sys 2 
MC templates generated from 667208 events. Sym integral is 7167.5 
 
Making LQ mc template for sys _ptrw2bUp 
Doing ptrw sys 2 
MC templates generated from 667208 events. LQpure_u_vec integral is 31.5 
 
Making SM mc template for sys _ptrw2bDown 
Doing ptrw sys -2 
MC templates generated from 667208 events. Sym integral is 7165.0 
 
Making LQ mc template for sys _ptrw2bDown 
Doing ptrw sys -2 
MC templates generated from 667208 events. LQpure_u_vec integral is 31.4 
 
MuMu: nom 33, up 33, down 33 
Making elel temps 
Making SM mc template for sys  
MC templates generated from 515747 events. Sym integral is 4792.4 
 
Making LQ mc template for sys  
MC templates generated from 515747 events. LQpure_u_vec integral is 22.3 
 
Making SM mc template for sys _ptrw2bUp 
Doing ptrw sys 2 
MC templates generated from 515747 events. Sym integral is 4810.1 
 
Making LQ mc template for sys _ptrw2bUp 
Doing ptrw sys 2 
MC templates generated from 515747 events. LQpure_u_vec integral is 22.4 
 
Making SM mc template for sys _ptrw2bDown 
Doing ptrw sys -2 
MC templates generated from 515747 events. Sym integral is 4777.4 
 
Making LQ mc template for sys _ptrw2bDown 
Doing ptrw sys -2 
MC templates generated from 515747 events. LQpure_u_vec integral is 22.1 
 
elel: nom 22, up 23, down 22 
init year 2017  
hlt
id
iso
Making mumu temps 
Making SM mc template for sys  
MC templates generated from 667208 events. Sym integral is 7164.2 
 
Making LQ mc template for sys  
MC templates generated from 667208 events. LQpure_u_vec integral is 1624.3 
 
Making SM mc template for sys _RENORMUp 
MC templates generated from 667208 events. Sym integral is 7226.2 
 
Making LQ mc template for sys _RENORMUp 
MC templates generated from 667208 events. LQpure_u_vec integral is 1640.7 
 
Making SM mc template for sys _RENORMDown 
MC templates generated from 667208 events. Sym integral is 7115.1 
 
Making LQ mc template for sys _RENORMDown 
MC templates generated from 667208 events. LQpure_u_vec integral is 1608.7 
 
MuMu: nom 478, up 483, down 473 
Making elel temps 
Making SM mc template for sys  
MC templates generated from 515747 events. Sym integral is 4792.4 
 
Making LQ mc template for sys  
MC templates generated from 515747 events. LQpure_u_vec integral is 1107.7 
 
Making SM mc template for sys _RENORMUp 
MC templates generated from 515747 events. Sym integral is 4836.7 
 
Making LQ mc template for sys _RENORMUp 
MC templates generated from 515747 events. LQpure_u_vec integral is 1119.7 
 
Making SM mc template for sys _RENORMDown 
MC templates generated from 515747 events. Sym integral is 4757.9 
 
Making LQ mc template for sys _RENORMDown 
MC templates generated from 515747 events. LQpure_u_vec integral is 1097.5 
 
elel: nom 326, up 330, down 323 
Making mumu temps 
Making SM mc template for sys  
MC templates generated from 667208 events. Sym integral is 7164.2 
 
Making LQ mc template for sys  
MC templates generated from 667208 events. LQpure_u_vec integral is 1624.3 
 
Making SM mc template for sys _FACUp 
MC templates generated from 667208 events. Sym integral is 7269.0 
 
Making LQ mc template for sys _FACUp 
MC templates generated from 667208 events. LQpure_u_vec integral is 1655.0 
 
Making SM mc template for sys _FACDown 
MC templates generated from 667208 events. Sym integral is 6952.4 
 
Making LQ mc template for sys _FACDown 
MC templates generated from 667208 events. LQpure_u_vec integral is 1570.7 
 
MuMu: nomWarning in <TCanvas::Constructor>: Deleting canvas with same name: c_mumu
Warning in <TH1F::Sumw2>: Sum of squares of weights structure already created
Warning in <TH1F::Sumw2>: Sum of squares of weights structure already created
Info in <TCanvas::Print>: png file Misc_plots/mumu2017_yLQ1.0__FAC_chk_011923_u.png has been created
Warning in <TCanvas::Constructor>: Deleting canvas with same name: c_mumu
Warning in <TH1F::Sumw2>: Sum of squares of weights structure already created
Warning in <TH1F::Sumw2>: Sum of squares of weights structure already created
Info in <TCanvas::Print>: png file Misc_plots/ee2017_yLQ1.0__FAC_chk_011923_u.png has been created
Warning in <TCanvas::Constructor>: Deleting canvas with same name: c_mumu
Warning in <TH1F::Sumw2>: Sum of squares of weights structure already created
Warning in <TH1F::Sumw2>: Sum of squares of weights structure already created
Info in <TCanvas::Print>: png file Misc_plots/mumu2017_yLQ1.0__REFAC_chk_011923_u.png has been created
Warning in <TCanvas::Constructor>: Deleting canvas with same name: c_mumu
Warning in <TH1F::Sumw2>: Sum of squares of weights structure already created
Warning in <TH1F::Sumw2>: Sum of squares of weights structure already created
Info in <TCanvas::Print>: png file Misc_plots/ee2017_yLQ1.0__REFAC_chk_011923_u.png has been created
Warning in <TCanvas::Constructor>: Deleting canvas with same name: c_mumu
Warning in <TH1F::Sumw2>: Sum of squares of weights structure already created
Warning in <TH1F::Sumw2>: Sum of squares of weights structure already created
Info in <TCanvas::Print>: png file Misc_plots/mumu2017_yLQ1.0__ptrw7b_chk_011923_u.png has been created
Warning in <TCanvas::Constructor>: Deleting canvas with same name: c_mumu
Warning in <TH1F::Sumw2>: Sum of squares of weights structure already created
Warning in <TH1F::Sumw2>: Sum of squares of weights structure already created
Info in <TCanvas::Print>: png file Misc_plots/ee2017_yLQ1.0__ptrw7b_chk_011923_u.png has been created
Warning in <TCanvas::Constructor>: Deleting canvas with same name: c_mumu
Warning in <TH1F::Sumw2>: Sum of squares of weights structure already created
Warning in <TH1F::Sumw2>: Sum of squares of weights structure already created
Info in <TCanvas::Print>: png file Misc_plots/mumu2017_yLQ1.0__ptrw2b_chk_011923_u.png has been created
Warning in <TCanvas::Constructor>: Deleting canvas with same name: c_mumu
Warning in <TH1F::Sumw2>: Sum of squares of weights structure already created
Warning in <TH1F::Sumw2>: Sum of squares of weights structure already created
Info in <TCanvas::Print>: png file Misc_plots/ee2017_yLQ1.0__ptrw2b_chk_011923_u.png has been created
Warning in <TCanvas::Constructor>: Deleting canvas with same name: c_mumu
Warning in <TH1F::Sumw2>: Sum of squares of weights structure already created
Warning in <TH1F::Sumw2>: Sum of squares of weights structure already created
Info in <TCanvas::Print>: png file Misc_plots/mumu2018_yLQ1.0__RENORM_chk_011923_s.png has been created
Warning in <TCanvas::Constructor>: Deleting canvas with same name: c_mumu
Warning in <TH1F::Sumw2>: Sum of squares of weights structure already created
Warning in <TH1F::Sumw2>: Sum of squares of weights structure already created
Info in <TCanvas::Print>: png file Misc_plots/ee2018_yLQ1.0__RENORM_chk_011923_s.png has been created
Warning in <TCanvas::Constructor>: Deleting canvas with same name: c_mumu
Warning in <TH1F::Sumw2>: Sum of squares of weights structure already created
Warning in <TH1F::Sumw2>: Sum of squares of weights structure already created
Info in <TCanvas::Print>: png file Misc_plots/mumu2018_yLQ1.0__FAC_chk_011923_s.png has been created
 478, up 487, down 461 
Making elel temps 
Making SM mc template for sys  
MC templates generated from 515747 events. Sym integral is 4792.4 
 
Making LQ mc template for sys  
MC templates generated from 515747 events. LQpure_u_vec integral is 1107.7 
 
Making SM mc template for sys _FACUp 
MC templates generated from 515747 events. Sym integral is 4868.5 
 
Making LQ mc template for sys _FACUp 
MC templates generated from 515747 events. LQpure_u_vec integral is 1129.8 
 
Making SM mc template for sys _FACDown 
MC templates generated from 515747 events. Sym integral is 4646.1 
 
Making LQ mc template for sys _FACDown 
MC templates generated from 515747 events. LQpure_u_vec integral is 1069.9 
 
elel: nom 326, up 333, down 315 
Making mumu temps 
Making SM mc template for sys  
MC templates generated from 667208 events. Sym integral is 7164.2 
 
Making LQ mc template for sys  
MC templates generated from 667208 events. LQpure_u_vec integral is 1624.3 
 
Making SM mc template for sys _REFACUp 
MC templates generated from 667208 events. Sym integral is 7339.1 
 
Making LQ mc template for sys _REFACUp 
MC templates generated from 667208 events. LQpure_u_vec integral is 1673.5 
 
Making SM mc template for sys _REFACDown 
MC templates generated from 667208 events. Sym integral is 6912.4 
 
Making LQ mc template for sys _REFACDown 
MC templates generated from 667208 events. LQpure_u_vec integral is 1567.2 
 
MuMu: nom 478, up 493, down 460 
Making elel temps 
Making SM mc template for sys  
MC templates generated from 515747 events. Sym integral is 4792.4 
 
Making LQ mc template for sys  
MC templates generated from 515747 events. LQpure_u_vec integral is 1107.7 
 
Making SM mc template for sys _REFACUp 
MC templates generated from 515747 events. Sym integral is 4918.7 
 
Making LQ mc template for sys _REFACUp 
MC templates generated from 515747 events. LQpure_u_vec integral is 1143.7 
 
Making SM mc template for sys _REFACDown 
MC templates generated from 515747 events. Sym integral is 4615.9 
 
Making LQ mc template for sys _REFACDown 
MC templates generated from 515747 events. LQpure_u_vec integral is 1068.2 
 
elel: nom 326, up 338, down 314 
Making mumu temps 
Making SM mc template for sys  
MC templates generated from 667208 events. Sym integral is 7164.2 
 
Making LQ mc template for sys  
MC templates generated from 667208 events. LQpure_u_vec integral is 1624.3 
 
Making SM mc template for sys _ptrw7bUp 
Doing ptrw sys 7 
MC templates generated from 667208 events. Sym integral is 7211.9 
 
Making LQ mc template for sys _ptrw7bUp 
Doing ptrw sys 7 
MC templates generated from 667208 events. LQpure_u_vec integral is 1647.7 
 
Making SM mc template for sys _ptrw7bDown 
Doing ptrw sys -7 
MC templates generated from 667208 events. Sym integral is 7119.6 
 
Making LQ mc template for sys _ptrw7bDown 
Doing ptrw sys -7 
MC templates generated from 667208 events. LQpure_u_vec integral is 1601.7 
 
MuMu: nom 478, up 483, down 473 
Making elel temps 
Making SM mc template for sys  
MC templates generated from 515747 events. Sym integral is 4792.4 
 
Making LQ mc template for sys  
MC templates generated from 515747 events. LQpure_u_vec integral is 1107.7 
 
Making SM mc template for sys _ptrw7bUp 
Doing ptrw sys 7 
MC templates generated from 515747 events. Sym integral is 4812.4 
 
Making LQ mc template for sys _ptrw7bUp 
Doing ptrw sys 7 
MC templates generated from 515747 events. LQpure_u_vec integral is 1112.8 
 
Making SM mc template for sys _ptrw7bDown 
Doing ptrw sys -7 
MC templates generated from 515747 events. Sym integral is 4774.6 
 
Making LQ mc template for sys _ptrw7bDown 
Doing ptrw sys -7 
MC templates generated from 515747 events. LQpure_u_vec integral is 1103.1 
 
elel: nom 326, up 327, down 326 
Making mumu temps 
Making SM mc template for sys  
MC templates generated from 667208 events. Sym integral is 7164.2 
 
Making LQ mc template for sys  
MC templates generated from 667208 events. LQpure_u_vec integral is 1624.3 
 
Making SM mc template for sys _ptrw2bUp 
Doing ptrw sys 2 
MC templates generated from 667208 events. Sym integral is 7167.5 
 
Making LQ mc template for sys _ptrw2bUp 
Doing ptrw sys 2 
MC templates generated from 667208 events. LQpure_u_vec integral is 1617.6 
 
Making SM mc template for sys _ptrw2bDown 
Doing ptrw sys -2 
MC templates generated from 667208 events. Sym integral is 7165.0 
 
Making LQ mc template for sys _ptrw2bDown 
Doing ptrw sys -2 
MC templates generated from 667208 events. LQpure_u_vec integral is 1632.0 
 
MuMu: nom 478, up 477, down 479 
Making elel temps 
Making SM mc template for sys  
MC templates generated from 515747 events. Sym integral is 4792.4 
 
Making LQ mc template for sys  
MC templates generated from 515747 events. LQpure_u_vec integral is 1107.7 
 
Making SM mc template for sys _ptrw2bUp 
Doing ptrw sys 2 
MC templates generated from 515747 events. Sym integral is 4810.1 
 
Making LQ mc template for sys _ptrw2bUp 
Doing ptrw sys 2 
MC templates generated from 515747 events. LQpure_u_vec integral is 1110.5 
 
Making SM mc template for sys _ptrw2bDown 
Doing ptrw sys -2 
MC templates generated from 515747 events. Sym integral is 4777.4 
 
Making LQ mc template for sys _ptrw2bDown 
Doing ptrw sys -2 
MC templates generated from 515747 events. LQpure_u_vec integral is 1105.5 
 
elel: nom 326, up 328, down 325 
init year 2018  
Making mumu temps 
Making SM mc template for sys  
MC templates generated from 679084 events. Sym integral is 10289.3 
 
Making LQ mc template for sys  
MC templates generated from 679084 events. LQpure_u_vec integral is 44.5 
 
Making SM mc template for sys _RENORMUp 
MC templates generated from 679084 events. Sym integral is 10375.8 
 
Making LQ mc template for sys _RENORMUp 
MC templates generated from 679084 events. LQpure_u_vec integral is 46.1 
 
Making SM mc template for sys _RENORMDown 
MC templates generated from 679084 events. Sym integral is 10219.3 
 
Making LQ mc template for sys _RENORMDown 
MC templates generated from 679084 events. LQpure_u_vec integral is 42.9 
 
MuMu: nom 48, up 48, down 48 
Making elel temps 
Making SM mc template for sys  
MC templates generated from 512792 events. Sym integral is 7910.2 
 
Making LQ mc template for sys  
MC templates generated from 512792 events. LQpure_u_vec integral is 34.8 
 
Making SM mc template for sys _RENORMUp 
MC templates generated from 512792 events. Sym integral is 7977.1 
 
Making LQ mc template for sys _RENORMUp 
MC templates generated from 512792 events. LQpure_u_vec integral is 36.0 
 
Making SM mc template for sys _RENORMDown 
MC templates generated from 512792 events. Sym integral is 7855.2 
 
Making LQ mc template for sys _RENORMDown 
MC templates generated from 512792 events. LQpure_u_vec integral is 33.7 
 
elel: nom 38, up 38, down 37 
Making mumu temps 
Making SM mc template for sys  
MC templates generated from 679084 events. Sym integral is 10289.3 
 
Making LQ mc template for sys  
MC templates generated from 679084 events. LQpure_u_vec integral is 44.5 
 
Making SM mc template for sys _FACUp 
MC templates generated from 679084 events. Sym integral is 10457.4 
 
Making LQ mc template for sys _FACUp 
MC templates generated from 679084 events. LQpure_u_vec integral is 46.1 
 
Making SM mc template for sys _FACDown 
MC templates generated from 679084 events. Sym integral is 9977.6 
 
Making LQ mc template for sys _FACDown 
MC templates generated from 679084 events. LQpure_u_vec integral is 42.1 
 
MuMu: nom 48, up 49, down 46 
Making elel temps 
Making SM mc template for sys  
MC templates generated from 512792 events. Sym integral is 7910.2 
 
Making LQ mc template for sys  
MC templates generated from 512792 events. LQpure_u_vec integral is 34.8 
 
Making SM mc template for sys _FACUp 
MC templates generated from 512792 events. Sym integral is 8030.3 
 
Making LQ mc template for sys _FACUp 
MC templates generated from 512792 events. LQpure_u_vec integral is 36.2 
 
Making SM mc template for sys _FACDown 
MC templates generated from 512792 events. Sym integral is 7677.4 
 
Making LQ mc template for sys _FACDown 
MC templates generated from 512792 events. LQpure_u_vec integWarning in <TCanvas::Constructor>: Deleting canvas with same name: c_mumu
Warning in <TH1F::Sumw2>: Sum of squares of weights structure already created
Warning in <TH1F::Sumw2>: Sum of squares of weights structure already created
Info in <TCanvas::Print>: png file Misc_plots/ee2018_yLQ1.0__FAC_chk_011923_s.png has been created
Warning in <TCanvas::Constructor>: Deleting canvas with same name: c_mumu
Warning in <TH1F::Sumw2>: Sum of squares of weights structure already created
Warning in <TH1F::Sumw2>: Sum of squares of weights structure already created
Info in <TCanvas::Print>: png file Misc_plots/mumu2018_yLQ1.0__REFAC_chk_011923_s.png has been created
Warning in <TCanvas::Constructor>: Deleting canvas with same name: c_mumu
Warning in <TH1F::Sumw2>: Sum of squares of weights structure already created
Warning in <TH1F::Sumw2>: Sum of squares of weights structure already created
Info in <TCanvas::Print>: png file Misc_plots/ee2018_yLQ1.0__REFAC_chk_011923_s.png has been created
Warning in <TCanvas::Constructor>: Deleting canvas with same name: c_mumu
Warning in <TH1F::Sumw2>: Sum of squares of weights structure already created
Warning in <TH1F::Sumw2>: Sum of squares of weights structure already created
Info in <TCanvas::Print>: png file Misc_plots/mumu2018_yLQ1.0__ptrw7b_chk_011923_s.png has been created
Warning in <TCanvas::Constructor>: Deleting canvas with same name: c_mumu
Warning in <TH1F::Sumw2>: Sum of squares of weights structure already created
Warning in <TH1F::Sumw2>: Sum of squares of weights structure already created
Info in <TCanvas::Print>: png file Misc_plots/ee2018_yLQ1.0__ptrw7b_chk_011923_s.png has been created
Warning in <TCanvas::Constructor>: Deleting canvas with same name: c_mumu
Warning in <TH1F::Sumw2>: Sum of squares of weights structure already created
Warning in <TH1F::Sumw2>: Sum of squares of weights structure already created
Info in <TCanvas::Print>: png file Misc_plots/mumu2018_yLQ1.0__ptrw2b_chk_011923_s.png has been created
Warning in <TCanvas::Constructor>: Deleting canvas with same name: c_mumu
Warning in <TH1F::Sumw2>: Sum of squares of weights structure already created
Warning in <TH1F::Sumw2>: Sum of squares of weights structure already created
Info in <TCanvas::Print>: png file Misc_plots/ee2018_yLQ1.0__ptrw2b_chk_011923_s.png has been created
Warning in <TCanvas::Constructor>: Deleting canvas with same name: c_mumu
Warning in <TH1F::Sumw2>: Sum of squares of weights structure already created
Warning in <TH1F::Sumw2>: Sum of squares of weights structure already created
Info in <TCanvas::Print>: png file Misc_plots/mumu2018_yLQ1.0__RENORM_chk_011923_u.png has been created
Warning in <TCanvas::Constructor>: Deleting canvas with same name: c_mumu
Warning in <TH1F::Sumw2>: Sum of squares of weights structure already created
Warning in <TH1F::Sumw2>: Sum of squares of weights structure already created
Info in <TCanvas::Print>: png file Misc_plots/ee2018_yLQ1.0__RENORM_chk_011923_u.png has been created
Warning in <TCanvas::Constructor>: Deleting canvas with same name: c_mumu
Warning in <TH1F::Sumw2>: Sum of squares of weights structure already created
Warning in <TH1F::Sumw2>: Sum of squares of weights structure already created
Info in <TCanvas::Print>: png file Misc_plots/mumu2018_yLQ1.0__FAC_chk_011923_u.png has been created
Warning in <TCanvas::Constructor>: Deleting canvas with same name: c_mumu
Warning in <TH1F::Sumw2>: Sum of squares of weights structure already created
Warning in <TH1F::Sumw2>: Sum of squares of weights structure already created
Info in <TCanvas::Print>: png file Misc_plots/ee2018_yLQ1.0__FAC_chk_011923_u.png has been created
ral is 32.8 
 
elel: nom 38, up 39, down 36 
Making mumu temps 
Making SM mc template for sys  
MC templates generated from 679084 events. Sym integral is 10289.3 
 
Making LQ mc template for sys  
MC templates generated from 679084 events. LQpure_u_vec integral is 44.5 
 
Making SM mc template for sys _REFACUp 
MC templates generated from 679084 events. Sym integral is 10553.3 
 
Making LQ mc template for sys _REFACUp 
MC templates generated from 679084 events. LQpure_u_vec integral is 47.9 
 
Making SM mc template for sys _REFACDown 
MC templates generated from 679084 events. Sym integral is 9938.2 
 
Making LQ mc template for sys _REFACDown 
MC templates generated from 679084 events. LQpure_u_vec integral is 41.0 
 
MuMu: nom 48, up 50, down 46 
Making elel temps 
Making SM mc template for sys  
MC templates generated from 512792 events. Sym integral is 7910.2 
 
Making LQ mc template for sys  
MC templates generated from 512792 events. LQpure_u_vec integral is 34.8 
 
Making SM mc template for sys _REFACUp 
MC templates generated from 512792 events. Sym integral is 8105.5 
 
Making LQ mc template for sys _REFACUp 
MC templates generated from 512792 events. LQpure_u_vec integral is 37.6 
 
Making SM mc template for sys _REFACDown 
MC templates generated from 512792 events. Sym integral is 7644.7 
 
Making LQ mc template for sys _REFACDown 
MC templates generated from 512792 events. LQpure_u_vec integral is 32.1 
 
elel: nom 38, up 39, down 36 
Making mumu temps 
Making SM mc template for sys  
MC templates generated from 679084 events. Sym integral is 10289.3 
 
Making LQ mc template for sys  
MC templates generated from 679084 events. LQpure_u_vec integral is 44.5 
 
Making SM mc template for sys _ptrw7bUp 
Doing ptrw sys 7 
MC templates generated from 679084 events. Sym integral is 10369.4 
 
Making LQ mc template for sys _ptrw7bUp 
Doing ptrw sys 7 
MC templates generated from 679084 events. LQpure_u_vec integral is 44.4 
 
Making SM mc template for sys _ptrw7bDown 
Doing ptrw sys -7 
MC templates generated from 679084 events. Sym integral is 10213.4 
 
Making LQ mc template for sys _ptrw7bDown 
Doing ptrw sys -7 
MC templates generated from 679084 events. LQpure_u_vec integral is 44.5 
 
MuMu: nom 48, up 48, down 48 
Making elel temps 
Making SM mc template for sys  
MC templates generated from 512792 events. Sym integral is 7910.2 
 
Making LQ mc template for sys  
MC templates generated from 512792 events. LQpure_u_vec integral is 34.8 
 
Making SM mc template for sys _ptrw7bUp 
Doing ptrw sys 7 
MC templates generated from 512792 events. Sym integral is 7953.8 
 
Making LQ mc template for sys _ptrw7bUp 
Doing ptrw sys 7 
MC templates generated from 512792 events. LQpure_u_vec integral is 34.7 
 
Making SM mc template for sys _ptrw7bDown 
Doing ptrw sys -7 
MC templates generated from 512792 events. Sym integral is 7869.9 
 
Making LQ mc template for sys _ptrw7bDown 
Doing ptrw sys -7 
MC templates generated from 512792 events. LQpure_u_vec integral is 34.9 
 
elel: nom 38, up 38, down 38 
Making mumu temps 
Making SM mc template for sys  
MC templates generated from 679084 events. Sym integral is 10289.3 
 
Making LQ mc template for sys  
MC templates generated from 679084 events. LQpure_u_vec integral is 44.5 
 
Making SM mc template for sys _ptrw2bUp 
Doing ptrw sys 2 
MC templates generated from 679084 events. Sym integral is 10296.7 
 
Making LQ mc template for sys _ptrw2bUp 
Doing ptrw sys 2 
MC templates generated from 679084 events. LQpure_u_vec integral is 44.5 
 
Making SM mc template for sys _ptrw2bDown 
Doing ptrw sys -2 
MC templates generated from 679084 events. Sym integral is 10287.9 
 
Making LQ mc template for sys _ptrw2bDown 
Doing ptrw sys -2 
MC templates generated from 679084 events. LQpure_u_vec integral is 44.4 
 
MuMu: nom 48, up 48, down 48 
Making elel temps 
Making SM mc template for sys  
MC templates generated from 512792 events. Sym integral is 7910.2 
 
Making LQ mc template for sys  
MC templates generated from 512792 events. LQpure_u_vec integral is 34.8 
 
Making SM mc template for sys _ptrw2bUp 
Doing ptrw sys 2 
MC templates generated from 512792 events. Sym integral is 7936.8 
 
Making LQ mc template for sys _ptrw2bUp 
Doing ptrw sys 2 
MC templates generated from 512792 events. LQpure_u_vec integral is 35.1 
 
Making SM mc template for sys _ptrw2bDown 
Doing ptrw sys -2 
MC templates generated from 512792 events. Sym integral is 7887.9 
 
Making LQ mc template for sys _ptrw2bDown 
Doing ptrw sys -2 
MC templates generated from 512792 events. LQpure_u_vec integral is 34.5 
 
elel: nom 38, up 38, down 37 
init year 2018  
Making mumu temps 
Making SM mc template for sys  
MC templates generated from 679084 events. Sym integral is 10289.3 
 
Making LQ mc template for sys  
MC templates generated from 679084 events. LQpure_u_vec integral is 2331.7 
 
Making SM mc template for sys _RENORMUp 
MC templates generated from 679084 events. Sym integral is 10375.8 
 
Making LQ mc template for sys _RENORMUp 
MC templates generated from 679084 events. LQpure_u_vec integral is 2353.6 
 
Making SM mc template for sys _RENORMDown 
MC templates generated from 679084 events. Sym integral is 10219.3 
 
Making LQ mc template for sys _RENORMDown 
MC templates generated from 679084 events. LQpure_u_vec integral is 2310.9 
 
MuMu: nom 687, up 693, down 681 
Making elel temps 
Making SM mc template for sys  
MC templates generated from 512792 events. Sym integral is 7910.2 
 
Making LQ mc template for sys  
MC templates generated from 512792 events. LQpure_u_vec integral is 1817.3 
 
Making SM mc template for sys _RENORMUp 
MC templates generated from 512792 events. Sym integral is 7977.1 
 
Making LQ mc template for sys _RENORMUp 
MC templates generated from 512792 events. LQpure_u_vec integral is 1833.1 
 
Making SM mc template for sys _RENORMDown 
MC templates generated from 512792 events. Sym integral is 7855.2 
 
Making LQ mc template for sys _RENORMDown 
MC templates generated from 512792 events. LQpure_u_vec integral is 1803.0 
 
elel: nom 535, up 540, down 531 
Making mumu temps 
Making SM mc template for sys  
MC templates generated from 679084 events. Sym integral is 10289.3 
 
Making LQ mc template for sys  
MC templates generated from 679084 events. LQpure_u_vec integral is 2331.7 
 
Making SM mc template for sys _FACUp 
MC templates generated from 679084 events. Sym integral is 10457.4 
 
Making LQ mc template for sys _FACUp 
MC templates generated from 679084 events. LQpure_u_vec integral is 2381.3 
 
Making SM mc template for sys _FACDown 
MC templates generated from 679084 events. Sym integral is 9977.6 
 
Making LQ mc template for sys _FACDown 
MC templates generated from 679084 events. LQpure_u_vec integral is 2249.2 
 
MuMu: nom 687, up 702, down 662 
Making elel temps 
Making SM mc template for sys  
MC templates generated from 512792 events. Sym integral is 7910.2 
 
Making LQ mc template for sys  
MC templates generated from 512792 events. LQpure_u_vec integral is 1817.3 
 
Making SM mc template for sys _FACUp 
MC templates generated from 512792 events. Sym integral is 8030.3 
 
Making LQ mc template for sys _FACUp 
MC templates generated from 512792 events. LQpure_u_vec integral is 1854.4 
 
Making SM mc template for sys _FACDown 
MC templates generated from 512792 events. Sym integral is 7677.4 
 
Making LQ mc template for sys _FACDown 
MC templates generated from 512792 events. LQpure_u_vec integral is 1754.8 
 
elel: nom 535, up 547, down 516 
Making mumu temps 
Making SM mc template for sys  
MC templates generated from 679084 events. Sym integral is 10289.3 
 
Making LQ mc template for sys  
MC templates generated from 679084 events. LQpure_u_vec integral is 2331.7 
 
Making SM mc template for sys _REFACUp 
MC templates generated from 679084 events. Sym integral is 10553.3 
 
Making LQ mc template for sys _REFACUp 
MC templates generated from 679084 events. LQpure_u_vec integral is 2406.0 
 
Making SM mc template for sys _REFACDown 
MC templates generated from 679084 events. Sym integral is 9938.2 
 
Making LQ mc template for sys _REFACDown 
MC templates generated from 679084 events. LQWarning in <TCanvas::Constructor>: Deleting canvas with same name: c_mumu
Warning in <TH1F::Sumw2>: Sum of squares of weights structure already created
Warning in <TH1F::Sumw2>: Sum of squares of weights structure already created
Info in <TCanvas::Print>: png file Misc_plots/mumu2018_yLQ1.0__REFAC_chk_011923_u.png has been created
Warning in <TCanvas::Constructor>: Deleting canvas with same name: c_mumu
Warning in <TH1F::Sumw2>: Sum of squares of weights structure already created
Warning in <TH1F::Sumw2>: Sum of squares of weights structure already created
Info in <TCanvas::Print>: png file Misc_plots/ee2018_yLQ1.0__REFAC_chk_011923_u.png has been created
Warning in <TCanvas::Constructor>: Deleting canvas with same name: c_mumu
Warning in <TH1F::Sumw2>: Sum of squares of weights structure already created
Warning in <TH1F::Sumw2>: Sum of squares of weights structure already created
Info in <TCanvas::Print>: png file Misc_plots/mumu2018_yLQ1.0__ptrw7b_chk_011923_u.png has been created
Warning in <TCanvas::Constructor>: Deleting canvas with same name: c_mumu
Warning in <TH1F::Sumw2>: Sum of squares of weights structure already created
Warning in <TH1F::Sumw2>: Sum of squares of weights structure already created
Info in <TCanvas::Print>: png file Misc_plots/ee2018_yLQ1.0__ptrw7b_chk_011923_u.png has been created
Warning in <TCanvas::Constructor>: Deleting canvas with same name: c_mumu
Warning in <TH1F::Sumw2>: Sum of squares of weights structure already created
Warning in <TH1F::Sumw2>: Sum of squares of weights structure already created
Info in <TCanvas::Print>: png file Misc_plots/mumu2018_yLQ1.0__ptrw2b_chk_011923_u.png has been created
Warning in <TCanvas::Constructor>: Deleting canvas with same name: c_mumu
Warning in <TH1F::Sumw2>: Sum of squares of weights structure already created
Warning in <TH1F::Sumw2>: Sum of squares of weights structure already created
Info in <TCanvas::Print>: png file Misc_plots/ee2018_yLQ1.0__ptrw2b_chk_011923_u.png has been created
pure_u_vec integral is 2247.4 
 
MuMu: nom 687, up 710, down 660 
Making elel temps 
Making SM mc template for sys  
MC templates generated from 512792 events. Sym integral is 7910.2 
 
Making LQ mc template for sys  
MC templates generated from 512792 events. LQpure_u_vec integral is 1817.3 
 
Making SM mc template for sys _REFACUp 
MC templates generated from 512792 events. Sym integral is 8105.5 
 
Making LQ mc template for sys _REFACUp 
MC templates generated from 512792 events. LQpure_u_vec integral is 1873.0 
 
Making SM mc template for sys _REFACDown 
MC templates generated from 512792 events. Sym integral is 7644.7 
 
Making LQ mc template for sys _REFACDown 
MC templates generated from 512792 events. LQpure_u_vec integral is 1755.1 
 
elel: nom 535, up 553, down 516 
Making mumu temps 
Making SM mc template for sys  
MC templates generated from 679084 events. Sym integral is 10289.3 
 
Making LQ mc template for sys  
MC templates generated from 679084 events. LQpure_u_vec integral is 2331.7 
 
Making SM mc template for sys _ptrw7bUp 
Doing ptrw sys 7 
MC templates generated from 679084 events. Sym integral is 10369.4 
 
Making LQ mc template for sys _ptrw7bUp 
Doing ptrw sys 7 
MC templates generated from 679084 events. LQpure_u_vec integral is 2360.2 
 
Making SM mc template for sys _ptrw7bDown 
Doing ptrw sys -7 
MC templates generated from 679084 events. Sym integral is 10213.4 
 
Making LQ mc template for sys _ptrw7bDown 
Doing ptrw sys -7 
MC templates generated from 679084 events. LQpure_u_vec integral is 2304.1 
 
MuMu: nom 687, up 693, down 681 
Making elel temps 
Making SM mc template for sys  
MC templates generated from 512792 events. Sym integral is 7910.2 
 
Making LQ mc template for sys  
MC templates generated from 512792 events. LQpure_u_vec integral is 1817.3 
 
Making SM mc template for sys _ptrw7bUp 
Doing ptrw sys 7 
MC templates generated from 512792 events. Sym integral is 7953.8 
 
Making LQ mc template for sys _ptrw7bUp 
Doing ptrw sys 7 
MC templates generated from 512792 events. LQpure_u_vec integral is 1827.6 
 
Making SM mc template for sys _ptrw7bDown 
Doing ptrw sys -7 
MC templates generated from 512792 events. Sym integral is 7869.9 
 
Making LQ mc template for sys _ptrw7bDown 
Doing ptrw sys -7 
MC templates generated from 512792 events. LQpure_u_vec integral is 1807.7 
 
elel: nom 535, up 537, down 534 
Making mumu temps 
Making SM mc template for sys  
MC templates generated from 679084 events. Sym integral is 10289.3 
 
Making LQ mc template for sys  
MC templates generated from 679084 events. LQpure_u_vec integral is 2331.7 
 
Making SM mc template for sys _ptrw2bUp 
Doing ptrw sys 2 
MC templates generated from 679084 events. Sym integral is 10296.7 
 
Making LQ mc template for sys _ptrw2bUp 
Doing ptrw sys 2 
MC templates generated from 679084 events. LQpure_u_vec integral is 2324.3 
 
Making SM mc template for sys _ptrw2bDown 
Doing ptrw sys -2 
MC templates generated from 679084 events. Sym integral is 10287.9 
 
Making LQ mc template for sys _ptrw2bDown 
Doing ptrw sys -2 
MC templates generated from 679084 events. LQpure_u_vec integral is 2340.4 
 
MuMu: nom 687, up 686, down 688 
Making elel temps 
Making SM mc template for sys  
MC templates generated from 512792 events. Sym integral is 7910.2 
 
Making LQ mc template for sys  
MC templates generated from 512792 events. LQpure_u_vec integral is 1817.3 
 
Making SM mc template for sys _ptrw2bUp 
Doing ptrw sys 2 
MC templates generated from 512792 events. Sym integral is 7936.8 
 
Making LQ mc template for sys _ptrw2bUp 
Doing ptrw sys 2 
MC templates generated from 512792 events. LQpure_u_vec integral is 1821.8 
 
Making SM mc template for sys _ptrw2bDown 
Doing ptrw sys -2 
MC templates generated from 512792 events. Sym integral is 7887.9 
 
Making LQ mc template for sys _ptrw2bDown 
Doing ptrw sys -2 
MC templates generated from 512792 events. LQpure_u_vec integral is 1813.8 
 
elel: nom 535, up 537, down 534 
