INFO: (function: improveOnce) CascadeMinimizer.cc: 188 -- Minimisation configured with Type=Minuit2, Algo=Migrad, strategy=1, tolerance=0.1
INFO: (function: improveOnce) CascadeMinimizer.cc: 211 -- Minimisation finished with status=0
INFO: (function: improveOnce) CascadeMinimizer.cc: 216 -- Minimization success! status=0
INFO: (function: asimovDatasetWithFit) AsimovUtils.cc: 69 -- Parameters after fit for asimov dataset
INFO: (function: asimovDatasetWithFit) AsimovUtils.cc: 73 -- A0 = 0.0409617 
INFO: (function: asimovDatasetWithFit) AsimovUtils.cc: 73 -- A4 = 1.60991 
INFO: (function: asimovDatasetWithFit) AsimovUtils.cc: 73 -- FAC16 = -0.0403053 
INFO: (function: asimovDatasetWithFit) AsimovUtils.cc: 73 -- FAC16_In = 0 (constant)
INFO: (function: asimovDatasetWithFit) AsimovUtils.cc: 73 -- FAC1718 = 0.0167032 
INFO: (function: asimovDatasetWithFit) AsimovUtils.cc: 73 -- FAC1718_In = 0 (constant)
INFO: (function: asimovDatasetWithFit) AsimovUtils.cc: 73 -- ONE = 1 (constant)
INFO: (function: asimovDatasetWithFit) AsimovUtils.cc: 73 -- Pu = -0.0130262 
INFO: (function: asimovDatasetWithFit) AsimovUtils.cc: 73 -- Pu_In = 0 (constant)
INFO: (function: asimovDatasetWithFit) AsimovUtils.cc: 73 -- REFAC16 = -0.0307603 
INFO: (function: asimovDatasetWithFit) AsimovUtils.cc: 73 -- REFAC16_In = 0 (constant)
INFO: (function: asimovDatasetWithFit) AsimovUtils.cc: 73 -- REFAC1718 = 0.00563399 
INFO: (function: asimovDatasetWithFit) AsimovUtils.cc: 73 -- REFAC1718_In = 0 (constant)
INFO: (function: asimovDatasetWithFit) AsimovUtils.cc: 73 -- RENORM16 = -0.00199791 
INFO: (function: asimovDatasetWithFit) AsimovUtils.cc: 73 -- RENORM16_In = 0 (constant)
INFO: (function: asimovDatasetWithFit) AsimovUtils.cc: 73 -- RENORM1718 = -0.0348726 
INFO: (function: asimovDatasetWithFit) AsimovUtils.cc: 73 -- RENORM1718_In = 0 (constant)
INFO: (function: asimovDatasetWithFit) AsimovUtils.cc: 73 -- alphaS16 = 0.0116604 
INFO: (function: asimovDatasetWithFit) AsimovUtils.cc: 73 -- alphaS16_In = 0 (constant)
INFO: (function: asimovDatasetWithFit) AsimovUtils.cc: 73 -- alphaS1718 = 0 
INFO: (function: asimovDatasetWithFit) AsimovUtils.cc: 73 -- alphaS1718_In = 0 (constant)
INFO: (function: asimovDatasetWithFit) AsimovUtils.cc: 73 -- db_xsec = -0.0207458 
INFO: (function: asimovDatasetWithFit) AsimovUtils.cc: 73 -- db_xsec_In = 0 (constant)
INFO: (function: asimovDatasetWithFit) AsimovUtils.cc: 73 -- dy_xsec = 0.0177293 
INFO: (function: asimovDatasetWithFit) AsimovUtils.cc: 73 -- dy_xsec_In = 0 (constant)
INFO: (function: asimovDatasetWithFit) AsimovUtils.cc: 73 -- elFakes16 = 0.0359387 
INFO: (function: asimovDatasetWithFit) AsimovUtils.cc: 73 -- elFakes16_In = 0 (constant)
INFO: (function: asimovDatasetWithFit) AsimovUtils.cc: 73 -- elFakes17 = 0.0032629 
INFO: (function: asimovDatasetWithFit) AsimovUtils.cc: 73 -- elFakes17_In = 0 (constant)
INFO: (function: asimovDatasetWithFit) AsimovUtils.cc: 73 -- elFakes18 = -0.0015698 
INFO: (function: asimovDatasetWithFit) AsimovUtils.cc: 73 -- elFakes18_In = 0 (constant)
INFO: (function: asimovDatasetWithFit) AsimovUtils.cc: 73 -- elHLTBARPTHIGH16 = -0.00321631 
INFO: (function: asimovDatasetWithFit) AsimovUtils.cc: 73 -- elHLTBARPTHIGH16_In = 0 (constant)
INFO: (function: asimovDatasetWithFit) AsimovUtils.cc: 73 -- elHLTBARPTHIGH17 = 0.00271277 
INFO: (function: asimovDatasetWithFit) AsimovUtils.cc: 73 -- elHLTBARPTHIGH17_In = 0 (constant)
INFO: (function: asimovDatasetWithFit) AsimovUtils.cc: 73 -- elHLTBARPTHIGH18 = 0.00582098 
INFO: (function: asimovDatasetWithFit) AsimovUtils.cc: 73 -- elHLTBARPTHIGH18_In = 0 (constant)
INFO: (function: asimovDatasetWithFit) AsimovUtils.cc: 73 -- elHLTBARPTLOW16 = 0.000113727 
INFO: (function: asimovDatasetWithFit) AsimovUtils.cc: 73 -- elHLTBARPTLOW16_In = 0 (constant)
INFO: (function: asimovDatasetWithFit) AsimovUtils.cc: 73 -- elHLTBARPTLOW17 = 0.00137357 
INFO: (function: asimovDatasetWithFit) AsimovUtils.cc: 73 -- elHLTBARPTLOW17_In = 0 (constant)
INFO: (function: asimovDatasetWithFit) AsimovUtils.cc: 73 -- elHLTBARPTLOW18 = 0.00298842 
INFO: (function: asimovDatasetWithFit) AsimovUtils.cc: 73 -- elHLTBARPTLOW18_In = 0 (constant)
INFO: (function: asimovDatasetWithFit) AsimovUtils.cc: 73 -- elHLTENDPTHIGH16 = 0.0077638 
INFO: (function: asimovDatasetWithFit) AsimovUtils.cc: 73 -- elHLTENDPTHIGH16_In = 0 (constant)
INFO: (function: asimovDatasetWithFit) AsimovUtils.cc: 73 -- elHLTENDPTHIGH17 = 0.000679035 
INFO: (function: asimovDatasetWithFit) AsimovUtils.cc: 73 -- elHLTENDPTHIGH17_In = 0 (constant)
INFO: (function: asimovDatasetWithFit) AsimovUtils.cc: 73 -- elHLTENDPTHIGH18 = -0.00494812 
INFO: (function: asimovDatasetWithFit) AsimovUtils.cc: 73 -- elHLTENDPTHIGH18_In = 0 (constant)
INFO: (function: asimovDatasetWithFit) AsimovUtils.cc: 73 -- elHLTENDPTLOW16 = 0.00475176 
INFO: (function: asimovDatasetWithFit) AsimovUtils.cc: 73 -- elHLTENDPTLOW16_In = 0 (constant)
INFO: (function: asimovDatasetWithFit) AsimovUtils.cc: 73 -- elHLTENDPTLOW17 = 0.000392701 
INFO: (function: asimovDatasetWithFit) AsimovUtils.cc: 73 -- elHLTENDPTLOW17_In = 0 (constant)
INFO: (function: asimovDatasetWithFit) AsimovUtils.cc: 73 -- elHLTENDPTLOW18 = -0.00368776 
INFO: (function: asimovDatasetWithFit) AsimovUtils.cc: 73 -- elHLTENDPTLOW18_In = 0 (constant)
INFO: (function: asimovDatasetWithFit) AsimovUtils.cc: 73 -- elIDBARPTHIGH = 0.00214986 
INFO: (function: asimovDatasetWithFit) AsimovUtils.cc: 73 -- elIDBARPTHIGH_In = 0 (constant)
INFO: (function: asimovDatasetWithFit) AsimovUtils.cc: 73 -- elIDBARPTLOW = -0.000349016 
INFO: (function: asimovDatasetWithFit) AsimovUtils.cc: 73 -- elIDBARPTLOW_In = 0 (constant)
INFO: (function: asimovDatasetWithFit) AsimovUtils.cc: 73 -- elIDENDPTHIGH = 0.00980972 
INFO: (function: asimovDatasetWithFit) AsimovUtils.cc: 73 -- elIDENDPTHIGH_In = 0 (constant)
INFO: (function: asimovDatasetWithFit) AsimovUtils.cc: 73 -- elIDENDPTLOW = -0.00380427 
INFO: (function: asimovDatasetWithFit) AsimovUtils.cc: 73 -- elIDENDPTLOW_In = 0 (constant)
INFO: (function: asimovDatasetWithFit) AsimovUtils.cc: 73 -- elRECOBARPTHIGH = -0.00309846 
INFO: (function: asimovDatasetWithFit) AsimovUtils.cc: 73 -- elRECOBARPTHIGH_In = 0 (constant)
INFO: (function: asimovDatasetWithFit) AsimovUtils.cc: 73 -- elRECOBARPTLOW = 0.000130708 
INFO: (function: asimovDatasetWithFit) AsimovUtils.cc: 73 -- elRECOBARPTLOW_In = 0 (constant)
INFO: (function: asimovDatasetWithFit) AsimovUtils.cc: 73 -- elRECOENDPTHIGH = -0.00135294 
INFO: (function: asimovDatasetWithFit) AsimovUtils.cc: 73 -- elRECOENDPTHIGH_In = 0 (constant)
INFO: (function: asimovDatasetWithFit) AsimovUtils.cc: 73 -- elRECOENDPTLOW = -0.00144698 
INFO: (function: asimovDatasetWithFit) AsimovUtils.cc: 73 -- elRECOENDPTLOW_In = 0 (constant)
INFO: (function: asimovDatasetWithFit) AsimovUtils.cc: 73 -- elScaleGain16 = -0.0456961 
INFO: (function: asimovDatasetWithFit) AsimovUtils.cc: 73 -- elScaleGain16_In = 0 (constant)
INFO: (function: asimovDatasetWithFit) AsimovUtils.cc: 73 -- elScaleGain17 = -0.0575056 
INFO: (function: asimovDatasetWithFit) AsimovUtils.cc: 73 -- elScaleGain17_In = 0 (constant)
INFO: (function: asimovDatasetWithFit) AsimovUtils.cc: 73 -- elScaleGain18 = -0.0206352 
INFO: (function: asimovDatasetWithFit) AsimovUtils.cc: 73 -- elScaleGain18_In = 0 (constant)
INFO: (function: asimovDatasetWithFit) AsimovUtils.cc: 73 -- elScaleStat16 = 0 
INFO: (function: asimovDatasetWithFit) AsimovUtils.cc: 73 -- elScaleStat16_In = 0 (constant)
INFO: (function: asimovDatasetWithFit) AsimovUtils.cc: 73 -- elScaleStat17 = 0 
INFO: (function: asimovDatasetWithFit) AsimovUtils.cc: 73 -- elScaleStat17_In = 0 (constant)
INFO: (function: asimovDatasetWithFit) AsimovUtils.cc: 73 -- elScaleStat18 = 0 
INFO: (function: asimovDatasetWithFit) AsimovUtils.cc: 73 -- elScaleStat18_In = 0 (constant)
INFO: (function: asimovDatasetWithFit) AsimovUtils.cc: 73 -- elScaleSyst = 0.024802 
INFO: (function: asimovDatasetWithFit) AsimovUtils.cc: 73 -- elScaleSyst_In = 0 (constant)
INFO: (function: asimovDatasetWithFit) AsimovUtils.cc: 73 -- elSmear = 0.00209979 
INFO: (function: asimovDatasetWithFit) AsimovUtils.cc: 73 -- elSmear_In = 0 (constant)
INFO: (function: asimovDatasetWithFit) AsimovUtils.cc: 73 -- elfakesrw1b16 = 0.0687093 
INFO: (function: asimovDatasetWithFit) AsimovUtils.cc: 73 -- elfakesrw1b16_In = 0 (constant)
INFO: (function: asimovDatasetWithFit) AsimovUtils.cc: 73 -- elfakesrw1b17 = -0.0274511 
INFO: (function: asimovDatasetWithFit) AsimovUtils.cc: 73 -- elfakesrw1b17_In = 0 (constant)
INFO: (function: asimovDatasetWithFit) AsimovUtils.cc: 73 -- elfakesrw1b18 = -0.00323178 
INFO: (function: asimovDatasetWithFit) AsimovUtils.cc: 73 -- elfakesrw1b18_In = 0 (constant)
INFO: (function: asimovDatasetWithFit) AsimovUtils.cc: 73 -- elfakesrw2b16 = 0.0276864 
INFO: (function: asimovDatasetWithFit) AsimovUtils.cc: 73 -- elfakesrw2b16_In = 0 (constant)
INFO: (function: asimovDatasetWithFit) AsimovUtils.cc: 73 -- elfakesrw2b17 = -0.0111652 
INFO: (function: asimovDatasetWithFit) AsimovUtils.cc: 73 -- elfakesrw2b17_In = 0 (constant)
INFO: (function: asimovDatasetWithFit) AsimovUtils.cc: 73 -- elfakesrw2b18 = -0.00246448 
INFO: (function: asimovDatasetWithFit) AsimovUtils.cc: 73 -- elfakesrw2b18_In = 0 (constant)
INFO: (function: asimovDatasetWithFit) AsimovUtils.cc: 73 -- elfakesrw3b16 = -0.101839 
INFO: (function: asimovDatasetWithFit) AsimovUtils.cc: 73 -- elfakesrw3b16_In = 0 (constant)
INFO: (function: asimovDatasetWithFit) AsimovUtils.cc: 73 -- elfakesrw3b17 = 0.033082 
INFO: (function: asimovDatasetWithFit) AsimovUtils.cc: 73 -- elfakesrw3b17_In = 0 (constant)
INFO: (function: asimovDatasetWithFit) AsimovUtils.cc: 73 -- elfakesrw3b18 = -0.002922 
INFO: (function: asimovDatasetWithFit) AsimovUtils.cc: 73 -- elfakesrw3b18_In = 0 (constant)
INFO: (function: asimovDatasetWithFit) AsimovUtils.cc: 73 -- elfakesrw4b16 = -0.00394074 
INFO: (function: asimovDatasetWithFit) AsimovUtils.cc: 73 -- elfakesrw4b16_In = 0 (constant)
INFO: (function: asimovDatasetWithFit) AsimovUtils.cc: 73 -- elfakesrw4b17 = 0.0130943 
INFO: (function: asimovDatasetWithFit) AsimovUtils.cc: 73 -- elfakesrw4b17_In = 0 (constant)
INFO: (function: asimovDatasetWithFit) AsimovUtils.cc: 73 -- elfakesrw4b18 = 0.0175264 
INFO: (function: asimovDatasetWithFit) AsimovUtils.cc: 73 -- elfakesrw4b18_In = 0 (constant)
INFO: (function: asimovDatasetWithFit) AsimovUtils.cc: 73 -- emucostrw1b16 = 0.0200491 
INFO: (function: asimovDatasetWithFit) AsimovUtils.cc: 73 -- emucostrw1b16_In = 0 (constant)
INFO: (function: asimovDatasetWithFit) AsimovUtils.cc: 73 -- emucostrw1b1718 = -0.0636345 
INFO: (function: asimovDatasetWithFit) AsimovUtils.cc: 73 -- emucostrw1b1718_In = 0 (constant)
INFO: (function: asimovDatasetWithFit) AsimovUtils.cc: 73 -- emucostrw2b16 = 0.0153514 
INFO: (function: asimovDatasetWithFit) AsimovUtils.cc: 73 -- emucostrw2b16_In = 0 (constant)
INFO: (function: asimovDatasetWithFit) AsimovUtils.cc: 73 -- emucostrw2b1718 = -0.0174137 
INFO: (function: asimovDatasetWithFit) AsimovUtils.cc: 73 -- emucostrw2b1718_In = 0 (constant)
INFO: (function: asimovDatasetWithFit) AsimovUtils.cc: 73 -- emucostrw3b16 = -0.0203392 
INFO: (function: asimovDatasetWithFit) AsimovUtils.cc: 73 -- emucostrw3b16_In = 0 (constant)
INFO: (function: asimovDatasetWithFit) AsimovUtils.cc: 73 -- emucostrw3b1718 = 0.0160494 
INFO: (function: asimovDatasetWithFit) AsimovUtils.cc: 73 -- emucostrw3b1718_In = 0 (constant)
INFO: (function: asimovDatasetWithFit) AsimovUtils.cc: 73 -- emucostrw4b16 = 0.0011813 
INFO: (function: asimovDatasetWithFit) AsimovUtils.cc: 73 -- emucostrw4b16_In = 0 (constant)
INFO: (function: asimovDatasetWithFit) AsimovUtils.cc: 73 -- emucostrw4b1718 = 0.00704699 
INFO: (function: asimovDatasetWithFit) AsimovUtils.cc: 73 -- emucostrw4b1718_In = 0 (constant)
INFO: (function: asimovDatasetWithFit) AsimovUtils.cc: 73 -- gam_xsec = 0.00243125 
INFO: (function: asimovDatasetWithFit) AsimovUtils.cc: 73 -- gam_xsec_In = 0 (constant)
INFO: (function: asimovDatasetWithFit) AsimovUtils.cc: 73 -- lumi16 = -0.0116763 
INFO: (function: asimovDatasetWithFit) AsimovUtils.cc: 73 -- lumi16_In = 0 (constant)
INFO: (function: asimovDatasetWithFit) AsimovUtils.cc: 73 -- lumi17 = 0.0106944 
INFO: (function: asimovDatasetWithFit) AsimovUtils.cc: 73 -- lumi17_In = 0 (constant)
INFO: (function: asimovDatasetWithFit) AsimovUtils.cc: 73 -- lumi18 = 0.00179072 
INFO: (function: asimovDatasetWithFit) AsimovUtils.cc: 73 -- lumi18_In = 0 (constant)
INFO: (function: asimovDatasetWithFit) AsimovUtils.cc: 73 -- lumiBC = 0.00162988 
INFO: (function: asimovDatasetWithFit) AsimovUtils.cc: 73 -- lumiBC_In = 0 (constant)
INFO: (function: asimovDatasetWithFit) AsimovUtils.cc: 73 -- lumiDB = -0.000287227 
INFO: (function: asimovDatasetWithFit) AsimovUtils.cc: 73 -- lumiDB_In = 0 (constant)
INFO: (function: asimovDatasetWithFit) AsimovUtils.cc: 73 -- lumiGS = -0.00167754 
INFO: (function: asimovDatasetWithFit) AsimovUtils.cc: 73 -- lumiGS_In = 0 (constant)
INFO: (function: asimovDatasetWithFit) AsimovUtils.cc: 73 -- lumiLS = 0.00162988 
INFO: (function: asimovDatasetWithFit) AsimovUtils.cc: 73 -- lumiLS_In = 0 (constant)
INFO: (function: asimovDatasetWithFit) AsimovUtils.cc: 73 -- lumiXY = 0.00395644 
INFO: (function: asimovDatasetWithFit) AsimovUtils.cc: 73 -- lumiXY_In = 0 (constant)
INFO: (function: asimovDatasetWithFit) AsimovUtils.cc: 73 -- nlo_sys = 0 
INFO: (function: asimovDatasetWithFit) AsimovUtils.cc: 73 -- nlo_sys_In = 0 (constant)
INFO: (function: asimovDatasetWithFit) AsimovUtils.cc: 73 -- pdf1 = 0.00451722 
INFO: (function: asimovDatasetWithFit) AsimovUtils.cc: 73 -- pdf10 = -0.00163265 
INFO: (function: asimovDatasetWithFit) AsimovUtils.cc: 73 -- pdf10_In = 0 (constant)
INFO: (function: asimovDatasetWithFit) AsimovUtils.cc: 73 -- pdf11 = -0.00149897 
INFO: (function: asimovDatasetWithFit) AsimovUtils.cc: 73 -- pdf11_In = 0 (constant)
INFO: (function: asimovDatasetWithFit) AsimovUtils.cc: 73 -- pdf12 = -0.00439465 
INFO: (function: asimovDatasetWithFit) AsimovUtils.cc: 73 -- pdf12_In = 0 (constant)
INFO: (function: asimovDatasetWithFit) AsimovUtils.cc: 73 -- pdf13 = 0.00624244 
INFO: (function: asimovDatasetWithFit) AsimovUtils.cc: 73 -- pdf13_In = 0 (constant)
INFO: (function: asimovDatasetWithFit) AsimovUtils.cc: 73 -- pdf14 = 0.00557593 
INFO: (function: asimovDatasetWithFit) AsimovUtils.cc: 73 -- pdf14_In = 0 (constant)
INFO: (function: asimovDatasetWithFit) AsimovUtils.cc: 73 -- pdf15 = -0.000971767 
INFO: (function: asimovDatasetWithFit) AsimovUtils.cc: 73 -- pdf15_In = 0 (constant)
INFO: (function: asimovDatasetWithFit) AsimovUtils.cc: 73 -- pdf16 = -0.00352704 
INFO: (function: asimovDatasetWithFit) AsimovUtils.cc: 73 -- pdf16_In = 0 (constant)
INFO: (function: asimovDatasetWithFit) AsimovUtils.cc: 73 -- pdf17 = 1.17897e-05 
INFO: (function: asimovDatasetWithFit) AsimovUtils.cc: 73 -- pdf17_In = 0 (constant)
INFO: (function: asimovDatasetWithFit) AsimovUtils.cc: 73 -- pdf18 = -0.00520164 
INFO: (function: asimovDatasetWithFit) AsimovUtils.cc: 73 -- pdf18_In = 0 (constant)
INFO: (function: asimovDatasetWithFit) AsimovUtils.cc: 73 -- pdf19 = -0.00140528 
INFO: (function: asimovDatasetWithFit) AsimovUtils.cc: 73 -- pdf19_In = 0 (constant)
INFO: (function: asimovDatasetWithFit) AsimovUtils.cc: 73 -- pdf1_In = 0 (constant)
INFO: (function: asimovDatasetWithFit) AsimovUtils.cc: 73 -- pdf2 = -7.77737e-06 
INFO: (function: asimovDatasetWithFit) AsimovUtils.cc: 73 -- pdf20 = -0.000737144 
INFO: (function: asimovDatasetWithFit) AsimovUtils.cc: 73 -- pdf20_In = 0 (constant)
INFO: (function: asimovDatasetWithFit) AsimovUtils.cc: 73 -- pdf21 = 2.30869e-05 
INFO: (function: asimovDatasetWithFit) AsimovUtils.cc: 73 -- pdf21_In = 0 (constant)
INFO: (function: asimovDatasetWithFit) AsimovUtils.cc: 73 -- pdf22 = -0.000206694 
INFO: (function: asimovDatasetWithFit) AsimovUtils.cc: 73 -- pdf22_In = 0 (constant)
INFO: (function: asimovDatasetWithFit) AsimovUtils.cc: 73 -- pdf23 = 0.0027218 
INFO: (function: asimovDatasetWithFit) AsimovUtils.cc: 73 -- pdf23_In = 0 (constant)
INFO: (function: asimovDatasetWithFit) AsimovUtils.cc: 73 -- pdf24 = -0.00523026 
INFO: (function: asimovDatasetWithFit) AsimovUtils.cc: 73 -- pdf24_In = 0 (constant)
INFO: (function: asimovDatasetWithFit) AsimovUtils.cc: 73 -- pdf25 = 0.00209854 
INFO: (function: asimovDatasetWithFit) AsimovUtils.cc: 73 -- pdf25_In = 0 (constant)
INFO: (function: asimovDatasetWithFit) AsimovUtils.cc: 73 -- pdf26 = 0.00159593 
INFO: (function: asimovDatasetWithFit) AsimovUtils.cc: 73 -- pdf26_In = 0 (constant)
INFO: (function: asimovDatasetWithFit) AsimovUtils.cc: 73 -- pdf27 = -0.00675335 
INFO: (function: asimovDatasetWithFit) AsimovUtils.cc: 73 -- pdf27_In = 0 (constant)
INFO: (function: asimovDatasetWithFit) AsimovUtils.cc: 73 -- pdf28 = -0.00359235 
INFO: (function: asimovDatasetWithFit) AsimovUtils.cc: 73 -- pdf28_In = 0 (constant)
INFO: (function: asimovDatasetWithFit) AsimovUtils.cc: 73 -- pdf29 = 0.00225689 
INFO: (function: asimovDatasetWithFit) AsimovUtils.cc: 73 -- pdf29_In = 0 (constant)
INFO: (function: asimovDatasetWithFit) AsimovUtils.cc: 73 -- pdf2_In = 0 (constant)
INFO: (function: asimovDatasetWithFit) AsimovUtils.cc: 73 -- pdf3 = -0.000249902 
INFO: (function: asimovDatasetWithFit) AsimovUtils.cc: 73 -- pdf30 = -0.00019642 
INFO: (function: asimovDatasetWithFit) AsimovUtils.cc: 73 -- pdf30_In = 0 (constant)
INFO: (function: asimovDatasetWithFit) AsimovUtils.cc: 73 -- pdf31 = -0.00184013 
INFO: (function: asimovDatasetWithFit) AsimovUtils.cc: 73 -- pdf31_In = 0 (constant)
INFO: (function: asimovDatasetWithFit) AsimovUtils.cc: 73 -- pdf32 = -0.00204427 
INFO: (function: asimovDatasetWithFit) AsimovUtils.cc: 73 -- pdf32_In = 0 (constant)
INFO: (function: asimovDatasetWithFit) AsimovUtils.cc: 73 -- pdf33 = -0.0080723 
INFO: (function: asimovDatasetWithFit) AsimovUtils.cc: 73 -- pdf33_In = 0 (constant)
INFO: (function: asimovDatasetWithFit) AsimovUtils.cc: 73 -- pdf34 = 0.00185994 
INFO: (function: asimovDatasetWithFit) AsimovUtils.cc: 73 -- pdf34_In = 0 (constant)
INFO: (function: asimovDatasetWithFit) AsimovUtils.cc: 73 -- pdf35 = 0.00380027 
INFO: (function: asimovDatasetWithFit) AsimovUtils.cc: 73 -- pdf35_In = 0 (constant)
INFO: (function: asimovDatasetWithFit) AsimovUtils.cc: 73 -- pdf36 = 0.00183015 
INFO: (function: asimovDatasetWithFit) AsimovUtils.cc: 73 -- pdf36_In = 0 (constant)
INFO: (function: asimovDatasetWithFit) AsimovUtils.cc: 73 -- pdf37 = 0.00110721 
INFO: (function: asimovDatasetWithFit) AsimovUtils.cc: 73 -- pdf37_In = 0 (constant)
INFO: (function: asimovDatasetWithFit) AsimovUtils.cc: 73 -- pdf38 = -0.00124846 
INFO: (function: asimovDatasetWithFit) AsimovUtils.cc: 73 -- pdf38_In = 0 (constant)
INFO: (function: asimovDatasetWithFit) AsimovUtils.cc: 73 -- pdf39 = -0.00290288 
INFO: (function: asimovDatasetWithFit) AsimovUtils.cc: 73 -- pdf39_In = 0 (constant)
INFO: (function: asimovDatasetWithFit) AsimovUtils.cc: 73 -- pdf3_In = 0 (constant)
INFO: (function: asimovDatasetWithFit) AsimovUtils.cc: 73 -- pdf4 = -0.00141874 
INFO: (function: asimovDatasetWithFit) AsimovUtils.cc: 73 -- pdf40 = 0.00612729 
INFO: (function: asimovDatasetWithFit) AsimovUtils.cc: 73 -- pdf40_In = 0 (constant)
INFO: (function: asimovDatasetWithFit) AsimovUtils.cc: 73 -- pdf41 = 0.00478917 
INFO: (function: asimovDatasetWithFit) AsimovUtils.cc: 73 -- pdf41_In = 0 (constant)
INFO: (function: asimovDatasetWithFit) AsimovUtils.cc: 73 -- pdf42 = -0.000320316 
INFO: (function: asimovDatasetWithFit) AsimovUtils.cc: 73 -- pdf42_In = 0 (constant)
INFO: (function: asimovDatasetWithFit) AsimovUtils.cc: 73 -- pdf43 = 0.00272104 
INFO: (function: asimovDatasetWithFit) AsimovUtils.cc: 73 -- pdf43_In = 0 (constant)
INFO: (function: asimovDatasetWithFit) AsimovUtils.cc: 73 -- pdf44 = -0.000659607 
INFO: (function: asimovDatasetWithFit) AsimovUtils.cc: 73 -- pdf44_In = 0 (constant)
INFO: (function: asimovDatasetWithFit) AsimovUtils.cc: 73 -- pdf45 = -0.00207378 
INFO: (function: asimovDatasetWithFit) AsimovUtils.cc: 73 -- pdf45_In = 0 (constant)
INFO: (function: asimovDatasetWithFit) AsimovUtils.cc: 73 -- pdf46 = 0.00178268 
INFO: (function: asimovDatasetWithFit) AsimovUtils.cc: 73 -- pdf46_In = 0 (constant)
INFO: (function: asimovDatasetWithFit) AsimovUtils.cc: 73 -- pdf47 = 0.00495386 
INFO: (function: asimovDatasetWithFit) AsimovUtils.cc: 73 -- pdf47_In = 0 (constant)
INFO: (function: asimovDatasetWithFit) AsimovUtils.cc: 73 -- pdf48 = 0.00628794 
INFO: (function: asimovDatasetWithFit) AsimovUtils.cc: 73 -- pdf48_In = 0 (constant)
INFO: (function: asimovDatasetWithFit) AsimovUtils.cc: 73 -- pdf49 = -0.00054252 
INFO: (function: asimovDatasetWithFit) AsimovUtils.cc: 73 -- pdf49_In = 0 (constant)
INFO: (function: asimovDatasetWithFit) AsimovUtils.cc: 73 -- pdf4_In = 0 (constant)
INFO: (function: asimovDatasetWithFit) AsimovUtils.cc: 73 -- pdf5 = 0.00399076 
INFO: (function: asimovDatasetWithFit) AsimovUtils.cc: 73 -- pdf50 = -0.000211592 
INFO: (function: asimovDatasetWithFit) AsimovUtils.cc: 73 -- pdf50_In = 0 (constant)
INFO: (function: asimovDatasetWithFit) AsimovUtils.cc: 73 -- pdf51 = -0.00770667 
INFO: (function: asimovDatasetWithFit) AsimovUtils.cc: 73 -- pdf51_In = 0 (constant)
INFO: (function: asimovDatasetWithFit) AsimovUtils.cc: 73 -- pdf52 = 0.00571126 
INFO: (function: asimovDatasetWithFit) AsimovUtils.cc: 73 -- pdf52_In = 0 (constant)
INFO: (function: asimovDatasetWithFit) AsimovUtils.cc: 73 -- pdf53 = -0.00110992 
INFO: (function: asimovDatasetWithFit) AsimovUtils.cc: 73 -- pdf53_In = 0 (constant)
INFO: (function: asimovDatasetWithFit) AsimovUtils.cc: 73 -- pdf54 = -4.02175e-05 
INFO: (function: asimovDatasetWithFit) AsimovUtils.cc: 73 -- pdf54_In = 0 (constant)
INFO: (function: asimovDatasetWithFit) AsimovUtils.cc: 73 -- pdf55 = -0.00252754 
INFO: (function: asimovDatasetWithFit) AsimovUtils.cc: 73 -- pdf55_In = 0 (constant)
INFO: (function: asimovDatasetWithFit) AsimovUtils.cc: 73 -- pdf56 = -0.00035937 
INFO: (function: asimovDatasetWithFit) AsimovUtils.cc: 73 -- pdf56_In = 0 (constant)
INFO: (function: asimovDatasetWithFit) AsimovUtils.cc: 73 -- pdf57 = 0.00359478 
INFO: (function: asimovDatasetWithFit) AsimovUtils.cc: 73 -- pdf57_In = 0 (constant)
INFO: (function: asimovDatasetWithFit) AsimovUtils.cc: 73 -- pdf58 = 0.000965892 
INFO: (function: asimovDatasetWithFit) AsimovUtils.cc: 73 -- pdf58_In = 0 (constant)
INFO: (function: asimovDatasetWithFit) AsimovUtils.cc: 73 -- pdf59 = -0.0012359 
INFO: (function: asimovDatasetWithFit) AsimovUtils.cc: 73 -- pdf59_In = 0 (constant)
INFO: (function: asimovDatasetWithFit) AsimovUtils.cc: 73 -- pdf5_In = 0 (constant)
INFO: (function: asimovDatasetWithFit) AsimovUtils.cc: 73 -- pdf6 = -0.000831586 
INFO: (function: asimovDatasetWithFit) AsimovUtils.cc: 73 -- pdf60 = -0.00130638 
INFO: (function: asimovDatasetWithFit) AsimovUtils.cc: 73 -- pdf60_In = 0 (constant)
INFO: (function: asimovDatasetWithFit) AsimovUtils.cc: 73 -- pdf6_In = 0 (constant)
INFO: (function: asimovDatasetWithFit) AsimovUtils.cc: 73 -- pdf7 = -0.00104658 
INFO: (function: asimovDatasetWithFit) AsimovUtils.cc: 73 -- pdf7_In = 0 (constant)
INFO: (function: asimovDatasetWithFit) AsimovUtils.cc: 73 -- pdf8 = 0.00189195 
INFO: (function: asimovDatasetWithFit) AsimovUtils.cc: 73 -- pdf8_In = 0 (constant)
INFO: (function: asimovDatasetWithFit) AsimovUtils.cc: 73 -- pdf9 = 0.00619089 
INFO: (function: asimovDatasetWithFit) AsimovUtils.cc: 73 -- pdf9_In = 0 (constant)
INFO: (function: asimovDatasetWithFit) AsimovUtils.cc: 73 -- prefire16 = -0.0369778 
INFO: (function: asimovDatasetWithFit) AsimovUtils.cc: 73 -- prefire16_In = 0 (constant)
INFO: (function: asimovDatasetWithFit) AsimovUtils.cc: 73 -- prefire17 = 0.0141062 
INFO: (function: asimovDatasetWithFit) AsimovUtils.cc: 73 -- prefire17_In = 0 (constant)
INFO: (function: asimovDatasetWithFit) AsimovUtils.cc: 73 -- prefire18 = 0 
INFO: (function: asimovDatasetWithFit) AsimovUtils.cc: 73 -- prefire18_In = 0 (constant)
INFO: (function: asimovDatasetWithFit) AsimovUtils.cc: 73 -- prop_binY16_bin0 = -0.0990359 
INFO: (function: asimovDatasetWithFit) AsimovUtils.cc: 73 -- prop_binY16_bin0_In = 0 (constant)
INFO: (function: asimovDatasetWithFit) AsimovUtils.cc: 73 -- prop_binY16_bin1 = 0.0106481 
INFO: (function: asimovDatasetWithFit) AsimovUtils.cc: 73 -- prop_binY16_bin10 = -0.0361262 
INFO: (function: asimovDatasetWithFit) AsimovUtils.cc: 73 -- prop_binY16_bin10_In = 0 (constant)
INFO: (function: asimovDatasetWithFit) AsimovUtils.cc: 73 -- prop_binY16_bin11 = 0.0341687 
INFO: (function: asimovDatasetWithFit) AsimovUtils.cc: 73 -- prop_binY16_bin11_In = 0 (constant)
INFO: (function: asimovDatasetWithFit) AsimovUtils.cc: 73 -- prop_binY16_bin12 = -0.0457696 
INFO: (function: asimovDatasetWithFit) AsimovUtils.cc: 73 -- prop_binY16_bin12_In = 0 (constant)
INFO: (function: asimovDatasetWithFit) AsimovUtils.cc: 73 -- prop_binY16_bin13 = -0.124466 
INFO: (function: asimovDatasetWithFit) AsimovUtils.cc: 73 -- prop_binY16_bin13_In = 0 (constant)
INFO: (function: asimovDatasetWithFit) AsimovUtils.cc: 73 -- prop_binY16_bin14 = 0.0258674 
INFO: (function: asimovDatasetWithFit) AsimovUtils.cc: 73 -- prop_binY16_bin14_In = 0 (constant)
INFO: (function: asimovDatasetWithFit) AsimovUtils.cc: 73 -- prop_binY16_bin15 = -0.27051 
INFO: (function: asimovDatasetWithFit) AsimovUtils.cc: 73 -- prop_binY16_bin15_In = 0 (constant)
INFO: (function: asimovDatasetWithFit) AsimovUtils.cc: 73 -- prop_binY16_bin16 = -0.0471428 
INFO: (function: asimovDatasetWithFit) AsimovUtils.cc: 73 -- prop_binY16_bin16_In = 0 (constant)
INFO: (function: asimovDatasetWithFit) AsimovUtils.cc: 73 -- prop_binY16_bin17 = 0.0365127 
INFO: (function: asimovDatasetWithFit) AsimovUtils.cc: 73 -- prop_binY16_bin17_In = 0 (constant)
INFO: (function: asimovDatasetWithFit) AsimovUtils.cc: 73 -- prop_binY16_bin18 = 0.154625 
INFO: (function: asimovDatasetWithFit) AsimovUtils.cc: 73 -- prop_binY16_bin18_In = 0 (constant)
INFO: (function: asimovDatasetWithFit) AsimovUtils.cc: 73 -- prop_binY16_bin19 = -0.024438 
INFO: (function: asimovDatasetWithFit) AsimovUtils.cc: 73 -- prop_binY16_bin19_In = 0 (constant)
INFO: (function: asimovDatasetWithFit) AsimovUtils.cc: 73 -- prop_binY16_bin1_In = 0 (constant)
INFO: (function: asimovDatasetWithFit) AsimovUtils.cc: 73 -- prop_binY16_bin2 = 0.0338016 
INFO: (function: asimovDatasetWithFit) AsimovUtils.cc: 73 -- prop_binY16_bin20 = -0.0187614 
INFO: (function: asimovDatasetWithFit) AsimovUtils.cc: 73 -- prop_binY16_bin20_In = 0 (constant)
INFO: (function: asimovDatasetWithFit) AsimovUtils.cc: 73 -- prop_binY16_bin21 = -0.019866 
INFO: (function: asimovDatasetWithFit) AsimovUtils.cc: 73 -- prop_binY16_bin21_In = 0 (constant)
INFO: (function: asimovDatasetWithFit) AsimovUtils.cc: 73 -- prop_binY16_bin22 = -0.014728 
INFO: (function: asimovDatasetWithFit) AsimovUtils.cc: 73 -- prop_binY16_bin22_In = 0 (constant)
INFO: (function: asimovDatasetWithFit) AsimovUtils.cc: 73 -- prop_binY16_bin23 = 0.0142673 
INFO: (function: asimovDatasetWithFit) AsimovUtils.cc: 73 -- prop_binY16_bin23_In = 0 (constant)
INFO: (function: asimovDatasetWithFit) AsimovUtils.cc: 73 -- prop_binY16_bin24 = -0.0349382 
INFO: (function: asimovDatasetWithFit) AsimovUtils.cc: 73 -- prop_binY16_bin24_In = 0 (constant)
INFO: (function: asimovDatasetWithFit) AsimovUtils.cc: 73 -- prop_binY16_bin25 = 0.00384633 
INFO: (function: asimovDatasetWithFit) AsimovUtils.cc: 73 -- prop_binY16_bin25_In = 0 (constant)
INFO: (function: asimovDatasetWithFit) AsimovUtils.cc: 73 -- prop_binY16_bin26 = 0.0237994 
INFO: (function: asimovDatasetWithFit) AsimovUtils.cc: 73 -- prop_binY16_bin26_In = 0 (constant)
INFO: (function: asimovDatasetWithFit) AsimovUtils.cc: 73 -- prop_binY16_bin27 = -0.00318145 
INFO: (function: asimovDatasetWithFit) AsimovUtils.cc: 73 -- prop_binY16_bin27_In = 0 (constant)
INFO: (function: asimovDatasetWithFit) AsimovUtils.cc: 73 -- prop_binY16_bin28 = 0.108287 
INFO: (function: asimovDatasetWithFit) AsimovUtils.cc: 73 -- prop_binY16_bin28_In = 0 (constant)
INFO: (function: asimovDatasetWithFit) AsimovUtils.cc: 73 -- prop_binY16_bin29 = -0.0449052 
INFO: (function: asimovDatasetWithFit) AsimovUtils.cc: 73 -- prop_binY16_bin29_In = 0 (constant)
INFO: (function: asimovDatasetWithFit) AsimovUtils.cc: 73 -- prop_binY16_bin2_In = 0 (constant)
INFO: (function: asimovDatasetWithFit) AsimovUtils.cc: 73 -- prop_binY16_bin3 = 0.0867371 
INFO: (function: asimovDatasetWithFit) AsimovUtils.cc: 73 -- prop_binY16_bin30 = -0.0224347 
INFO: (function: asimovDatasetWithFit) AsimovUtils.cc: 73 -- prop_binY16_bin30_In = 0 (constant)
INFO: (function: asimovDatasetWithFit) AsimovUtils.cc: 73 -- prop_binY16_bin31 = 0.0050376 
INFO: (function: asimovDatasetWithFit) AsimovUtils.cc: 73 -- prop_binY16_bin31_In = 0 (constant)
INFO: (function: asimovDatasetWithFit) AsimovUtils.cc: 73 -- prop_binY16_bin32 = 0.0206917 
INFO: (function: asimovDatasetWithFit) AsimovUtils.cc: 73 -- prop_binY16_bin32_In = 0 (constant)
INFO: (function: asimovDatasetWithFit) AsimovUtils.cc: 73 -- prop_binY16_bin33 = -0.0589441 
INFO: (function: asimovDatasetWithFit) AsimovUtils.cc: 73 -- prop_binY16_bin33_In = 0 (constant)
INFO: (function: asimovDatasetWithFit) AsimovUtils.cc: 73 -- prop_binY16_bin34 = -0.000395454 
INFO: (function: asimovDatasetWithFit) AsimovUtils.cc: 73 -- prop_binY16_bin34_In = 0 (constant)
INFO: (function: asimovDatasetWithFit) AsimovUtils.cc: 73 -- prop_binY16_bin35 = -0.0393624 
INFO: (function: asimovDatasetWithFit) AsimovUtils.cc: 73 -- prop_binY16_bin35_In = 0 (constant)
INFO: (function: asimovDatasetWithFit) AsimovUtils.cc: 73 -- prop_binY16_bin36 = -0.0298162 
INFO: (function: asimovDatasetWithFit) AsimovUtils.cc: 73 -- prop_binY16_bin36_In = 0 (constant)
INFO: (function: asimovDatasetWithFit) AsimovUtils.cc: 73 -- prop_binY16_bin37 = 0.00428789 
INFO: (function: asimovDatasetWithFit) AsimovUtils.cc: 73 -- prop_binY16_bin37_In = 0 (constant)
INFO: (function: asimovDatasetWithFit) AsimovUtils.cc: 73 -- prop_binY16_bin38 = 0.0159072 
INFO: (function: asimovDatasetWithFit) AsimovUtils.cc: 73 -- prop_binY16_bin38_In = 0 (constant)
INFO: (function: asimovDatasetWithFit) AsimovUtils.cc: 73 -- prop_binY16_bin39 = 0.000549758 
INFO: (function: asimovDatasetWithFit) AsimovUtils.cc: 73 -- prop_binY16_bin39_In = 0 (constant)
INFO: (function: asimovDatasetWithFit) AsimovUtils.cc: 73 -- prop_binY16_bin3_In = 0 (constant)
INFO: (function: asimovDatasetWithFit) AsimovUtils.cc: 73 -- prop_binY16_bin4 = -0.0676516 
INFO: (function: asimovDatasetWithFit) AsimovUtils.cc: 73 -- prop_binY16_bin40 = -0.0107368 
INFO: (function: asimovDatasetWithFit) AsimovUtils.cc: 73 -- prop_binY16_bin40_In = 0 (constant)
INFO: (function: asimovDatasetWithFit) AsimovUtils.cc: 73 -- prop_binY16_bin41 = 0.00919743 
INFO: (function: asimovDatasetWithFit) AsimovUtils.cc: 73 -- prop_binY16_bin41_In = 0 (constant)
INFO: (function: asimovDatasetWithFit) AsimovUtils.cc: 73 -- prop_binY16_bin42 = -0.00315919 
INFO: (function: asimovDatasetWithFit) AsimovUtils.cc: 73 -- prop_binY16_bin42_In = 0 (constant)
INFO: (function: asimovDatasetWithFit) AsimovUtils.cc: 73 -- prop_binY16_bin43 = 0.00445118 
INFO: (function: asimovDatasetWithFit) AsimovUtils.cc: 73 -- prop_binY16_bin43_In = 0 (constant)
INFO: (function: asimovDatasetWithFit) AsimovUtils.cc: 73 -- prop_binY16_bin44 = -0.00329064 
INFO: (function: asimovDatasetWithFit) AsimovUtils.cc: 73 -- prop_binY16_bin44_In = 0 (constant)
INFO: (function: asimovDatasetWithFit) AsimovUtils.cc: 73 -- prop_binY16_bin45 = 0.00421754 
INFO: (function: asimovDatasetWithFit) AsimovUtils.cc: 73 -- prop_binY16_bin45_In = 0 (constant)
INFO: (function: asimovDatasetWithFit) AsimovUtils.cc: 73 -- prop_binY16_bin46 = -0.000156199 
INFO: (function: asimovDatasetWithFit) AsimovUtils.cc: 73 -- prop_binY16_bin46_In = 0 (constant)
INFO: (function: asimovDatasetWithFit) AsimovUtils.cc: 73 -- prop_binY16_bin47 = 0.00826925 
INFO: (function: asimovDatasetWithFit) AsimovUtils.cc: 73 -- prop_binY16_bin47_In = 0 (constant)
INFO: (function: asimovDatasetWithFit) AsimovUtils.cc: 73 -- prop_binY16_bin48 = 0.0717265 
INFO: (function: asimovDatasetWithFit) AsimovUtils.cc: 73 -- prop_binY16_bin48_In = 0 (constant)
INFO: (function: asimovDatasetWithFit) AsimovUtils.cc: 73 -- prop_binY16_bin49 = 0.000321204 
INFO: (function: asimovDatasetWithFit) AsimovUtils.cc: 73 -- prop_binY16_bin49_In = 0 (constant)
INFO: (function: asimovDatasetWithFit) AsimovUtils.cc: 73 -- prop_binY16_bin4_In = 0 (constant)
INFO: (function: asimovDatasetWithFit) AsimovUtils.cc: 73 -- prop_binY16_bin5 = -0.0110299 
INFO: (function: asimovDatasetWithFit) AsimovUtils.cc: 73 -- prop_binY16_bin50 = -0.00446906 
INFO: (function: asimovDatasetWithFit) AsimovUtils.cc: 73 -- prop_binY16_bin50_In = 0 (constant)
INFO: (function: asimovDatasetWithFit) AsimovUtils.cc: 73 -- prop_binY16_bin51 = 0.00439243 
INFO: (function: asimovDatasetWithFit) AsimovUtils.cc: 73 -- prop_binY16_bin51_In = 0 (constant)
INFO: (function: asimovDatasetWithFit) AsimovUtils.cc: 73 -- prop_binY16_bin52 = 0.00100072 
INFO: (function: asimovDatasetWithFit) AsimovUtils.cc: 73 -- prop_binY16_bin52_In = 0 (constant)
INFO: (function: asimovDatasetWithFit) AsimovUtils.cc: 73 -- prop_binY16_bin53 = -0.0479439 
INFO: (function: asimovDatasetWithFit) AsimovUtils.cc: 73 -- prop_binY16_bin53_In = 0 (constant)
INFO: (function: asimovDatasetWithFit) AsimovUtils.cc: 73 -- prop_binY16_bin54 = -0.0177304 
INFO: (function: asimovDatasetWithFit) AsimovUtils.cc: 73 -- prop_binY16_bin54_In = 0 (constant)
INFO: (function: asimovDatasetWithFit) AsimovUtils.cc: 73 -- prop_binY16_bin55 = 0.0140924 
INFO: (function: asimovDatasetWithFit) AsimovUtils.cc: 73 -- prop_binY16_bin55_In = 0 (constant)
INFO: (function: asimovDatasetWithFit) AsimovUtils.cc: 73 -- prop_binY16_bin56 = -0.00720374 
INFO: (function: asimovDatasetWithFit) AsimovUtils.cc: 73 -- prop_binY16_bin56_In = 0 (constant)
INFO: (function: asimovDatasetWithFit) AsimovUtils.cc: 73 -- prop_binY16_bin57 = 0.00523978 
INFO: (function: asimovDatasetWithFit) AsimovUtils.cc: 73 -- prop_binY16_bin57_In = 0 (constant)
INFO: (function: asimovDatasetWithFit) AsimovUtils.cc: 73 -- prop_binY16_bin58 = -0.00403103 
INFO: (function: asimovDatasetWithFit) AsimovUtils.cc: 73 -- prop_binY16_bin58_In = 0 (constant)
INFO: (function: asimovDatasetWithFit) AsimovUtils.cc: 73 -- prop_binY16_bin59 = 0.00540938 
INFO: (function: asimovDatasetWithFit) AsimovUtils.cc: 73 -- prop_binY16_bin59_In = 0 (constant)
INFO: (function: asimovDatasetWithFit) AsimovUtils.cc: 73 -- prop_binY16_bin5_In = 0 (constant)
INFO: (function: asimovDatasetWithFit) AsimovUtils.cc: 73 -- prop_binY16_bin6 = 0.00431726 
INFO: (function: asimovDatasetWithFit) AsimovUtils.cc: 73 -- prop_binY16_bin6_In = 0 (constant)
INFO: (function: asimovDatasetWithFit) AsimovUtils.cc: 73 -- prop_binY16_bin7 = 0.0238371 
INFO: (function: asimovDatasetWithFit) AsimovUtils.cc: 73 -- prop_binY16_bin7_In = 0 (constant)
INFO: (function: asimovDatasetWithFit) AsimovUtils.cc: 73 -- prop_binY16_bin8 = 0.149538 
INFO: (function: asimovDatasetWithFit) AsimovUtils.cc: 73 -- prop_binY16_bin8_In = 0 (constant)
INFO: (function: asimovDatasetWithFit) AsimovUtils.cc: 73 -- prop_binY16_bin9 = 0.0784539 
INFO: (function: asimovDatasetWithFit) AsimovUtils.cc: 73 -- prop_binY16_bin9_In = 0 (constant)
INFO: (function: asimovDatasetWithFit) AsimovUtils.cc: 73 -- prop_binY17_bin0 = -0.0740891 
INFO: (function: asimovDatasetWithFit) AsimovUtils.cc: 73 -- prop_binY17_bin0_In = 0 (constant)
INFO: (function: asimovDatasetWithFit) AsimovUtils.cc: 73 -- prop_binY17_bin1 = 0.0154435 
INFO: (function: asimovDatasetWithFit) AsimovUtils.cc: 73 -- prop_binY17_bin10 = 0.00343033 
INFO: (function: asimovDatasetWithFit) AsimovUtils.cc: 73 -- prop_binY17_bin10_In = 0 (constant)
INFO: (function: asimovDatasetWithFit) AsimovUtils.cc: 73 -- prop_binY17_bin11 = 0.0155818 
INFO: (function: asimovDatasetWithFit) AsimovUtils.cc: 73 -- prop_binY17_bin11_In = 0 (constant)
INFO: (function: asimovDatasetWithFit) AsimovUtils.cc: 73 -- prop_binY17_bin12 = -0.058396 
INFO: (function: asimovDatasetWithFit) AsimovUtils.cc: 73 -- prop_binY17_bin12_In = 0 (constant)
INFO: (function: asimovDatasetWithFit) AsimovUtils.cc: 73 -- prop_binY17_bin13 = 0.091487 
INFO: (function: asimovDatasetWithFit) AsimovUtils.cc: 73 -- prop_binY17_bin13_In = 0 (constant)
INFO: (function: asimovDatasetWithFit) AsimovUtils.cc: 73 -- prop_binY17_bin14 = 0.0592192 
INFO: (function: asimovDatasetWithFit) AsimovUtils.cc: 73 -- prop_binY17_bin14_In = 0 (constant)
INFO: (function: asimovDatasetWithFit) AsimovUtils.cc: 73 -- prop_binY17_bin15 = 0.116083 
INFO: (function: asimovDatasetWithFit) AsimovUtils.cc: 73 -- prop_binY17_bin15_In = 0 (constant)
INFO: (function: asimovDatasetWithFit) AsimovUtils.cc: 73 -- prop_binY17_bin16 = -0.0116213 
INFO: (function: asimovDatasetWithFit) AsimovUtils.cc: 73 -- prop_binY17_bin16_In = 0 (constant)
INFO: (function: asimovDatasetWithFit) AsimovUtils.cc: 73 -- prop_binY17_bin17 = 0.0220626 
INFO: (function: asimovDatasetWithFit) AsimovUtils.cc: 73 -- prop_binY17_bin17_In = 0 (constant)
INFO: (function: asimovDatasetWithFit) AsimovUtils.cc: 73 -- prop_binY17_bin18 = -0.0548582 
INFO: (function: asimovDatasetWithFit) AsimovUtils.cc: 73 -- prop_binY17_bin18_In = 0 (constant)
INFO: (function: asimovDatasetWithFit) AsimovUtils.cc: 73 -- prop_binY17_bin19 = -0.0398064 
INFO: (function: asimovDatasetWithFit) AsimovUtils.cc: 73 -- prop_binY17_bin19_In = 0 (constant)
INFO: (function: asimovDatasetWithFit) AsimovUtils.cc: 73 -- prop_binY17_bin1_In = 0 (constant)
INFO: (function: asimovDatasetWithFit) AsimovUtils.cc: 73 -- prop_binY17_bin2 = 0.033134 
INFO: (function: asimovDatasetWithFit) AsimovUtils.cc: 73 -- prop_binY17_bin20 = -0.113111 
INFO: (function: asimovDatasetWithFit) AsimovUtils.cc: 73 -- prop_binY17_bin20_In = 0 (constant)
INFO: (function: asimovDatasetWithFit) AsimovUtils.cc: 73 -- prop_binY17_bin21 = -0.0333195 
INFO: (function: asimovDatasetWithFit) AsimovUtils.cc: 73 -- prop_binY17_bin21_In = 0 (constant)
INFO: (function: asimovDatasetWithFit) AsimovUtils.cc: 73 -- prop_binY17_bin22 = -0.0175494 
INFO: (function: asimovDatasetWithFit) AsimovUtils.cc: 73 -- prop_binY17_bin22_In = 0 (constant)
INFO: (function: asimovDatasetWithFit) AsimovUtils.cc: 73 -- prop_binY17_bin23 = -0.0167032 
INFO: (function: asimovDatasetWithFit) AsimovUtils.cc: 73 -- prop_binY17_bin23_In = 0 (constant)
INFO: (function: asimovDatasetWithFit) AsimovUtils.cc: 73 -- prop_binY17_bin24 = 0.000584761 
INFO: (function: asimovDatasetWithFit) AsimovUtils.cc: 73 -- prop_binY17_bin24_In = 0 (constant)
INFO: (function: asimovDatasetWithFit) AsimovUtils.cc: 73 -- prop_binY17_bin25 = 0.00615267 
INFO: (function: asimovDatasetWithFit) AsimovUtils.cc: 73 -- prop_binY17_bin25_In = 0 (constant)
INFO: (function: asimovDatasetWithFit) AsimovUtils.cc: 73 -- prop_binY17_bin26 = 0.0306681 
INFO: (function: asimovDatasetWithFit) AsimovUtils.cc: 73 -- prop_binY17_bin26_In = 0 (constant)
INFO: (function: asimovDatasetWithFit) AsimovUtils.cc: 73 -- prop_binY17_bin27 = 0.125268 
INFO: (function: asimovDatasetWithFit) AsimovUtils.cc: 73 -- prop_binY17_bin27_In = 0 (constant)
INFO: (function: asimovDatasetWithFit) AsimovUtils.cc: 73 -- prop_binY17_bin28 = 0.00801057 
INFO: (function: asimovDatasetWithFit) AsimovUtils.cc: 73 -- prop_binY17_bin28_In = 0 (constant)
INFO: (function: asimovDatasetWithFit) AsimovUtils.cc: 73 -- prop_binY17_bin29 = 0.0108474 
INFO: (function: asimovDatasetWithFit) AsimovUtils.cc: 73 -- prop_binY17_bin29_In = 0 (constant)
INFO: (function: asimovDatasetWithFit) AsimovUtils.cc: 73 -- prop_binY17_bin2_In = 0 (constant)
INFO: (function: asimovDatasetWithFit) AsimovUtils.cc: 73 -- prop_binY17_bin3 = 0.143828 
INFO: (function: asimovDatasetWithFit) AsimovUtils.cc: 73 -- prop_binY17_bin30 = -0.00717595 
INFO: (function: asimovDatasetWithFit) AsimovUtils.cc: 73 -- prop_binY17_bin30_In = 0 (constant)
INFO: (function: asimovDatasetWithFit) AsimovUtils.cc: 73 -- prop_binY17_bin31 = -0.00496979 
INFO: (function: asimovDatasetWithFit) AsimovUtils.cc: 73 -- prop_binY17_bin31_In = 0 (constant)
INFO: (function: asimovDatasetWithFit) AsimovUtils.cc: 73 -- prop_binY17_bin32 = -0.00884171 
INFO: (function: asimovDatasetWithFit) AsimovUtils.cc: 73 -- prop_binY17_bin32_In = 0 (constant)
INFO: (function: asimovDatasetWithFit) AsimovUtils.cc: 73 -- prop_binY17_bin33 = 0.00464542 
INFO: (function: asimovDatasetWithFit) AsimovUtils.cc: 73 -- prop_binY17_bin33_In = 0 (constant)
INFO: (function: asimovDatasetWithFit) AsimovUtils.cc: 73 -- prop_binY17_bin34 = -0.019173 
INFO: (function: asimovDatasetWithFit) AsimovUtils.cc: 73 -- prop_binY17_bin34_In = 0 (constant)
INFO: (function: asimovDatasetWithFit) AsimovUtils.cc: 73 -- prop_binY17_bin35 = -0.011039 
INFO: (function: asimovDatasetWithFit) AsimovUtils.cc: 73 -- prop_binY17_bin35_In = 0 (constant)
INFO: (function: asimovDatasetWithFit) AsimovUtils.cc: 73 -- prop_binY17_bin36 = -0.0110209 
INFO: (function: asimovDatasetWithFit) AsimovUtils.cc: 73 -- prop_binY17_bin36_In = 0 (constant)
INFO: (function: asimovDatasetWithFit) AsimovUtils.cc: 73 -- prop_binY17_bin37 = -0.00286393 
INFO: (function: asimovDatasetWithFit) AsimovUtils.cc: 73 -- prop_binY17_bin37_In = 0 (constant)
INFO: (function: asimovDatasetWithFit) AsimovUtils.cc: 73 -- prop_binY17_bin38 = 0.00117482 
INFO: (function: asimovDatasetWithFit) AsimovUtils.cc: 73 -- prop_binY17_bin38_In = 0 (constant)
INFO: (function: asimovDatasetWithFit) AsimovUtils.cc: 73 -- prop_binY17_bin39 = 0.0106245 
INFO: (function: asimovDatasetWithFit) AsimovUtils.cc: 73 -- prop_binY17_bin39_In = 0 (constant)
INFO: (function: asimovDatasetWithFit) AsimovUtils.cc: 73 -- prop_binY17_bin3_In = 0 (constant)
INFO: (function: asimovDatasetWithFit) AsimovUtils.cc: 73 -- prop_binY17_bin4 = -0.110025 
INFO: (function: asimovDatasetWithFit) AsimovUtils.cc: 73 -- prop_binY17_bin40 = 0.0679373 
INFO: (function: asimovDatasetWithFit) AsimovUtils.cc: 73 -- prop_binY17_bin40_In = 0 (constant)
INFO: (function: asimovDatasetWithFit) AsimovUtils.cc: 73 -- prop_binY17_bin41 = 0.00803011 
INFO: (function: asimovDatasetWithFit) AsimovUtils.cc: 73 -- prop_binY17_bin41_In = 0 (constant)
INFO: (function: asimovDatasetWithFit) AsimovUtils.cc: 73 -- prop_binY17_bin42 = -0.0101684 
INFO: (function: asimovDatasetWithFit) AsimovUtils.cc: 73 -- prop_binY17_bin42_In = 0 (constant)
INFO: (function: asimovDatasetWithFit) AsimovUtils.cc: 73 -- prop_binY17_bin43 = 0.00584271 
INFO: (function: asimovDatasetWithFit) AsimovUtils.cc: 73 -- prop_binY17_bin43_In = 0 (constant)
INFO: (function: asimovDatasetWithFit) AsimovUtils.cc: 73 -- prop_binY17_bin44 = -0.00674059 
INFO: (function: asimovDatasetWithFit) AsimovUtils.cc: 73 -- prop_binY17_bin44_In = 0 (constant)
INFO: (function: asimovDatasetWithFit) AsimovUtils.cc: 73 -- prop_binY17_bin45 = 0.00630295 
INFO: (function: asimovDatasetWithFit) AsimovUtils.cc: 73 -- prop_binY17_bin45_In = 0 (constant)
INFO: (function: asimovDatasetWithFit) AsimovUtils.cc: 73 -- prop_binY17_bin46 = -0.00765477 
INFO: (function: asimovDatasetWithFit) AsimovUtils.cc: 73 -- prop_binY17_bin46_In = 0 (constant)
INFO: (function: asimovDatasetWithFit) AsimovUtils.cc: 73 -- prop_binY17_bin47 = -0.0408851 
INFO: (function: asimovDatasetWithFit) AsimovUtils.cc: 73 -- prop_binY17_bin47_In = 0 (constant)
INFO: (function: asimovDatasetWithFit) AsimovUtils.cc: 73 -- prop_binY17_bin48 = -0.0149406 
INFO: (function: asimovDatasetWithFit) AsimovUtils.cc: 73 -- prop_binY17_bin48_In = 0 (constant)
INFO: (function: asimovDatasetWithFit) AsimovUtils.cc: 73 -- prop_binY17_bin49 = 0.0076849 
INFO: (function: asimovDatasetWithFit) AsimovUtils.cc: 73 -- prop_binY17_bin49_In = 0 (constant)
INFO: (function: asimovDatasetWithFit) AsimovUtils.cc: 73 -- prop_binY17_bin4_In = 0 (constant)
INFO: (function: asimovDatasetWithFit) AsimovUtils.cc: 73 -- prop_binY17_bin5 = -0.0188856 
INFO: (function: asimovDatasetWithFit) AsimovUtils.cc: 73 -- prop_binY17_bin50 = -0.00131777 
INFO: (function: asimovDatasetWithFit) AsimovUtils.cc: 73 -- prop_binY17_bin50_In = 0 (constant)
INFO: (function: asimovDatasetWithFit) AsimovUtils.cc: 73 -- prop_binY17_bin51 = -0.000465881 
INFO: (function: asimovDatasetWithFit) AsimovUtils.cc: 73 -- prop_binY17_bin51_In = 0 (constant)
INFO: (function: asimovDatasetWithFit) AsimovUtils.cc: 73 -- prop_binY17_bin52 = -0.00276771 
INFO: (function: asimovDatasetWithFit) AsimovUtils.cc: 73 -- prop_binY17_bin52_In = 0 (constant)
INFO: (function: asimovDatasetWithFit) AsimovUtils.cc: 73 -- prop_binY17_bin53 = 0.00869905 
INFO: (function: asimovDatasetWithFit) AsimovUtils.cc: 73 -- prop_binY17_bin53_In = 0 (constant)
INFO: (function: asimovDatasetWithFit) AsimovUtils.cc: 73 -- prop_binY17_bin54 = 0.00135084 
INFO: (function: asimovDatasetWithFit) AsimovUtils.cc: 73 -- prop_binY17_bin54_In = 0 (constant)
INFO: (function: asimovDatasetWithFit) AsimovUtils.cc: 73 -- prop_binY17_bin55 = -0.000271942 
INFO: (function: asimovDatasetWithFit) AsimovUtils.cc: 73 -- prop_binY17_bin55_In = 0 (constant)
INFO: (function: asimovDatasetWithFit) AsimovUtils.cc: 73 -- prop_binY17_bin56 = 0.000999149 
INFO: (function: asimovDatasetWithFit) AsimovUtils.cc: 73 -- prop_binY17_bin56_In = 0 (constant)
INFO: (function: asimovDatasetWithFit) AsimovUtils.cc: 73 -- prop_binY17_bin57 = -0.0023785 
INFO: (function: asimovDatasetWithFit) AsimovUtils.cc: 73 -- prop_binY17_bin57_In = 0 (constant)
INFO: (function: asimovDatasetWithFit) AsimovUtils.cc: 73 -- prop_binY17_bin58 = -0.000396633 
INFO: (function: asimovDatasetWithFit) AsimovUtils.cc: 73 -- prop_binY17_bin58_In = 0 (constant)
INFO: (function: asimovDatasetWithFit) AsimovUtils.cc: 73 -- prop_binY17_bin59 = 0.00180453 
INFO: (function: asimovDatasetWithFit) AsimovUtils.cc: 73 -- prop_binY17_bin59_In = 0 (constant)
INFO: (function: asimovDatasetWithFit) AsimovUtils.cc: 73 -- prop_binY17_bin5_In = 0 (constant)
INFO: (function: asimovDatasetWithFit) AsimovUtils.cc: 73 -- prop_binY17_bin6 = -0.0200758 
INFO: (function: asimovDatasetWithFit) AsimovUtils.cc: 73 -- prop_binY17_bin6_In = 0 (constant)
INFO: (function: asimovDatasetWithFit) AsimovUtils.cc: 73 -- prop_binY17_bin7 = 0.0720215 
INFO: (function: asimovDatasetWithFit) AsimovUtils.cc: 73 -- prop_binY17_bin7_In = 0 (constant)
INFO: (function: asimovDatasetWithFit) AsimovUtils.cc: 73 -- prop_binY17_bin8 = -0.140109 
INFO: (function: asimovDatasetWithFit) AsimovUtils.cc: 73 -- prop_binY17_bin8_In = 0 (constant)
INFO: (function: asimovDatasetWithFit) AsimovUtils.cc: 73 -- prop_binY17_bin9 = 0.092871 
INFO: (function: asimovDatasetWithFit) AsimovUtils.cc: 73 -- prop_binY17_bin9_In = 0 (constant)
INFO: (function: asimovDatasetWithFit) AsimovUtils.cc: 73 -- prop_binY18_bin0 = 0.0291807 
INFO: (function: asimovDatasetWithFit) AsimovUtils.cc: 73 -- prop_binY18_bin0_In = 0 (constant)
INFO: (function: asimovDatasetWithFit) AsimovUtils.cc: 73 -- prop_binY18_bin1 = 0.0375957 
INFO: (function: asimovDatasetWithFit) AsimovUtils.cc: 73 -- prop_binY18_bin10 = 0.0103333 
INFO: (function: asimovDatasetWithFit) AsimovUtils.cc: 73 -- prop_binY18_bin10_In = 0 (constant)
INFO: (function: asimovDatasetWithFit) AsimovUtils.cc: 73 -- prop_binY18_bin11 = 0.0135417 
INFO: (function: asimovDatasetWithFit) AsimovUtils.cc: 73 -- prop_binY18_bin11_In = 0 (constant)
INFO: (function: asimovDatasetWithFit) AsimovUtils.cc: 73 -- prop_binY18_bin12 = 0.053378 
INFO: (function: asimovDatasetWithFit) AsimovUtils.cc: 73 -- prop_binY18_bin12_In = 0 (constant)
INFO: (function: asimovDatasetWithFit) AsimovUtils.cc: 73 -- prop_binY18_bin13 = 0.0289863 
INFO: (function: asimovDatasetWithFit) AsimovUtils.cc: 73 -- prop_binY18_bin13_In = 0 (constant)
INFO: (function: asimovDatasetWithFit) AsimovUtils.cc: 73 -- prop_binY18_bin14 = -0.0686871 
INFO: (function: asimovDatasetWithFit) AsimovUtils.cc: 73 -- prop_binY18_bin14_In = 0 (constant)
INFO: (function: asimovDatasetWithFit) AsimovUtils.cc: 73 -- prop_binY18_bin15 = -0.0784786 
INFO: (function: asimovDatasetWithFit) AsimovUtils.cc: 73 -- prop_binY18_bin15_In = 0 (constant)
INFO: (function: asimovDatasetWithFit) AsimovUtils.cc: 73 -- prop_binY18_bin16 = 0.0537367 
INFO: (function: asimovDatasetWithFit) AsimovUtils.cc: 73 -- prop_binY18_bin16_In = 0 (constant)
INFO: (function: asimovDatasetWithFit) AsimovUtils.cc: 73 -- prop_binY18_bin17 = -0.0393387 
INFO: (function: asimovDatasetWithFit) AsimovUtils.cc: 73 -- prop_binY18_bin17_In = 0 (constant)
INFO: (function: asimovDatasetWithFit) AsimovUtils.cc: 73 -- prop_binY18_bin18 = 0.0380738 
INFO: (function: asimovDatasetWithFit) AsimovUtils.cc: 73 -- prop_binY18_bin18_In = 0 (constant)
INFO: (function: asimovDatasetWithFit) AsimovUtils.cc: 73 -- prop_binY18_bin19 = 0.0187598 
INFO: (function: asimovDatasetWithFit) AsimovUtils.cc: 73 -- prop_binY18_bin19_In = 0 (constant)
INFO: (function: asimovDatasetWithFit) AsimovUtils.cc: 73 -- prop_binY18_bin1_In = 0 (constant)
INFO: (function: asimovDatasetWithFit) AsimovUtils.cc: 73 -- prop_binY18_bin2 = -0.0248469 
INFO: (function: asimovDatasetWithFit) AsimovUtils.cc: 73 -- prop_binY18_bin20 = -0.0348485 
INFO: (function: asimovDatasetWithFit) AsimovUtils.cc: 73 -- prop_binY18_bin20_In = 0 (constant)
INFO: (function: asimovDatasetWithFit) AsimovUtils.cc: 73 -- prop_binY18_bin21 = -0.0156062 
INFO: (function: asimovDatasetWithFit) AsimovUtils.cc: 73 -- prop_binY18_bin21_In = 0 (constant)
INFO: (function: asimovDatasetWithFit) AsimovUtils.cc: 73 -- prop_binY18_bin22 = 0.0273485 
INFO: (function: asimovDatasetWithFit) AsimovUtils.cc: 73 -- prop_binY18_bin22_In = 0 (constant)
INFO: (function: asimovDatasetWithFit) AsimovUtils.cc: 73 -- prop_binY18_bin23 = -0.00406 
INFO: (function: asimovDatasetWithFit) AsimovUtils.cc: 73 -- prop_binY18_bin23_In = 0 (constant)
INFO: (function: asimovDatasetWithFit) AsimovUtils.cc: 73 -- prop_binY18_bin24 = 0.00106891 
INFO: (function: asimovDatasetWithFit) AsimovUtils.cc: 73 -- prop_binY18_bin24_In = 0 (constant)
INFO: (function: asimovDatasetWithFit) AsimovUtils.cc: 73 -- prop_binY18_bin25 = -0.0244521 
INFO: (function: asimovDatasetWithFit) AsimovUtils.cc: 73 -- prop_binY18_bin25_In = 0 (constant)
INFO: (function: asimovDatasetWithFit) AsimovUtils.cc: 73 -- prop_binY18_bin26 = 0.011573 
INFO: (function: asimovDatasetWithFit) AsimovUtils.cc: 73 -- prop_binY18_bin26_In = 0 (constant)
INFO: (function: asimovDatasetWithFit) AsimovUtils.cc: 73 -- prop_binY18_bin27 = 0.0504732 
INFO: (function: asimovDatasetWithFit) AsimovUtils.cc: 73 -- prop_binY18_bin27_In = 0 (constant)
INFO: (function: asimovDatasetWithFit) AsimovUtils.cc: 73 -- prop_binY18_bin28 = 0.0303504 
INFO: (function: asimovDatasetWithFit) AsimovUtils.cc: 73 -- prop_binY18_bin28_In = 0 (constant)
INFO: (function: asimovDatasetWithFit) AsimovUtils.cc: 73 -- prop_binY18_bin29 = 0.00543053 
INFO: (function: asimovDatasetWithFit) AsimovUtils.cc: 73 -- prop_binY18_bin29_In = 0 (constant)
INFO: (function: asimovDatasetWithFit) AsimovUtils.cc: 73 -- prop_binY18_bin2_In = 0 (constant)
INFO: (function: asimovDatasetWithFit) AsimovUtils.cc: 73 -- prop_binY18_bin3 = 0.0754405 
INFO: (function: asimovDatasetWithFit) AsimovUtils.cc: 73 -- prop_binY18_bin30 = 0.0170398 
INFO: (function: asimovDatasetWithFit) AsimovUtils.cc: 73 -- prop_binY18_bin30_In = 0 (constant)
INFO: (function: asimovDatasetWithFit) AsimovUtils.cc: 73 -- prop_binY18_bin31 = -0.016308 
INFO: (function: asimovDatasetWithFit) AsimovUtils.cc: 73 -- prop_binY18_bin31_In = 0 (constant)
INFO: (function: asimovDatasetWithFit) AsimovUtils.cc: 73 -- prop_binY18_bin32 = -0.0046991 
INFO: (function: asimovDatasetWithFit) AsimovUtils.cc: 73 -- prop_binY18_bin32_In = 0 (constant)
INFO: (function: asimovDatasetWithFit) AsimovUtils.cc: 73 -- prop_binY18_bin33 = -0.0144808 
INFO: (function: asimovDatasetWithFit) AsimovUtils.cc: 73 -- prop_binY18_bin33_In = 0 (constant)
INFO: (function: asimovDatasetWithFit) AsimovUtils.cc: 73 -- prop_binY18_bin34 = 0.046606 
INFO: (function: asimovDatasetWithFit) AsimovUtils.cc: 73 -- prop_binY18_bin34_In = 0 (constant)
INFO: (function: asimovDatasetWithFit) AsimovUtils.cc: 73 -- prop_binY18_bin35 = 0.0153448 
INFO: (function: asimovDatasetWithFit) AsimovUtils.cc: 73 -- prop_binY18_bin35_In = 0 (constant)
INFO: (function: asimovDatasetWithFit) AsimovUtils.cc: 73 -- prop_binY18_bin36 = 0.00771901 
INFO: (function: asimovDatasetWithFit) AsimovUtils.cc: 73 -- prop_binY18_bin36_In = 0 (constant)
INFO: (function: asimovDatasetWithFit) AsimovUtils.cc: 73 -- prop_binY18_bin37 = -0.0109581 
INFO: (function: asimovDatasetWithFit) AsimovUtils.cc: 73 -- prop_binY18_bin37_In = 0 (constant)
INFO: (function: asimovDatasetWithFit) AsimovUtils.cc: 73 -- prop_binY18_bin38 = -0.00868212 
INFO: (function: asimovDatasetWithFit) AsimovUtils.cc: 73 -- prop_binY18_bin38_In = 0 (constant)
INFO: (function: asimovDatasetWithFit) AsimovUtils.cc: 73 -- prop_binY18_bin39 = -0.0182397 
INFO: (function: asimovDatasetWithFit) AsimovUtils.cc: 73 -- prop_binY18_bin39_In = 0 (constant)
INFO: (function: asimovDatasetWithFit) AsimovUtils.cc: 73 -- prop_binY18_bin3_In = 0 (constant)
INFO: (function: asimovDatasetWithFit) AsimovUtils.cc: 73 -- prop_binY18_bin4 = -0.0471369 
INFO: (function: asimovDatasetWithFit) AsimovUtils.cc: 73 -- prop_binY18_bin40 = 0.0657778 
INFO: (function: asimovDatasetWithFit) AsimovUtils.cc: 73 -- prop_binY18_bin40_In = 0 (constant)
INFO: (function: asimovDatasetWithFit) AsimovUtils.cc: 73 -- prop_binY18_bin41 = 0.000838706 
INFO: (function: asimovDatasetWithFit) AsimovUtils.cc: 73 -- prop_binY18_bin41_In = 0 (constant)
INFO: (function: asimovDatasetWithFit) AsimovUtils.cc: 73 -- prop_binY18_bin42 = 0.00147872 
INFO: (function: asimovDatasetWithFit) AsimovUtils.cc: 73 -- prop_binY18_bin42_In = 0 (constant)
INFO: (function: asimovDatasetWithFit) AsimovUtils.cc: 73 -- prop_binY18_bin43 = -0.00578969 
INFO: (function: asimovDatasetWithFit) AsimovUtils.cc: 73 -- prop_binY18_bin43_In = 0 (constant)
INFO: (function: asimovDatasetWithFit) AsimovUtils.cc: 73 -- prop_binY18_bin44 = 0.00262832 
INFO: (function: asimovDatasetWithFit) AsimovUtils.cc: 73 -- prop_binY18_bin44_In = 0 (constant)
INFO: (function: asimovDatasetWithFit) AsimovUtils.cc: 73 -- prop_binY18_bin45 = -0.00252462 
INFO: (function: asimovDatasetWithFit) AsimovUtils.cc: 73 -- prop_binY18_bin45_In = 0 (constant)
INFO: (function: asimovDatasetWithFit) AsimovUtils.cc: 73 -- prop_binY18_bin46 = -0.000257839 
INFO: (function: asimovDatasetWithFit) AsimovUtils.cc: 73 -- prop_binY18_bin46_In = 0 (constant)
INFO: (function: asimovDatasetWithFit) AsimovUtils.cc: 73 -- prop_binY18_bin47 = -0.0413668 
INFO: (function: asimovDatasetWithFit) AsimovUtils.cc: 73 -- prop_binY18_bin47_In = 0 (constant)
INFO: (function: asimovDatasetWithFit) AsimovUtils.cc: 73 -- prop_binY18_bin48 = 0.0174462 
INFO: (function: asimovDatasetWithFit) AsimovUtils.cc: 73 -- prop_binY18_bin48_In = 0 (constant)
INFO: (function: asimovDatasetWithFit) AsimovUtils.cc: 73 -- prop_binY18_bin49 = -0.00176744 
INFO: (function: asimovDatasetWithFit) AsimovUtils.cc: 73 -- prop_binY18_bin49_In = 0 (constant)
INFO: (function: asimovDatasetWithFit) AsimovUtils.cc: 73 -- prop_binY18_bin4_In = 0 (constant)
INFO: (function: asimovDatasetWithFit) AsimovUtils.cc: 73 -- prop_binY18_bin5 = 0.0342879 
INFO: (function: asimovDatasetWithFit) AsimovUtils.cc: 73 -- prop_binY18_bin50 = 0.000105085 
INFO: (function: asimovDatasetWithFit) AsimovUtils.cc: 73 -- prop_binY18_bin50_In = 0 (constant)
INFO: (function: asimovDatasetWithFit) AsimovUtils.cc: 73 -- prop_binY18_bin51 = -0.00223373 
INFO: (function: asimovDatasetWithFit) AsimovUtils.cc: 73 -- prop_binY18_bin51_In = 0 (constant)
INFO: (function: asimovDatasetWithFit) AsimovUtils.cc: 73 -- prop_binY18_bin52 = 0.000162098 
INFO: (function: asimovDatasetWithFit) AsimovUtils.cc: 73 -- prop_binY18_bin52_In = 0 (constant)
INFO: (function: asimovDatasetWithFit) AsimovUtils.cc: 73 -- prop_binY18_bin53 = -0.00548583 
INFO: (function: asimovDatasetWithFit) AsimovUtils.cc: 73 -- prop_binY18_bin53_In = 0 (constant)
INFO: (function: asimovDatasetWithFit) AsimovUtils.cc: 73 -- prop_binY18_bin54 = 0.000100746 
INFO: (function: asimovDatasetWithFit) AsimovUtils.cc: 73 -- prop_binY18_bin54_In = 0 (constant)
INFO: (function: asimovDatasetWithFit) AsimovUtils.cc: 73 -- prop_binY18_bin55 = -0.00729995 
INFO: (function: asimovDatasetWithFit) AsimovUtils.cc: 73 -- prop_binY18_bin55_In = 0 (constant)
INFO: (function: asimovDatasetWithFit) AsimovUtils.cc: 73 -- prop_binY18_bin56 = -0.00402324 
INFO: (function: asimovDatasetWithFit) AsimovUtils.cc: 73 -- prop_binY18_bin56_In = 0 (constant)
INFO: (function: asimovDatasetWithFit) AsimovUtils.cc: 73 -- prop_binY18_bin57 = 0.00122245 
INFO: (function: asimovDatasetWithFit) AsimovUtils.cc: 73 -- prop_binY18_bin57_In = 0 (constant)
INFO: (function: asimovDatasetWithFit) AsimovUtils.cc: 73 -- prop_binY18_bin58 = 0.00152687 
INFO: (function: asimovDatasetWithFit) AsimovUtils.cc: 73 -- prop_binY18_bin58_In = 0 (constant)
INFO: (function: asimovDatasetWithFit) AsimovUtils.cc: 73 -- prop_binY18_bin59 = -0.000797809 
INFO: (function: asimovDatasetWithFit) AsimovUtils.cc: 73 -- prop_binY18_bin59_In = 0 (constant)
INFO: (function: asimovDatasetWithFit) AsimovUtils.cc: 73 -- prop_binY18_bin5_In = 0 (constant)
INFO: (function: asimovDatasetWithFit) AsimovUtils.cc: 73 -- prop_binY18_bin6 = -0.0394866 
INFO: (function: asimovDatasetWithFit) AsimovUtils.cc: 73 -- prop_binY18_bin6_In = 0 (constant)
INFO: (function: asimovDatasetWithFit) AsimovUtils.cc: 73 -- prop_binY18_bin7 = -0.0288264 
INFO: (function: asimovDatasetWithFit) AsimovUtils.cc: 73 -- prop_binY18_bin7_In = 0 (constant)
INFO: (function: asimovDatasetWithFit) AsimovUtils.cc: 73 -- prop_binY18_bin8 = -0.0620638 
INFO: (function: asimovDatasetWithFit) AsimovUtils.cc: 73 -- prop_binY18_bin8_In = 0 (constant)
INFO: (function: asimovDatasetWithFit) AsimovUtils.cc: 73 -- prop_binY18_bin9 = -0.0656537 
INFO: (function: asimovDatasetWithFit) AsimovUtils.cc: 73 -- prop_binY18_bin9_In = 0 (constant)
INFO: (function: asimovDatasetWithFit) AsimovUtils.cc: 73 -- top_xsec = -0.00989241 
INFO: (function: asimovDatasetWithFit) AsimovUtils.cc: 73 -- top_xsec_In = 0 (constant)
INFO: (function: asimovDatasetWithFit) AsimovUtils.cc: 73 -- yLQ2 = 0 (constant)
INFO: (function: generateAsimov) ToyMCSamplerOpt.cc: 139 -- Using internal logic for binned/unbinned Asimov dataset generation
INFO: (function: generateWithHisto) ToyMCSamplerOpt.cc: 214 -- Generating asimov with histogram for pdf pdf_binY16_obsOnly: in 60 x-bins
INFO: (function: generateAsimov) ToyMCSamplerOpt.cc: 139 -- Using internal logic for binned/unbinned Asimov dataset generation
INFO: (function: generateWithHisto) ToyMCSamplerOpt.cc: 214 -- Generating asimov with histogram for pdf pdf_binY17_obsOnly: in 60 x-bins
INFO: (function: generateAsimov) ToyMCSamplerOpt.cc: 139 -- Using internal logic for binned/unbinned Asimov dataset generation
INFO: (function: generateWithHisto) ToyMCSamplerOpt.cc: 214 -- Generating asimov with histogram for pdf pdf_binY18_obsOnly: in 60 x-bins
