Channel Y16 will use autoMCStats with settings: event-threshold=0, include-signal=1, hist-mode=1
============================================================
Analysing bin errors for: prop_binY16
Poisson cut-off: 0
============================================================
Bin        Contents        Error           Notes                         
0          504.400492      9.962742        total sum                     
0          2563.000000     50.626080       Unweighted events, alpha=0.196801
  => Total parameter prop_binY16_bin0[0.00,-7.00,7.00] to be gaussian constrained
------------------------------------------------------------
1          203.360177      5.696438        total sum                     
1          1274.000000     35.693137       Unweighted events, alpha=0.159623
  => Total parameter prop_binY16_bin1[0.00,-7.00,7.00] to be gaussian constrained
------------------------------------------------------------
2          217.654949      5.198715        total sum                     
2          1753.000000     41.868843       Unweighted events, alpha=0.124161
  => Total parameter prop_binY16_bin2[0.00,-7.00,7.00] to be gaussian constrained
------------------------------------------------------------
3          262.507563      5.285870        total sum                     
3          2466.000000     49.658836       Unweighted events, alpha=0.106451
  => Total parameter prop_binY16_bin3[0.00,-7.00,7.00] to be gaussian constrained
------------------------------------------------------------
4          318.320707      5.852124        total sum                     
4          2959.000000     54.396691       Unweighted events, alpha=0.107577
  => Total parameter prop_binY16_bin4[0.00,-7.00,7.00] to be gaussian constrained
------------------------------------------------------------
5          756.421883      10.228745       total sum                     
5          5469.000000     73.952688       Unweighted events, alpha=0.138311
  => Total parameter prop_binY16_bin5[0.00,-7.00,7.00] to be gaussian constrained
------------------------------------------------------------
6          125.532396      3.870444        total sum                     
6          1052.000000     32.434549       Unweighted events, alpha=0.119327
  => Total parameter prop_binY16_bin6[0.00,-7.00,7.00] to be gaussian constrained
------------------------------------------------------------
7          49.619417       1.566896        total sum                     
7          1003.000000     31.670175       Unweighted events, alpha=0.049471
  => Total parameter prop_binY16_bin7[0.00,-7.00,7.00] to be gaussian constrained
------------------------------------------------------------
8          56.557298       1.334620        total sum                     
8          1796.000000     42.379240       Unweighted events, alpha=0.031491
  => Total parameter prop_binY16_bin8[0.00,-7.00,7.00] to be gaussian constrained
------------------------------------------------------------
9          70.201662       1.458655        total sum                     
9          2316.000000     48.124838       Unweighted events, alpha=0.030312
  => Total parameter prop_binY16_bin9[0.00,-7.00,7.00] to be gaussian constrained
------------------------------------------------------------
10         87.563355       1.689767        total sum                     
10         2685.000000     51.816986       Unweighted events, alpha=0.032612
  => Total parameter prop_binY16_bin10[0.00,-7.00,7.00] to be gaussian constrained
------------------------------------------------------------
11         211.006451      4.058600        total sum                     
11         2703.000000     51.990384       Unweighted events, alpha=0.078064
  => Total parameter prop_binY16_bin11[0.00,-7.00,7.00] to be gaussian constrained
------------------------------------------------------------
12         35.294917       1.553103        total sum                     
12         516.000000      22.715633       Unweighted events, alpha=0.068401
  => Total parameter prop_binY16_bin12[0.00,-7.00,7.00] to be gaussian constrained
------------------------------------------------------------
13         14.912886       0.482375        total sum                     
13         956.000000      30.919250       Unweighted events, alpha=0.015599
  => Total parameter prop_binY16_bin13[0.00,-7.00,7.00] to be gaussian constrained
------------------------------------------------------------
14         17.549563       0.452072        total sum                     
14         1507.000000     38.820098       Unweighted events, alpha=0.011645
  => Total parameter prop_binY16_bin14[0.00,-7.00,7.00] to be gaussian constrained
------------------------------------------------------------
15         23.476538       1.077688        total sum                     
15         475.000000      21.794495       Unweighted events, alpha=0.049424
  => Total parameter prop_binY16_bin15[0.00,-7.00,7.00] to be gaussian constrained
------------------------------------------------------------
16         27.807788       0.774217        total sum                     
16         1290.000000     35.916570       Unweighted events, alpha=0.021556
  => Total parameter prop_binY16_bin16[0.00,-7.00,7.00] to be gaussian constrained
------------------------------------------------------------
17         70.879809       1.969868        total sum                     
17         1295.000000     35.986108       Unweighted events, alpha=0.054733
  => Total parameter prop_binY16_bin17[0.00,-7.00,7.00] to be gaussian constrained
------------------------------------------------------------
adding gaussian constraint for prop_binY16_bin0 

adding gaussian constraint for prop_binY16_bin1 

adding gaussian constraint for prop_binY16_bin2 

adding gaussian constraint for prop_binY16_bin3 

adding difference constrain between prop_binY16_bin3 and prop_binY16_bin2 with sigma 0.77 

adding gaussian constraint for prop_binY16_bin4 

adding difference constrain between prop_binY16_bin4 and prop_binY16_bin1 with sigma 0.77 

adding gaussian constraint for prop_binY16_bin5 

adding difference constrain between prop_binY16_bin5 and prop_binY16_bin0 with sigma 0.77 

adding gaussian constraint for prop_binY16_bin6 

adding gaussian constraint for prop_binY16_bin7 

adding gaussian constraint for prop_binY16_bin8 

adding gaussian constraint for prop_binY16_bin9 

adding difference constrain between prop_binY16_bin9 and prop_binY16_bin8 with sigma 0.77 

adding gaussian constraint for prop_binY16_bin10 

adding difference constrain between prop_binY16_bin10 and prop_binY16_bin7 with sigma 0.77 

adding gaussian constraint for prop_binY16_bin11 

adding difference constrain between prop_binY16_bin11 and prop_binY16_bin6 with sigma 0.77 

adding gaussian constraint for prop_binY16_bin12 

adding gaussian constraint for prop_binY16_bin13 

adding gaussian constraint for prop_binY16_bin14 

adding gaussian constraint for prop_binY16_bin15 

adding difference constrain between prop_binY16_bin15 and prop_binY16_bin14 with sigma 0.77 

adding gaussian constraint for prop_binY16_bin16 

adding difference constrain between prop_binY16_bin16 and prop_binY16_bin13 with sigma 0.77 

adding gaussian constraint for prop_binY16_bin17 

adding difference constrain between prop_binY16_bin17 and prop_binY16_bin12 with sigma 0.77 

Channel Y17 will use autoMCStats with settings: event-threshold=0, include-signal=1, hist-mode=1
============================================================
Analysing bin errors for: prop_binY17
Poisson cut-off: 0
============================================================
Bin        Contents        Error           Notes                         
0          619.839357      11.790853       total sum                     
0          2764.000000     52.573758       Unweighted events, alpha=0.224254
  => Total parameter prop_binY17_bin0[0.00,-7.00,7.00] to be gaussian constrained
------------------------------------------------------------
1          218.197838      4.378087        total sum                     
1          2484.000000     49.839743       Unweighted events, alpha=0.087841
  => Total parameter prop_binY17_bin1[0.00,-7.00,7.00] to be gaussian constrained
------------------------------------------------------------
2          245.865987      4.040219        total sum                     
2          3703.000000     60.852280       Unweighted events, alpha=0.066396
  => Total parameter prop_binY17_bin2[0.00,-7.00,7.00] to be gaussian constrained
------------------------------------------------------------
3          298.060757      4.043236        total sum                     
3          5434.000000     73.715670       Unweighted events, alpha=0.054851
  => Total parameter prop_binY17_bin3[0.00,-7.00,7.00] to be gaussian constrained
------------------------------------------------------------
4          355.081535      4.448539        total sum                     
4          6371.000000     79.818544       Unweighted events, alpha=0.055734
  => Total parameter prop_binY17_bin4[0.00,-7.00,7.00] to be gaussian constrained
------------------------------------------------------------
5          913.638709      11.639145       total sum                     
5          6162.000000     78.498408       Unweighted events, alpha=0.148270
  => Total parameter prop_binY17_bin5[0.00,-7.00,7.00] to be gaussian constrained
------------------------------------------------------------
6          152.095007      3.895133        total sum                     
6          1525.000000     39.051248       Unweighted events, alpha=0.099734
  => Total parameter prop_binY17_bin6[0.00,-7.00,7.00] to be gaussian constrained
------------------------------------------------------------
7          62.103952       1.386827        total sum                     
7          2005.000000     44.777226       Unweighted events, alpha=0.030975
  => Total parameter prop_binY17_bin7[0.00,-7.00,7.00] to be gaussian constrained
------------------------------------------------------------
8          68.256880       1.140066        total sum                     
8          3585.000000     59.874870       Unweighted events, alpha=0.019040
  => Total parameter prop_binY17_bin8[0.00,-7.00,7.00] to be gaussian constrained
------------------------------------------------------------
9          82.792084       1.084411        total sum                     
9          5829.000000     76.347888       Unweighted events, alpha=0.014203
  => Total parameter prop_binY17_bin9[0.00,-7.00,7.00] to be gaussian constrained
------------------------------------------------------------
10         104.444357      1.345415        total sum                     
10         6026.000000     77.627315       Unweighted events, alpha=0.017332
  => Total parameter prop_binY17_bin10[0.00,-7.00,7.00] to be gaussian constrained
------------------------------------------------------------
11         261.226520      4.125559        total sum                     
11         4009.000000     63.316664       Unweighted events, alpha=0.065160
  => Total parameter prop_binY17_bin11[0.00,-7.00,7.00] to be gaussian constrained
------------------------------------------------------------
12         42.060811       1.402215        total sum                     
12         900.000000      30.000000       Unweighted events, alpha=0.046734
  => Total parameter prop_binY17_bin12[0.00,-7.00,7.00] to be gaussian constrained
------------------------------------------------------------
13         18.128322       0.392219        total sum                     
13         2136.000000     46.216880       Unweighted events, alpha=0.008487
  => Total parameter prop_binY17_bin13[0.00,-7.00,7.00] to be gaussian constrained
------------------------------------------------------------
14         19.835895       0.351825        total sum                     
14         3179.000000     56.382621       Unweighted events, alpha=0.006240
  => Total parameter prop_binY17_bin14[0.00,-7.00,7.00] to be gaussian constrained
------------------------------------------------------------
15         25.080454       0.386869        total sum                     
15         4203.000000     64.830548       Unweighted events, alpha=0.005967
  => Total parameter prop_binY17_bin15[0.00,-7.00,7.00] to be gaussian constrained
------------------------------------------------------------
16         33.260060       0.491107        total sum                     
16         4587.000000     67.727395       Unweighted events, alpha=0.007251
  => Total parameter prop_binY17_bin16[0.00,-7.00,7.00] to be gaussian constrained
------------------------------------------------------------
17         83.881663       1.565943        total sum                     
17         2869.000000     53.563047       Unweighted events, alpha=0.029237
  => Total parameter prop_binY17_bin17[0.00,-7.00,7.00] to be gaussian constrained
------------------------------------------------------------
adding gaussian constraint for prop_binY17_bin0 

adding gaussian constraint for prop_binY17_bin1 

adding gaussian constraint for prop_binY17_bin2 

adding gaussian constraint for prop_binY17_bin3 

adding difference constrain between prop_binY17_bin3 and prop_binY17_bin2 with sigma 0.77 

adding gaussian constraint for prop_binY17_bin4 

adding difference constrain between prop_binY17_bin4 and prop_binY17_bin1 with sigma 0.77 

adding gaussian constraint for prop_binY17_bin5 

adding difference constrain between prop_binY17_bin5 and prop_binY17_bin0 with sigma 0.77 

adding gaussian constraint for prop_binY17_bin6 

adding gaussian constraint for prop_binY17_bin7 

adding gaussian constraint for prop_binY17_bin8 

adding gaussian constraint for prop_binY17_bin9 

adding difference constrain between prop_binY17_bin9 and prop_binY17_bin8 with sigma 0.77 

adding gaussian constraint for prop_binY17_bin10 

adding difference constrain between prop_binY17_bin10 and prop_binY17_bin7 with sigma 0.77 

adding gaussian constraint for prop_binY17_bin11 

adding difference constrain between prop_binY17_bin11 and prop_binY17_bin6 with sigma 0.77 

adding gaussian constraint for prop_binY17_bin12 

adding gaussian constraint for prop_binY17_bin13 

adding gaussian constraint for prop_binY17_bin14 

adding gaussian constraint for prop_binY17_bin15 

adding difference constrain between prop_binY17_bin15 and prop_binY17_bin14 with sigma 0.77 

adding gaussian constraint for prop_binY17_bin16 

adding difference constrain between prop_binY17_bin16 and prop_binY17_bin13 with sigma 0.77 

adding gaussian constraint for prop_binY17_bin17 

adding difference constrain between prop_binY17_bin17 and prop_binY17_bin12 with sigma 0.77 

Channel Y18 will use autoMCStats with settings: event-threshold=0, include-signal=1, hist-mode=1
============================================================
Analysing bin errors for: prop_binY18
Poisson cut-off: 0
============================================================
Bin        Contents        Error           Notes                         
0          875.745774      10.052385       total sum                     
0          7590.000000     87.120606       Unweighted events, alpha=0.115382
  => Total parameter prop_binY18_bin0[0.00,-7.00,7.00] to be gaussian constrained
------------------------------------------------------------
1          323.623597      5.942977        total sum                     
1          2965.000000     54.451814       Unweighted events, alpha=0.109148
  => Total parameter prop_binY18_bin1[0.00,-7.00,7.00] to be gaussian constrained
------------------------------------------------------------
2          364.137341      5.350261        total sum                     
2          4632.000000     68.058798       Unweighted events, alpha=0.078613
  => Total parameter prop_binY18_bin2[0.00,-7.00,7.00] to be gaussian constrained
------------------------------------------------------------
3          437.022570      5.358689        total sum                     
3          6651.000000     81.553663       Unweighted events, alpha=0.065708
  => Total parameter prop_binY18_bin3[0.00,-7.00,7.00] to be gaussian constrained
------------------------------------------------------------
4          517.533339      5.967260        total sum                     
4          7522.000000     86.729464       Unweighted events, alpha=0.068803
  => Total parameter prop_binY18_bin4[0.00,-7.00,7.00] to be gaussian constrained
------------------------------------------------------------
5          1310.132701     10.187237       total sum                     
5          16539.000000    128.604043      Unweighted events, alpha=0.079215
  => Total parameter prop_binY18_bin5[0.00,-7.00,7.00] to be gaussian constrained
------------------------------------------------------------
6          225.916775      3.295274        total sum                     
6          4700.000000     68.556546       Unweighted events, alpha=0.048067
  => Total parameter prop_binY18_bin6[0.00,-7.00,7.00] to be gaussian constrained
------------------------------------------------------------
7          86.811807       1.560392        total sum                     
7          3095.000000     55.632724       Unweighted events, alpha=0.028049
  => Total parameter prop_binY18_bin7[0.00,-7.00,7.00] to be gaussian constrained
------------------------------------------------------------
8          95.733534       1.378088        total sum                     
8          4826.000000     69.469418       Unweighted events, alpha=0.019837
  => Total parameter prop_binY18_bin8[0.00,-7.00,7.00] to be gaussian constrained
------------------------------------------------------------
9          118.111519      1.391238        total sum                     
9          7207.000000     84.894052       Unweighted events, alpha=0.016388
  => Total parameter prop_binY18_bin9[0.00,-7.00,7.00] to be gaussian constrained
------------------------------------------------------------
10         150.713587      1.565916        total sum                     
10         9263.000000     96.244480       Unweighted events, alpha=0.016270
  => Total parameter prop_binY18_bin10[0.00,-7.00,7.00] to be gaussian constrained
------------------------------------------------------------
11         376.101815      3.425829        total sum                     
11         12053.000000    109.786156      Unweighted events, alpha=0.031204
  => Total parameter prop_binY18_bin11[0.00,-7.00,7.00] to be gaussian constrained
------------------------------------------------------------
12         60.593748       1.272805        total sum                     
12         2266.000000     47.602521       Unweighted events, alpha=0.026740
  => Total parameter prop_binY18_bin12[0.00,-7.00,7.00] to be gaussian constrained
------------------------------------------------------------
13         26.380793       0.688354        total sum                     
13         1469.000000     38.327536       Unweighted events, alpha=0.017958
  => Total parameter prop_binY18_bin13[0.00,-7.00,7.00] to be gaussian constrained
------------------------------------------------------------
14         28.846882       0.495536        total sum                     
14         3389.000000     58.215118       Unweighted events, alpha=0.008512
  => Total parameter prop_binY18_bin14[0.00,-7.00,7.00] to be gaussian constrained
------------------------------------------------------------
15         35.687286       0.484454        total sum                     
15         5427.000000     73.668175       Unweighted events, alpha=0.006576
  => Total parameter prop_binY18_bin15[0.00,-7.00,7.00] to be gaussian constrained
------------------------------------------------------------
16         47.276597       0.682833        total sum                     
16         4794.000000     69.238717       Unweighted events, alpha=0.009862
  => Total parameter prop_binY18_bin16[0.00,-7.00,7.00] to be gaussian constrained
------------------------------------------------------------
17         118.796575      1.372905        total sum                     
17         7487.000000     86.527452       Unweighted events, alpha=0.015867
  => Total parameter prop_binY18_bin17[0.00,-7.00,7.00] to be gaussian constrained
------------------------------------------------------------
adding gaussian constraint for prop_binY18_bin0 

adding gaussian constraint for prop_binY18_bin1 

adding gaussian constraint for prop_binY18_bin2 

adding gaussian constraint for prop_binY18_bin3 

adding difference constrain between prop_binY18_bin3 and prop_binY18_bin2 with sigma 0.77 

adding gaussian constraint for prop_binY18_bin4 

adding difference constrain between prop_binY18_bin4 and prop_binY18_bin1 with sigma 0.77 

adding gaussian constraint for prop_binY18_bin5 

adding difference constrain between prop_binY18_bin5 and prop_binY18_bin0 with sigma 0.77 

adding gaussian constraint for prop_binY18_bin6 

adding gaussian constraint for prop_binY18_bin7 

adding gaussian constraint for prop_binY18_bin8 

adding gaussian constraint for prop_binY18_bin9 

adding difference constrain between prop_binY18_bin9 and prop_binY18_bin8 with sigma 0.77 

adding gaussian constraint for prop_binY18_bin10 

adding difference constrain between prop_binY18_bin10 and prop_binY18_bin7 with sigma 0.77 

adding gaussian constraint for prop_binY18_bin11 

adding difference constrain between prop_binY18_bin11 and prop_binY18_bin6 with sigma 0.77 

adding gaussian constraint for prop_binY18_bin12 

adding gaussian constraint for prop_binY18_bin13 

adding gaussian constraint for prop_binY18_bin14 

adding gaussian constraint for prop_binY18_bin15 

adding difference constrain between prop_binY18_bin15 and prop_binY18_bin14 with sigma 0.77 

adding gaussian constraint for prop_binY18_bin16 

adding difference constrain between prop_binY18_bin16 and prop_binY18_bin13 with sigma 0.77 

adding gaussian constraint for prop_binY18_bin17 

adding difference constrain between prop_binY18_bin17 and prop_binY18_bin12 with sigma 0.77 

Have POIs: ['yLQ2']
 <<< Combine >>> 
>>> random number generator seed is 123456
   Options for Robust Minimizer :: 
        Tolerance  0.1
        Strategy   0
        Type,Algo  Minuit2,Migrad
>>> method used is MultiDimFit
>>> 0 out of 3 channels masked

Warning! -- You haven't picked default values for the Parameters of Interest (either with --expectSignal or --setParameters) for generating toys. Combine will use the 'B-only' ModelConfig to generate, which may lead to undesired behaviour if not using the default Physics Model
SimNLL created with 3 channels, 0 generic constraints, 211 fast gaussian constraints, 0 fast poisson constraints, 0 fast group constraints, 

 --- MultiDimFit ---
best fit parameter values and profile-likelihood uncertainties: 
   yLQ2 :    +0.449   -2.153/+1.037 (68%)
Done in 0.23 min (cpu), 0.23 min (real)
>> combine -M MultiDimFit -n _initialFit_Test --algo singles --redefineSignalPOIs yLQ2 --robustFit 1 --X-rtd MINIMIZER_no_analytic -m 125 -d workspaces/mumu_s_impacts_mLQ2000.root
Have POIs: ['yLQ2']
Have parameters: 1
 <<< Combine >>> 
>>> random number generator seed is 123456
>>> method used is MultiDimFit
>>> 0 out of 3 channels masked

Warning! -- You haven't picked default values for the Parameters of Interest (either with --expectSignal or --setParameters) for generating toys. Combine will use the 'B-only' ModelConfig to generate, which may lead to undesired behaviour if not using the default Physics Model
SimNLL created with 3 channels, 0 generic constraints, 211 fast gaussian constraints, 0 fast poisson constraints, 0 fast group constraints, 

 --- MultiDimFit ---
Parameter impacts: 
  Parameter :   Best-fit               yLQ2         
  dy_xsec   :   +0.010  -0.854/+0.897  +0.265/-0.915
Done in 0.04 min (cpu), 0.04 min (real)
Have POIs: ['yLQ2']
Have parameters: 1
Info in <TCanvas::Print>: pdf file ./impacts//mumu_s_impacts_mLQ2000_plot_yLQ2_dyxsec_012323.pdf has been created
>> Doing page 0, have 1 parameters
Channel Y16 will use autoMCStats with settings: event-threshold=0, include-signal=1, hist-mode=1
============================================================
Analysing bin errors for: prop_binY16
Poisson cut-off: 0
============================================================
Bin        Contents        Error           Notes                         
0          346.137441      16.455122       total sum                     
0          442.000000      21.023796       Unweighted events, alpha=0.783116
  => Total parameter prop_binY16_bin0[0.00,-7.00,7.00] to be gaussian constrained
------------------------------------------------------------
1          141.536617      5.163470        total sum                     
1          751.000000      27.404379       Unweighted events, alpha=0.188464
  => Total parameter prop_binY16_bin1[0.00,-7.00,7.00] to be gaussian constrained
------------------------------------------------------------
2          152.055387      4.318651        total sum                     
2          1240.000000     35.213634       Unweighted events, alpha=0.122625
  => Total parameter prop_binY16_bin2[0.00,-7.00,7.00] to be gaussian constrained
------------------------------------------------------------
3          179.537002      4.337220        total sum                     
3          1714.000000     41.400483       Unweighted events, alpha=0.104747
  => Total parameter prop_binY16_bin3[0.00,-7.00,7.00] to be gaussian constrained
------------------------------------------------------------
4          210.871636      5.207394        total sum                     
4          1640.000000     40.496913       Unweighted events, alpha=0.128580
  => Total parameter prop_binY16_bin4[0.00,-7.00,7.00] to be gaussian constrained
------------------------------------------------------------
5          517.309265      16.708188       total sum                     
5          959.000000      30.967725       Unweighted events, alpha=0.539426
  => Total parameter prop_binY16_bin5[0.00,-7.00,7.00] to be gaussian constrained
------------------------------------------------------------
6          97.873701       7.753850        total sum                     
6          159.000000      12.609520       Unweighted events, alpha=0.615558
  => Total parameter prop_binY16_bin6[0.00,-7.00,7.00] to be gaussian constrained
------------------------------------------------------------
7          37.381556       1.207508        total sum                     
7          958.000000      30.951575       Unweighted events, alpha=0.039020
  => Total parameter prop_binY16_bin7[0.00,-7.00,7.00] to be gaussian constrained
------------------------------------------------------------
8          43.434646       1.126967        total sum                     
8          1485.000000     38.535698       Unweighted events, alpha=0.029249
  => Total parameter prop_binY16_bin8[0.00,-7.00,7.00] to be gaussian constrained
------------------------------------------------------------
9          51.874980       1.131430        total sum                     
9          2102.000000     45.847574       Unweighted events, alpha=0.024679
  => Total parameter prop_binY16_bin9[0.00,-7.00,7.00] to be gaussian constrained
------------------------------------------------------------
10         62.596543       1.273569        total sum                     
10         2416.000000     49.152823       Unweighted events, alpha=0.025909
  => Total parameter prop_binY16_bin10[0.00,-7.00,7.00] to be gaussian constrained
------------------------------------------------------------
11         159.689884      7.857892        total sum                     
11         413.000000      20.322401       Unweighted events, alpha=0.386658
  => Total parameter prop_binY16_bin11[0.00,-7.00,7.00] to be gaussian constrained
------------------------------------------------------------
12         25.491371       1.339343        total sum                     
12         362.000000      19.026298       Unweighted events, alpha=0.070418
  => Total parameter prop_binY16_bin12[0.00,-7.00,7.00] to be gaussian constrained
------------------------------------------------------------
13         12.240536       0.689892        total sum                     
13         315.000000      17.748239       Unweighted events, alpha=0.038859
  => Total parameter prop_binY16_bin13[0.00,-7.00,7.00] to be gaussian constrained
------------------------------------------------------------
14         12.785555       0.370361        total sum                     
14         1192.000000     34.525353       Unweighted events, alpha=0.010726
  => Total parameter prop_binY16_bin14[0.00,-7.00,7.00] to be gaussian constrained
------------------------------------------------------------
15         15.876673       0.351028        total sum                     
15         2046.000000     45.232732       Unweighted events, alpha=0.007760
  => Total parameter prop_binY16_bin15[0.00,-7.00,7.00] to be gaussian constrained
------------------------------------------------------------
16         20.269352       0.389337        total sum                     
16         2710.000000     52.057660       Unweighted events, alpha=0.007479
  => Total parameter prop_binY16_bin16[0.00,-7.00,7.00] to be gaussian constrained
------------------------------------------------------------
17         48.231857       1.436969        total sum                     
17         1127.000000     33.570821       Unweighted events, alpha=0.042797
  => Total parameter prop_binY16_bin17[0.00,-7.00,7.00] to be gaussian constrained
------------------------------------------------------------
adding gaussian constraint for prop_binY16_bin0 

adding gaussian constraint for prop_binY16_bin1 

adding gaussian constraint for prop_binY16_bin2 

adding gaussian constraint for prop_binY16_bin3 

adding difference constrain between prop_binY16_bin3 and prop_binY16_bin2 with sigma 0.77 

adding gaussian constraint for prop_binY16_bin4 

adding difference constrain between prop_binY16_bin4 and prop_binY16_bin1 with sigma 0.77 

adding gaussian constraint for prop_binY16_bin5 

adding difference constrain between prop_binY16_bin5 and prop_binY16_bin0 with sigma 0.77 

adding gaussian constraint for prop_binY16_bin6 

adding gaussian constraint for prop_binY16_bin7 

adding gaussian constraint for prop_binY16_bin8 

adding gaussian constraint for prop_binY16_bin9 

adding difference constrain between prop_binY16_bin9 and prop_binY16_bin8 with sigma 0.77 

adding gaussian constraint for prop_binY16_bin10 

adding difference constrain between prop_binY16_bin10 and prop_binY16_bin7 with sigma 0.77 

adding gaussian constraint for prop_binY16_bin11 

adding difference constrain between prop_binY16_bin11 and prop_binY16_bin6 with sigma 0.77 

adding gaussian constraint for prop_binY16_bin12 

adding gaussian constraint for prop_binY16_bin13 

adding gaussian constraint for prop_binY16_bin14 

adding gaussian constraint for prop_binY16_bin15 

adding difference constrain between prop_binY16_bin15 and prop_binY16_bin14 with sigma 0.77 

adding gaussian constraint for prop_binY16_bin16 

adding difference constrain between prop_binY16_bin16 and prop_binY16_bin13 with sigma 0.77 

adding gaussian constraint for prop_binY16_bin17 

adding difference constrain between prop_binY16_bin17 and prop_binY16_bin12 with sigma 0.77 

Channel Y17 will use autoMCStats with settings: event-threshold=0, include-signal=1, hist-mode=1
============================================================
Analysing bin errors for: prop_binY17
Poisson cut-off: 0
============================================================
Bin        Contents        Error           Notes                         
0          417.286708      16.242401       total sum                     
0          660.000000      25.690465       Unweighted events, alpha=0.632253
  => Total parameter prop_binY17_bin0[0.00,-7.00,7.00] to be gaussian constrained
------------------------------------------------------------
1          151.563643      3.826910        total sum                     
1          1569.000000     39.610605       Unweighted events, alpha=0.096599
  => Total parameter prop_binY17_bin1[0.00,-7.00,7.00] to be gaussian constrained
------------------------------------------------------------
2          172.255500      3.509661        total sum                     
2          2409.000000     49.081565       Unweighted events, alpha=0.071505
  => Total parameter prop_binY17_bin2[0.00,-7.00,7.00] to be gaussian constrained
------------------------------------------------------------
3          202.446439      3.479834        total sum                     
3          3385.000000     58.180753       Unweighted events, alpha=0.059807
  => Total parameter prop_binY17_bin3[0.00,-7.00,7.00] to be gaussian constrained
------------------------------------------------------------
4          239.186142      3.851341        total sum                     
4          3857.000000     62.104750       Unweighted events, alpha=0.062014
  => Total parameter prop_binY17_bin4[0.00,-7.00,7.00] to be gaussian constrained
------------------------------------------------------------
5          603.493680      16.259426       total sum                     
5          1378.000000     37.121422       Unweighted events, alpha=0.437949
  => Total parameter prop_binY17_bin5[0.00,-7.00,7.00] to be gaussian constrained
------------------------------------------------------------
6          105.311750      4.310273        total sum                     
6          597.000000      24.433583       Unweighted events, alpha=0.176402
  => Total parameter prop_binY17_bin6[0.00,-7.00,7.00] to be gaussian constrained
------------------------------------------------------------
7          43.623917       1.004864        total sum                     
7          1885.000000     43.416587       Unweighted events, alpha=0.023143
  => Total parameter prop_binY17_bin7[0.00,-7.00,7.00] to be gaussian constrained
------------------------------------------------------------
8          48.262676       0.958663        total sum                     
8          2534.000000     50.338852       Unweighted events, alpha=0.019046
  => Total parameter prop_binY17_bin8[0.00,-7.00,7.00] to be gaussian constrained
------------------------------------------------------------
9          57.617812       0.916247        total sum                     
9          3954.000000     62.880840       Unweighted events, alpha=0.014572
  => Total parameter prop_binY17_bin9[0.00,-7.00,7.00] to be gaussian constrained
------------------------------------------------------------
10         72.257702       0.984963        total sum                     
10         5382.000000     73.362116       Unweighted events, alpha=0.013426
  => Total parameter prop_binY17_bin10[0.00,-7.00,7.00] to be gaussian constrained
------------------------------------------------------------
11         177.137132      4.430221        total sum                     
11         1599.000000     39.987498       Unweighted events, alpha=0.110780
  => Total parameter prop_binY17_bin11[0.00,-7.00,7.00] to be gaussian constrained
------------------------------------------------------------
12         29.382619       1.516034        total sum                     
12         376.000000      19.390719       Unweighted events, alpha=0.078145
  => Total parameter prop_binY17_bin12[0.00,-7.00,7.00] to be gaussian constrained
------------------------------------------------------------
13         13.719463       0.395551        total sum                     
13         1203.000000     34.684290       Unweighted events, alpha=0.011404
  => Total parameter prop_binY17_bin13[0.00,-7.00,7.00] to be gaussian constrained
------------------------------------------------------------
14         15.702346       0.445602        total sum                     
14         1242.000000     35.242020       Unweighted events, alpha=0.012643
  => Total parameter prop_binY17_bin14[0.00,-7.00,7.00] to be gaussian constrained
------------------------------------------------------------
15         18.920344       0.321691        total sum                     
15         3459.000000     58.813264       Unweighted events, alpha=0.005470
  => Total parameter prop_binY17_bin15[0.00,-7.00,7.00] to be gaussian constrained
------------------------------------------------------------
16         23.432683       0.309047        total sum                     
16         5749.000000     75.822160       Unweighted events, alpha=0.004076
  => Total parameter prop_binY17_bin16[0.00,-7.00,7.00] to be gaussian constrained
------------------------------------------------------------
17         58.664291       1.681104        total sum                     
17         1218.000000     34.899857       Unweighted events, alpha=0.048164
  => Total parameter prop_binY17_bin17[0.00,-7.00,7.00] to be gaussian constrained
------------------------------------------------------------
adding gaussian constraint for prop_binY17_bin0 

adding gaussian constraint for prop_binY17_bin1 

adding gaussian constraint for prop_binY17_bin2 

adding gaussian constraint for prop_binY17_bin3 

adding difference constrain between prop_binY17_bin3 and prop_binY17_bin2 with sigma 0.77 

adding gaussian constraint for prop_binY17_bin4 

adding difference constrain between prop_binY17_bin4 and prop_binY17_bin1 with sigma 0.77 

adding gaussian constraint for prop_binY17_bin5 

adding difference constrain between prop_binY17_bin5 and prop_binY17_bin0 with sigma 0.77 

adding gaussian constraint for prop_binY17_bin6 

adding gaussian constraint for prop_binY17_bin7 

adding gaussian constraint for prop_binY17_bin8 

adding gaussian constraint for prop_binY17_bin9 

adding difference constrain between prop_binY17_bin9 and prop_binY17_bin8 with sigma 0.77 

adding gaussian constraint for prop_binY17_bin10 

adding difference constrain between prop_binY17_bin10 and prop_binY17_bin7 with sigma 0.77 

adding gaussian constraint for prop_binY17_bin11 

adding difference constrain between prop_binY17_bin11 and prop_binY17_bin6 with sigma 0.77 

adding gaussian constraint for prop_binY17_bin12 

adding gaussian constraint for prop_binY17_bin13 

adding gaussian constraint for prop_binY17_bin14 

adding gaussian constraint for prop_binY17_bin15 

adding difference constrain between prop_binY17_bin15 and prop_binY17_bin14 with sigma 0.77 

adding gaussian constraint for prop_binY17_bin16 

adding difference constrain between prop_binY17_bin16 and prop_binY17_bin13 with sigma 0.77 

adding gaussian constraint for prop_binY17_bin17 

adding difference constrain between prop_binY17_bin17 and prop_binY17_bin12 with sigma 0.77 

Channel Y18 will use autoMCStats with settings: event-threshold=0, include-signal=1, hist-mode=1
============================================================
Analysing bin errors for: prop_binY18
Poisson cut-off: 0
============================================================
Bin        Contents        Error           Notes                         
0          727.233819      28.171183       total sum                     
0          666.000000      25.806976       Unweighted events, alpha=1.091943
  => Total parameter prop_binY18_bin0[0.00,-7.00,7.00] to be gaussian constrained
------------------------------------------------------------
1          249.920992      4.992309        total sum                     
1          2506.000000     50.059964       Unweighted events, alpha=0.099729
  => Total parameter prop_binY18_bin1[0.00,-7.00,7.00] to be gaussian constrained
------------------------------------------------------------
2          273.859122      4.697232        total sum                     
2          3399.000000     58.300943       Unweighted events, alpha=0.080570
  => Total parameter prop_binY18_bin2[0.00,-7.00,7.00] to be gaussian constrained
------------------------------------------------------------
3          327.906047      4.712557        total sum                     
3          4842.000000     69.584481       Unweighted events, alpha=0.067721
  => Total parameter prop_binY18_bin3[0.00,-7.00,7.00] to be gaussian constrained
------------------------------------------------------------
4          399.086497      5.029632        total sum                     
4          6296.000000     79.347338       Unweighted events, alpha=0.063387
  => Total parameter prop_binY18_bin4[0.00,-7.00,7.00] to be gaussian constrained
------------------------------------------------------------
5          1069.720959     28.210167       total sum                     
5          1438.000000     37.920970       Unweighted events, alpha=0.743895
  => Total parameter prop_binY18_bin5[0.00,-7.00,7.00] to be gaussian constrained
------------------------------------------------------------
6          190.602289      9.333638        total sum                     
6          417.000000      20.420578       Unweighted events, alpha=0.457080
  => Total parameter prop_binY18_bin6[0.00,-7.00,7.00] to be gaussian constrained
------------------------------------------------------------
7          68.979701       1.208545        total sum                     
7          3258.000000     57.078893       Unweighted events, alpha=0.021172
  => Total parameter prop_binY18_bin7[0.00,-7.00,7.00] to be gaussian constrained
------------------------------------------------------------
8          73.429649       1.120097        total sum                     
8          4298.000000     65.559134       Unweighted events, alpha=0.017085
  => Total parameter prop_binY18_bin8[0.00,-7.00,7.00] to be gaussian constrained
------------------------------------------------------------
9          90.181272       1.144789        total sum                     
9          6206.000000     78.778170       Unweighted events, alpha=0.014531
  => Total parameter prop_binY18_bin9[0.00,-7.00,7.00] to be gaussian constrained
------------------------------------------------------------
10         114.280020      1.243095        total sum                     
10         8451.000000     91.929321       Unweighted events, alpha=0.013523
  => Total parameter prop_binY18_bin10[0.00,-7.00,7.00] to be gaussian constrained
------------------------------------------------------------
11         309.152567      9.372323        total sum                     
11         1088.000000     32.984845       Unweighted events, alpha=0.284148
  => Total parameter prop_binY18_bin11[0.00,-7.00,7.00] to be gaussian constrained
------------------------------------------------------------
12         53.447493       3.226190        total sum                     
12         274.000000      16.552945       Unweighted events, alpha=0.195064
  => Total parameter prop_binY18_bin12[0.00,-7.00,7.00] to be gaussian constrained
------------------------------------------------------------
13         21.659178       0.450363        total sum                     
13         2313.000000     48.093659       Unweighted events, alpha=0.009364
  => Total parameter prop_binY18_bin13[0.00,-7.00,7.00] to be gaussian constrained
------------------------------------------------------------
14         24.629860       0.401637        total sum                     
14         3761.000000     61.326992       Unweighted events, alpha=0.006549
  => Total parameter prop_binY18_bin14[0.00,-7.00,7.00] to be gaussian constrained
------------------------------------------------------------
15         30.427320       0.433201        total sum                     
15         4933.000000     70.235319       Unweighted events, alpha=0.006168
  => Total parameter prop_binY18_bin15[0.00,-7.00,7.00] to be gaussian constrained
------------------------------------------------------------
16         37.948683       0.478006        total sum                     
16         6303.000000     79.391435       Unweighted events, alpha=0.006021
  => Total parameter prop_binY18_bin16[0.00,-7.00,7.00] to be gaussian constrained
------------------------------------------------------------
17         104.219144      3.284126        total sum                     
17         1007.000000     31.733263       Unweighted events, alpha=0.103495
  => Total parameter prop_binY18_bin17[0.00,-7.00,7.00] to be gaussian constrained
------------------------------------------------------------
adding gaussian constraint for prop_binY18_bin0 

adding gaussian constraint for prop_binY18_bin1 

adding gaussian constraint for prop_binY18_bin2 

adding gaussian constraint for prop_binY18_bin3 

adding difference constrain between prop_binY18_bin3 and prop_binY18_bin2 with sigma 0.77 

adding gaussian constraint for prop_binY18_bin4 

adding difference constrain between prop_binY18_bin4 and prop_binY18_bin1 with sigma 0.77 

adding gaussian constraint for prop_binY18_bin5 

adding difference constrain between prop_binY18_bin5 and prop_binY18_bin0 with sigma 0.77 

adding gaussian constraint for prop_binY18_bin6 

adding gaussian constraint for prop_binY18_bin7 

adding gaussian constraint for prop_binY18_bin8 

adding gaussian constraint for prop_binY18_bin9 

adding difference constrain between prop_binY18_bin9 and prop_binY18_bin8 with sigma 0.77 

adding gaussian constraint for prop_binY18_bin10 

adding difference constrain between prop_binY18_bin10 and prop_binY18_bin7 with sigma 0.77 

adding gaussian constraint for prop_binY18_bin11 

adding difference constrain between prop_binY18_bin11 and prop_binY18_bin6 with sigma 0.77 

adding gaussian constraint for prop_binY18_bin12 

adding gaussian constraint for prop_binY18_bin13 

adding gaussian constraint for prop_binY18_bin14 

adding gaussian constraint for prop_binY18_bin15 

adding difference constrain between prop_binY18_bin15 and prop_binY18_bin14 with sigma 0.77 

adding gaussian constraint for prop_binY18_bin16 

adding difference constrain between prop_binY18_bin16 and prop_binY18_bin13 with sigma 0.77 

adding gaussian constraint for prop_binY18_bin17 

adding difference constrain between prop_binY18_bin17 and prop_binY18_bin12 with sigma 0.77 

Have POIs: ['yLQ2']
 <<< Combine >>> 
>>> random number generator seed is 123456
   Options for Robust Minimizer :: 
        Tolerance  0.1
        Strategy   0
        Type,Algo  Minuit2,Migrad
>>> method used is MultiDimFit
>>> 0 out of 3 channels masked

Warning! -- You haven't picked default values for the Parameters of Interest (either with --expectSignal or --setParameters) for generating toys. Combine will use the 'B-only' ModelConfig to generate, which may lead to undesired behaviour if not using the default Physics Model
SimNLL created with 3 channels, 0 generic constraints, 217 fast gaussian constraints, 0 fast poisson constraints, 0 fast group constraints, 

 --- MultiDimFit ---
best fit parameter values and profile-likelihood uncertainties: 
   yLQ2 :    -0.644   -1.303/+2.394 (68%)
Done in 0.28 min (cpu), 0.28 min (real)
>> combine -M MultiDimFit -n _initialFit_Test --algo singles --redefineSignalPOIs yLQ2 --robustFit 1 --X-rtd MINIMIZER_no_analytic -m 125 -d workspaces/ee_s_impacts_mLQ2000.root
Have POIs: ['yLQ2']
Have parameters: 1
 <<< Combine >>> 
>>> random number generator seed is 123456
>>> method used is MultiDimFit
>>> 0 out of 3 channels masked

Warning! -- You haven't picked default values for the Parameters of Interest (either with --expectSignal or --setParameters) for generating toys. Combine will use the 'B-only' ModelConfig to generate, which may lead to undesired behaviour if not using the default Physics Model
SimNLL created with 3 channels, 0 generic constraints, 217 fast gaussian constraints, 0 fast poisson constraints, 0 fast group constraints, 

 --- MultiDimFit ---
Parameter impacts: 
  Parameter :   Best-fit               yLQ2         
  dy_xsec   :   +0.006  -0.941/+0.942  +0.047/-0.046
Done in 0.05 min (cpu), 0.05 min (real)
Have POIs: ['yLQ2']
Have parameters: 1
Info in <TCanvas::Print>: pdf file ./impacts//ee_s_impacts_mLQ2000_plot_yLQ2_dyxsec_012323.pdf has been created
>> Doing page 0, have 1 parameters

 inside make_workspace()
Making workspace workspaces/mumu_s_impacts_mLQ2000.root LQ
nosys =False
Exec: cp card_templates/LQ_combined_fit_template_fake_dm.txt cards/combined_fit_y16_LQ.txt
Exec: sed -i "s/LBCV/  -  /g" cards/combined_fit_y16_LQ.txt
Exec: sed -i "s/LLSV/  -  /g" cards/combined_fit_y16_LQ.txt
Exec: sed -i "s/LDBV/1.004/g" cards/combined_fit_y16_LQ.txt
Exec: sed -i "s/LXYV/1.009/g" cards/combined_fit_y16_LQ.txt
Exec: sed -i "s/LGSV/1.004/g" cards/combined_fit_y16_LQ.txt
Exec: sed -i "s/LYRV/1.022/g" cards/combined_fit_y16_LQ.txt
Exec: sed -i "s/LUMIYR/LUMI16/g" cards/combined_fit_y16_LQ.txt
Exec: sed -i "s/YRC/16/g" cards/combined_fit_y16_LQ.txt
Exec: sed -i "s/YR/16/g" cards/combined_fit_y16_LQ.txt
Exec: sed -i "s/MASS/2000/g" cards/combined_fit_y16_LQ.txt
Exec: sed -i "s/QUARK/s/g" cards/combined_fit_y16_LQ.txt
Exec: sed -i "s/#prefire/prefire/g" cards/combined_fit_y16_LQ.txt
Exec: cp card_templates/LQ_combined_fit_template_fake_dm.txt cards/combined_fit_y17_LQ.txt
Exec: sed -i "s/LBCV/1.003/g" cards/combined_fit_y17_LQ.txt
Exec: sed -i "s/LLSV/1.003/g" cards/combined_fit_y17_LQ.txt
Exec: sed -i "s/LDBV/1.004/g" cards/combined_fit_y17_LQ.txt
Exec: sed -i "s/LXYV/1.009/g" cards/combined_fit_y17_LQ.txt
Exec: sed -i "s/LGSV/1.001/g" cards/combined_fit_y17_LQ.txt
Exec: sed -i "s/LYRV/1.020/g" cards/combined_fit_y17_LQ.txt
Exec: sed -i "s/LUMIYR/LUMI17/g" cards/combined_fit_y17_LQ.txt
Exec: sed -i "s/YRC/1718/g" cards/combined_fit_y17_LQ.txt
Exec: sed -i "s/YR/17/g" cards/combined_fit_y17_LQ.txt
Exec: sed -i "s/MASS/2000/g" cards/combined_fit_y17_LQ.txt
Exec: sed -i "s/QUARK/s/g" cards/combined_fit_y17_LQ.txt
Exec: sed -i "s/#prefire/prefire/g" cards/combined_fit_y17_LQ.txt
Exec: cp card_templates/LQ_combined_fit_template_fake_dm.txt cards/combined_fit_y18_LQ.txt
Exec: sed -i "s/LBCV/1.002/g" cards/combined_fit_y18_LQ.txt
Exec: sed -i "s/LLSV/1.002/g" cards/combined_fit_y18_LQ.txt
Exec: sed -i "s/LDBV/  -  /g" cards/combined_fit_y18_LQ.txt
Exec: sed -i "s/LXYV/1.020/g" cards/combined_fit_y18_LQ.txt
Exec: sed -i "s/LGSV/  -  /g" cards/combined_fit_y18_LQ.txt
Exec: sed -i "s/LYRV/1.015/g" cards/combined_fit_y18_LQ.txt
Exec: sed -i "s/LUMIYR/LUMI18/g" cards/combined_fit_y18_LQ.txt
Exec: sed -i "s/YRC/1718/g" cards/combined_fit_y18_LQ.txt
Exec: sed -i "s/YR/18/g" cards/combined_fit_y18_LQ.txt
Exec: sed -i "s/MASS/2000/g" cards/combined_fit_y18_LQ.txt
Exec: sed -i "s/QUARK/s/g" cards/combined_fit_y18_LQ.txt
Exec: combineCards.py Y16=cards/combined_fit_y16_LQ.txt Y17=cards/combined_fit_y17_LQ.txt Y18=cards/combined_fit_y18_LQ.txt > cards/combined_fit_LQ.txt
Exec: text2workspace.py cards/combined_fit_LQ.txt -P LQ_Analysis.DYAna.LQ_my_model:lq_ylq_sq -o workspaces/mumu_s_impacts_mLQ2000.root --channel-masks --symMCStats --sigma 0.774597
Num pars = 1 
dy_xsec
Exec: combineTool.py -M Impacts -m 125 -d workspaces/mumu_s_impacts_mLQ2000.root --doInitialFit --robustFit 1 --X-rtd MINIMIZER_no_analytic 
Exec: combineTool.py -M Impacts -m 125 -d workspaces/mumu_s_impacts_mLQ2000.root --doFits --named dy_xsec --parallel 10 --X-rtd MINIMIZER_no_analytic
Exec: combineTool.py -M Impacts -m 125 -d workspaces/mumu_s_impacts_mLQ2000.root -o impacts//mumu_s_impacts_mLQ2000.json --named dy_xsec
Exec: python scripts/my_plotImpacts.py -i impacts//mumu_s_impacts_mLQ2000.json -o impacts//mumu_s_impacts_mLQ2000_plot_yLQ2_dyxsec_012323 --POI yLQ2 --blind

 inside make_workspace()
Making workspace workspaces/ee_s_impacts_mLQ2000.root LQ
nosys =False
Exec: cp card_templates/LQ_combined_fit_template_fake_de.txt cards/combined_fit_y16_LQ.txt
Exec: sed -i "s/LBCV/  -  /g" cards/combined_fit_y16_LQ.txt
Exec: sed -i "s/LLSV/  -  /g" cards/combined_fit_y16_LQ.txt
Exec: sed -i "s/LDBV/1.004/g" cards/combined_fit_y16_LQ.txt
Exec: sed -i "s/LXYV/1.009/g" cards/combined_fit_y16_LQ.txt
Exec: sed -i "s/LGSV/1.004/g" cards/combined_fit_y16_LQ.txt
Exec: sed -i "s/LYRV/1.022/g" cards/combined_fit_y16_LQ.txt
Exec: sed -i "s/LUMIYR/LUMI16/g" cards/combined_fit_y16_LQ.txt
Exec: sed -i "s/YRC/16/g" cards/combined_fit_y16_LQ.txt
Exec: sed -i "s/YR/16/g" cards/combined_fit_y16_LQ.txt
Exec: sed -i "s/MASS/2000/g" cards/combined_fit_y16_LQ.txt
Exec: sed -i "s/QUARK/s/g" cards/combined_fit_y16_LQ.txt
Exec: sed -i "s/#prefire/prefire/g" cards/combined_fit_y16_LQ.txt
Exec: cp card_templates/LQ_combined_fit_template_fake_de.txt cards/combined_fit_y17_LQ.txt
Exec: sed -i "s/LBCV/1.003/g" cards/combined_fit_y17_LQ.txt
Exec: sed -i "s/LLSV/1.003/g" cards/combined_fit_y17_LQ.txt
Exec: sed -i "s/LDBV/1.004/g" cards/combined_fit_y17_LQ.txt
Exec: sed -i "s/LXYV/1.009/g" cards/combined_fit_y17_LQ.txt
Exec: sed -i "s/LGSV/1.001/g" cards/combined_fit_y17_LQ.txt
Exec: sed -i "s/LYRV/1.020/g" cards/combined_fit_y17_LQ.txt
Exec: sed -i "s/LUMIYR/LUMI17/g" cards/combined_fit_y17_LQ.txt
Exec: sed -i "s/YRC/1718/g" cards/combined_fit_y17_LQ.txt
Exec: sed -i "s/YR/17/g" cards/combined_fit_y17_LQ.txt
Exec: sed -i "s/MASS/2000/g" cards/combined_fit_y17_LQ.txt
Exec: sed -i "s/QUARK/s/g" cards/combined_fit_y17_LQ.txt
Exec: sed -i "s/#prefire/prefire/g" cards/combined_fit_y17_LQ.txt
Exec: cp card_templates/LQ_combined_fit_template_fake_de.txt cards/combined_fit_y18_LQ.txt
Exec: sed -i "s/LBCV/1.002/g" cards/combined_fit_y18_LQ.txt
Exec: sed -i "s/LLSV/1.002/g" cards/combined_fit_y18_LQ.txt
Exec: sed -i "s/LDBV/  -  /g" cards/combined_fit_y18_LQ.txt
Exec: sed -i "s/LXYV/1.020/g" cards/combined_fit_y18_LQ.txt
Exec: sed -i "s/LGSV/  -  /g" cards/combined_fit_y18_LQ.txt
Exec: sed -i "s/LYRV/1.015/g" cards/combined_fit_y18_LQ.txt
Exec: sed -i "s/LUMIYR/LUMI18/g" cards/combined_fit_y18_LQ.txt
Exec: sed -i "s/YRC/1718/g" cards/combined_fit_y18_LQ.txt
Exec: sed -i "s/YR/18/g" cards/combined_fit_y18_LQ.txt
Exec: sed -i "s/MASS/2000/g" cards/combined_fit_y18_LQ.txt
Exec: sed -i "s/QUARK/s/g" cards/combined_fit_y18_LQ.txt
Exec: combineCards.py Y16=cards/combined_fit_y16_LQ.txt Y17=cards/combined_fit_y17_LQ.txt Y18=cards/combined_fit_y18_LQ.txt > cards/combined_fit_LQ.txt
Exec: text2workspace.py cards/combined_fit_LQ.txt -P LQ_Analysis.DYAna.LQ_my_model:lq_ylq_sq -o workspaces/ee_s_impacts_mLQ2000.root --channel-masks --symMCStats --sigma 0.774597
Num pars = 1 
dy_xsec
Exec: combineTool.py -M Impacts -m 125 -d workspaces/ee_s_impacts_mLQ2000.root --doInitialFit --robustFit 1 --X-rtd MINIMIZER_no_analytic 
Exec: combineTool.py -M Impacts -m 125 -d workspaces/ee_s_impacts_mLQ2000.root --doFits --named dy_xsec --parallel 10 --X-rtd MINIMIZER_no_analytic
Exec: combineTool.py -M Impacts -m 125 -d workspaces/ee_s_impacts_mLQ2000.root -o impacts//ee_s_impacts_mLQ2000.json --named dy_xsec
Exec: python scripts/my_plotImpacts.py -i impacts//ee_s_impacts_mLQ2000.json -o impacts//ee_s_impacts_mLQ2000_plot_yLQ2_dyxsec_012323 --POI yLQ2 --blind
