rm: cannot remove 'condor_jobs/templ16_nonsys_020923_m5500': No such file or directory
Submitting job(s).
1 job(s) submitted to cluster 77485902.
Querying the CMS LPC pool and trying to find an available schedd...

Attempting to submit jobs to lpcschedd3.fnal.gov

Submitting 1 jobs from directory condor_jobs/templ16_nonsys_020923_m5500
Finished submitting
rm: cannot remove 'condor_jobs/templ17_nonsys_020923_m5500': No such file or directory
Submitting job(s).
1 job(s) submitted to cluster 77485903.
Querying the CMS LPC pool and trying to find an available schedd...

Attempting to submit jobs to lpcschedd3.fnal.gov

Submitting 1 jobs from directory condor_jobs/templ17_nonsys_020923_m5500
Finished submitting
rm: cannot remove 'condor_jobs/templ18_nonsys_020923_m5500': No such file or directory
Submitting job(s).
1 job(s) submitted to cluster 77485904.
Querying the CMS LPC pool and trying to find an available schedd...

Attempting to submit jobs to lpcschedd3.fnal.gov

Submitting 1 jobs from directory condor_jobs/templ18_nonsys_020923_m5500
Finished submitting
rm: cannot remove 'condor_jobs/templ16_nonsys_020923_m6000': No such file or directory
Submitting job(s).
1 job(s) submitted to cluster 77485905.
Querying the CMS LPC pool and trying to find an available schedd...

Attempting to submit jobs to lpcschedd3.fnal.gov

Submitting 1 jobs from directory condor_jobs/templ16_nonsys_020923_m6000
Finished submitting
rm: cannot remove 'condor_jobs/templ17_nonsys_020923_m6000': No such file or directory
Submitting job(s).
1 job(s) submitted to cluster 77485906.
Querying the CMS LPC pool and trying to find an available schedd...

Attempting to submit jobs to lpcschedd3.fnal.gov

Submitting 1 jobs from directory condor_jobs/templ17_nonsys_020923_m6000
Finished submitting
rm: cannot remove 'condor_jobs/templ18_nonsys_020923_m6000': No such file or directory
Submitting job(s).
1 job(s) submitted to cluster 77485907.
Querying the CMS LPC pool and trying to find an available schedd...

Attempting to submit jobs to lpcschedd3.fnal.gov

Submitting 1 jobs from directory condor_jobs/templ18_nonsys_020923_m6000
Finished submitting
rm: cannot remove 'condor_jobs/templ16_nonsys_020923_m6500': No such file or directory
Submitting job(s).
1 job(s) submitted to cluster 77485908.
Querying the CMS LPC pool and trying to find an available schedd...

Attempting to submit jobs to lpcschedd3.fnal.gov

Submitting 1 jobs from directory condor_jobs/templ16_nonsys_020923_m6500
Finished submitting
rm: cannot remove 'condor_jobs/templ17_nonsys_020923_m6500': No such file or directory
Submitting job(s).
1 job(s) submitted to cluster 77485909.
Querying the CMS LPC pool and trying to find an available schedd...

Attempting to submit jobs to lpcschedd3.fnal.gov

Submitting 1 jobs from directory condor_jobs/templ17_nonsys_020923_m6500
Finished submitting
rm: cannot remove 'condor_jobs/templ18_nonsys_020923_m6500': No such file or directory
Submitting job(s).
1 job(s) submitted to cluster 77485910.
Querying the CMS LPC pool and trying to find an available schedd...

Attempting to submit jobs to lpcschedd3.fnal.gov

Submitting 1 jobs from directory condor_jobs/templ18_nonsys_020923_m6500
Finished submitting
rm: cannot remove 'condor_jobs/templ16_nonsys_020923_m7000': No such file or directory
Submitting job(s).
1 job(s) submitted to cluster 77485911.
Querying the CMS LPC pool and trying to find an available schedd...

Attempting to submit jobs to lpcschedd3.fnal.gov

Submitting 1 jobs from directory condor_jobs/templ16_nonsys_020923_m7000
Finished submitting
rm: cannot remove 'condor_jobs/templ17_nonsys_020923_m7000': No such file or directory
Submitting job(s).
1 job(s) submitted to cluster 77485912.
Querying the CMS LPC pool and trying to find an available schedd...

Attempting to submit jobs to lpcschedd3.fnal.gov

Submitting 1 jobs from directory condor_jobs/templ17_nonsys_020923_m7000
Finished submitting
rm: cannot remove 'condor_jobs/templ18_nonsys_020923_m7000': No such file or directory
Submitting job(s).
1 job(s) submitted to cluster 77485917.
Querying the CMS LPC pool and trying to find an available schedd...

Attempting to submit jobs to lpcschedd3.fnal.gov

Submitting 1 jobs from directory condor_jobs/templ18_nonsys_020923_m7000
Finished submitting
rm: cannot remove 'condor_jobs/templ16_nonsys_020923_m7500': No such file or directory
Submitting job(s).
1 job(s) submitted to cluster 77485923.
Querying the CMS LPC pool and trying to find an available schedd...

Attempting to submit jobs to lpcschedd3.fnal.gov

Submitting 1 jobs from directory condor_jobs/templ16_nonsys_020923_m7500
Finished submitting
rm: cannot remove 'condor_jobs/templ17_nonsys_020923_m7500': No such file or directory
Submitting job(s).
1 job(s) submitted to cluster 77485927.
Querying the CMS LPC pool and trying to find an available schedd...

Attempting to submit jobs to lpcschedd3.fnal.gov

Submitting 1 jobs from directory condor_jobs/templ17_nonsys_020923_m7500
Finished submitting
rm: cannot remove 'condor_jobs/templ18_nonsys_020923_m7500': No such file or directory
Submitting job(s).
1 job(s) submitted to cluster 77485933.
Querying the CMS LPC pool and trying to find an available schedd...

Attempting to submit jobs to lpcschedd3.fnal.gov

Submitting 1 jobs from directory condor_jobs/templ18_nonsys_020923_m7500
Finished submitting
rm: cannot remove 'condor_jobs/templ16_nonsys_020923_m8000': No such file or directory
Submitting job(s).
1 job(s) submitted to cluster 77485939.
Querying the CMS LPC pool and trying to find an available schedd...

Attempting to submit jobs to lpcschedd3.fnal.gov

Submitting 1 jobs from directory condor_jobs/templ16_nonsys_020923_m8000
Finished submitting
rm: cannot remove 'condor_jobs/templ17_nonsys_020923_m8000': No such file or directory
Submitting job(s).
1 job(s) submitted to cluster 77485945.
Querying the CMS LPC pool and trying to find an available schedd...

Attempting to submit jobs to lpcschedd3.fnal.gov

Submitting 1 jobs from directory condor_jobs/templ17_nonsys_020923_m8000
Finished submitting
rm: cannot remove 'condor_jobs/templ18_nonsys_020923_m8000': No such file or directory
Submitting job(s).
1 job(s) submitted to cluster 77485949.
Querying the CMS LPC pool and trying to find an available schedd...

Attempting to submit jobs to lpcschedd3.fnal.gov

Submitting 1 jobs from directory condor_jobs/templ18_nonsys_020923_m8000
Finished submitting
rm: cannot remove 'condor_jobs/templ16_nonsys_020923_m8500': No such file or directory
Submitting job(s).
1 job(s) submitted to cluster 77485950.
Querying the CMS LPC pool and trying to find an available schedd...

Attempting to submit jobs to lpcschedd3.fnal.gov

Submitting 1 jobs from directory condor_jobs/templ16_nonsys_020923_m8500
Finished submitting
rm: cannot remove 'condor_jobs/templ17_nonsys_020923_m8500': No such file or directory
Submitting job(s).
1 job(s) submitted to cluster 77485955.
Querying the CMS LPC pool and trying to find an available schedd...

Attempting to submit jobs to lpcschedd3.fnal.gov

Submitting 1 jobs from directory condor_jobs/templ17_nonsys_020923_m8500
Finished submitting
rm: cannot remove 'condor_jobs/templ18_nonsys_020923_m8500': No such file or directory
Submitting job(s).
1 job(s) submitted to cluster 77485959.
Querying the CMS LPC pool and trying to find an available schedd...

Attempting to submit jobs to lpcschedd3.fnal.gov

Submitting 1 jobs from directory condor_jobs/templ18_nonsys_020923_m8500
Finished submitting
rm: cannot remove 'condor_jobs/templ16_nonsys_020923_m9000': No such file or directory
Submitting job(s).
1 job(s) submitted to cluster 77485965.
Querying the CMS LPC pool and trying to find an available schedd...

Attempting to submit jobs to lpcschedd3.fnal.gov

Submitting 1 jobs from directory condor_jobs/templ16_nonsys_020923_m9000
Finished submitting
rm: cannot remove 'condor_jobs/templ17_nonsys_020923_m9000': No such file or directory
Submitting job(s).
1 job(s) submitted to cluster 77485969.
Querying the CMS LPC pool and trying to find an available schedd...

Attempting to submit jobs to lpcschedd3.fnal.gov

Submitting 1 jobs from directory condor_jobs/templ17_nonsys_020923_m9000
Finished submitting
rm: cannot remove 'condor_jobs/templ18_nonsys_020923_m9000': No such file or directory
Submitting job(s).
1 job(s) submitted to cluster 77485975.
Querying the CMS LPC pool and trying to find an available schedd...

Attempting to submit jobs to lpcschedd3.fnal.gov

Submitting 1 jobs from directory condor_jobs/templ18_nonsys_020923_m9000
Finished submitting
cp scripts/LQ_nonsys_template.sh scripts/script2.sh
sed -i  s/YEAR/2016/g scripts/script2.sh
sed -i  s/MASS/5500/g scripts/script2.sh
chmod +x scripts/script2.sh
python LQ_doCondor.py --njobs 1 --combine --sub  -s scripts/script2.sh -n templ16_nonsys_020923_m5500
rm scripts/script2.sh
cp scripts/LQ_nonsys_template.sh scripts/script2.sh
sed -i  s/YEAR/2017/g scripts/script2.sh
sed -i  s/MASS/5500/g scripts/script2.sh
chmod +x scripts/script2.sh
python LQ_doCondor.py --njobs 1 --combine --sub  -s scripts/script2.sh -n templ17_nonsys_020923_m5500
rm scripts/script2.sh
cp scripts/LQ_nonsys_template.sh scripts/script2.sh
sed -i  s/YEAR/2018/g scripts/script2.sh
sed -i  s/MASS/5500/g scripts/script2.sh
chmod +x scripts/script2.sh
python LQ_doCondor.py --njobs 1 --combine --sub  -s scripts/script2.sh -n templ18_nonsys_020923_m5500
rm scripts/script2.sh
cp scripts/LQ_nonsys_template.sh scripts/script2.sh
sed -i  s/YEAR/2016/g scripts/script2.sh
sed -i  s/MASS/6000/g scripts/script2.sh
chmod +x scripts/script2.sh
python LQ_doCondor.py --njobs 1 --combine --sub  -s scripts/script2.sh -n templ16_nonsys_020923_m6000
rm scripts/script2.sh
cp scripts/LQ_nonsys_template.sh scripts/script2.sh
sed -i  s/YEAR/2017/g scripts/script2.sh
sed -i  s/MASS/6000/g scripts/script2.sh
chmod +x scripts/script2.sh
python LQ_doCondor.py --njobs 1 --combine --sub  -s scripts/script2.sh -n templ17_nonsys_020923_m6000
rm scripts/script2.sh
cp scripts/LQ_nonsys_template.sh scripts/script2.sh
sed -i  s/YEAR/2018/g scripts/script2.sh
sed -i  s/MASS/6000/g scripts/script2.sh
chmod +x scripts/script2.sh
python LQ_doCondor.py --njobs 1 --combine --sub  -s scripts/script2.sh -n templ18_nonsys_020923_m6000
rm scripts/script2.sh
cp scripts/LQ_nonsys_template.sh scripts/script2.sh
sed -i  s/YEAR/2016/g scripts/script2.sh
sed -i  s/MASS/6500/g scripts/script2.sh
chmod +x scripts/script2.sh
python LQ_doCondor.py --njobs 1 --combine --sub  -s scripts/script2.sh -n templ16_nonsys_020923_m6500
rm scripts/script2.sh
cp scripts/LQ_nonsys_template.sh scripts/script2.sh
sed -i  s/YEAR/2017/g scripts/script2.sh
sed -i  s/MASS/6500/g scripts/script2.sh
chmod +x scripts/script2.sh
python LQ_doCondor.py --njobs 1 --combine --sub  -s scripts/script2.sh -n templ17_nonsys_020923_m6500
rm scripts/script2.sh
cp scripts/LQ_nonsys_template.sh scripts/script2.sh
sed -i  s/YEAR/2018/g scripts/script2.sh
sed -i  s/MASS/6500/g scripts/script2.sh
chmod +x scripts/script2.sh
python LQ_doCondor.py --njobs 1 --combine --sub  -s scripts/script2.sh -n templ18_nonsys_020923_m6500
rm scripts/script2.sh
cp scripts/LQ_nonsys_template.sh scripts/script2.sh
sed -i  s/YEAR/2016/g scripts/script2.sh
sed -i  s/MASS/7000/g scripts/script2.sh
chmod +x scripts/script2.sh
python LQ_doCondor.py --njobs 1 --combine --sub  -s scripts/script2.sh -n templ16_nonsys_020923_m7000
rm scripts/script2.sh
cp scripts/LQ_nonsys_template.sh scripts/script2.sh
sed -i  s/YEAR/2017/g scripts/script2.sh
sed -i  s/MASS/7000/g scripts/script2.sh
chmod +x scripts/script2.sh
python LQ_doCondor.py --njobs 1 --combine --sub  -s scripts/script2.sh -n templ17_nonsys_020923_m7000
rm scripts/script2.sh
cp scripts/LQ_nonsys_template.sh scripts/script2.sh
sed -i  s/YEAR/2018/g scripts/script2.sh
sed -i  s/MASS/7000/g scripts/script2.sh
chmod +x scripts/script2.sh
python LQ_doCondor.py --njobs 1 --combine --sub  -s scripts/script2.sh -n templ18_nonsys_020923_m7000
rm scripts/script2.sh
cp scripts/LQ_nonsys_template.sh scripts/script2.sh
sed -i  s/YEAR/2016/g scripts/script2.sh
sed -i  s/MASS/7500/g scripts/script2.sh
chmod +x scripts/script2.sh
python LQ_doCondor.py --njobs 1 --combine --sub  -s scripts/script2.sh -n templ16_nonsys_020923_m7500
rm scripts/script2.sh
cp scripts/LQ_nonsys_template.sh scripts/script2.sh
sed -i  s/YEAR/2017/g scripts/script2.sh
sed -i  s/MASS/7500/g scripts/script2.sh
chmod +x scripts/script2.sh
python LQ_doCondor.py --njobs 1 --combine --sub  -s scripts/script2.sh -n templ17_nonsys_020923_m7500
rm scripts/script2.sh
cp scripts/LQ_nonsys_template.sh scripts/script2.sh
sed -i  s/YEAR/2018/g scripts/script2.sh
sed -i  s/MASS/7500/g scripts/script2.sh
chmod +x scripts/script2.sh
python LQ_doCondor.py --njobs 1 --combine --sub  -s scripts/script2.sh -n templ18_nonsys_020923_m7500
rm scripts/script2.sh
cp scripts/LQ_nonsys_template.sh scripts/script2.sh
sed -i  s/YEAR/2016/g scripts/script2.sh
sed -i  s/MASS/8000/g scripts/script2.sh
chmod +x scripts/script2.sh
python LQ_doCondor.py --njobs 1 --combine --sub  -s scripts/script2.sh -n templ16_nonsys_020923_m8000
rm scripts/script2.sh
cp scripts/LQ_nonsys_template.sh scripts/script2.sh
sed -i  s/YEAR/2017/g scripts/script2.sh
sed -i  s/MASS/8000/g scripts/script2.sh
chmod +x scripts/script2.sh
python LQ_doCondor.py --njobs 1 --combine --sub  -s scripts/script2.sh -n templ17_nonsys_020923_m8000
rm scripts/script2.sh
cp scripts/LQ_nonsys_template.sh scripts/script2.sh
sed -i  s/YEAR/2018/g scripts/script2.sh
sed -i  s/MASS/8000/g scripts/script2.sh
chmod +x scripts/script2.sh
python LQ_doCondor.py --njobs 1 --combine --sub  -s scripts/script2.sh -n templ18_nonsys_020923_m8000
rm scripts/script2.sh
cp scripts/LQ_nonsys_template.sh scripts/script2.sh
sed -i  s/YEAR/2016/g scripts/script2.sh
sed -i  s/MASS/8500/g scripts/script2.sh
chmod +x scripts/script2.sh
python LQ_doCondor.py --njobs 1 --combine --sub  -s scripts/script2.sh -n templ16_nonsys_020923_m8500
rm scripts/script2.sh
cp scripts/LQ_nonsys_template.sh scripts/script2.sh
sed -i  s/YEAR/2017/g scripts/script2.sh
sed -i  s/MASS/8500/g scripts/script2.sh
chmod +x scripts/script2.sh
python LQ_doCondor.py --njobs 1 --combine --sub  -s scripts/script2.sh -n templ17_nonsys_020923_m8500
rm scripts/script2.sh
cp scripts/LQ_nonsys_template.sh scripts/script2.sh
sed -i  s/YEAR/2018/g scripts/script2.sh
sed -i  s/MASS/8500/g scripts/script2.sh
chmod +x scripts/script2.sh
python LQ_doCondor.py --njobs 1 --combine --sub  -s scripts/script2.sh -n templ18_nonsys_020923_m8500
rm scripts/script2.sh
cp scripts/LQ_nonsys_template.sh scripts/script2.sh
sed -i  s/YEAR/2016/g scripts/script2.sh
sed -i  s/MASS/9000/g scripts/script2.sh
chmod +x scripts/script2.sh
python LQ_doCondor.py --njobs 1 --combine --sub  -s scripts/script2.sh -n templ16_nonsys_020923_m9000
rm scripts/script2.sh
cp scripts/LQ_nonsys_template.sh scripts/script2.sh
sed -i  s/YEAR/2017/g scripts/script2.sh
sed -i  s/MASS/9000/g scripts/script2.sh
chmod +x scripts/script2.sh
python LQ_doCondor.py --njobs 1 --combine --sub  -s scripts/script2.sh -n templ17_nonsys_020923_m9000
rm scripts/script2.sh
cp scripts/LQ_nonsys_template.sh scripts/script2.sh
sed -i  s/YEAR/2018/g scripts/script2.sh
sed -i  s/MASS/9000/g scripts/script2.sh
chmod +x scripts/script2.sh
python LQ_doCondor.py --njobs 1 --combine --sub  -s scripts/script2.sh -n templ18_nonsys_020923_m9000
rm scripts/script2.sh
